[3.850s] Invoking command in '/home/seano/resource_git/seano-logger/src/seano_sensors': PYTHONPATH=/home/seano/resource_git/seano-logger/build/seano_sensors/prefix_override:/usr/lib/python3/dist-packages/colcon_core/task/python/colcon_distutils_commands:/home/seano/resource_git/seano-logger/install/seano_sensors/lib/python3.10/site-packages:${PYTHONPATH} /usr/bin/python3 -W ignore:setup.py install is deprecated -W ignore:easy_install command is deprecated setup.py egg_info --egg-base ../../build/seano_sensors build --build-base /home/seano/resource_git/seano-logger/build/seano_sensors/build install --record /home/seano/resource_git/seano-logger/build/seano_sensors/install.log --single-version-externally-managed install_data
[5.006s] running egg_info
[5.051s] writing ../../build/seano_sensors/seano_sensors.egg-info/PKG-INFO
[5.054s] writing dependency_links to ../../build/seano_sensors/seano_sensors.egg-info/dependency_links.txt
[5.055s] writing entry points to ../../build/seano_sensors/seano_sensors.egg-info/entry_points.txt
[5.055s] writing requirements to ../../build/seano_sensors/seano_sensors.egg-info/requires.txt
[5.056s] writing top-level names to ../../build/seano_sensors/seano_sensors.egg-info/top_level.txt
[5.156s] reading manifest file '../../build/seano_sensors/seano_sensors.egg-info/SOURCES.txt'
[5.166s] writing manifest file '../../build/seano_sensors/seano_sensors.egg-info/SOURCES.txt'
[5.170s] running build
[5.170s] running build_py
[5.170s] copying seano_sensors/gps_reader.py -> /home/seano/resource_git/seano-logger/build/seano_sensors/build/lib/seano_sensors
[5.172s] copying seano_sensors/battery_reader.py -> /home/seano/resource_git/seano-logger/build/seano_sensors/build/lib/seano_sensors
[5.174s] copying seano_sensors/imu_reader.py -> /home/seano/resource_git/seano-logger/build/seano_sensors/build/lib/seano_sensors
[5.175s] copying seano_sensors/mission_state_reader_node.py -> /home/seano/resource_git/seano-logger/build/seano_sensors/build/lib/seano_sensors
[5.177s] copying seano_sensors/video_logger_node.py -> /home/seano/resource_git/seano-logger/build/seano_sensors/build/lib/seano_sensors
[5.179s] copying seano_sensors/ctd_adcp_reader.py -> /home/seano/resource_git/seano-logger/build/seano_sensors/build/lib/seano_sensors
[5.180s] copying seano_sensors/__init__.py -> /home/seano/resource_git/seano-logger/build/seano_sensors/build/lib/seano_sensors
[5.182s] running install
[5.194s] running install_lib
[5.245s] copying /home/seano/resource_git/seano-logger/build/seano_sensors/build/lib/seano_sensors/video_logger_node.py -> /home/seano/resource_git/seano-logger/install/seano_sensors/lib/python3.10/site-packages/seano_sensors
[5.250s] byte-compiling /home/seano/resource_git/seano-logger/install/seano_sensors/lib/python3.10/site-packages/seano_sensors/video_logger_node.py to video_logger_node.cpython-310.pyc
[5.272s] running install_data
[5.272s] copying resource/seano_sensors -> /home/seano/resource_git/seano-logger/install/seano_sensors/share/ament_index/resource_index/packages
[5.273s] copying package.xml -> /home/seano/resource_git/seano-logger/install/seano_sensors/share/seano_sensors
[5.275s] running install_egg_info
[5.335s] removing '/home/seano/resource_git/seano-logger/install/seano_sensors/lib/python3.10/site-packages/seano_sensors-0.0.0-py3.10.egg-info' (and everything under it)
[5.336s] Copying ../../build/seano_sensors/seano_sensors.egg-info to /home/seano/resource_git/seano-logger/install/seano_sensors/lib/python3.10/site-packages/seano_sensors-0.0.0-py3.10.egg-info
[5.346s] running install_scripts
[5.704s] Installing battery_reader script to /home/seano/resource_git/seano-logger/install/seano_sensors/lib/seano_sensors
[5.704s] Installing ctd_adcp_reader script to /home/seano/resource_git/seano-logger/install/seano_sensors/lib/seano_sensors
[5.705s] Installing gps_reader script to /home/seano/resource_git/seano-logger/install/seano_sensors/lib/seano_sensors
[5.705s] Installing imu_reader script to /home/seano/resource_git/seano-logger/install/seano_sensors/lib/seano_sensors
[5.705s] Installing mission_state_reader_node script to /home/seano/resource_git/seano-logger/install/seano_sensors/lib/seano_sensors
[5.705s] Installing video_logger_node script to /home/seano/resource_git/seano-logger/install/seano_sensors/lib/seano_sensors
[5.706s] writing list of installed files to '/home/seano/resource_git/seano-logger/build/seano_sensors/install.log'
[5.911s] Invoked command in '/home/seano/resource_git/seano-logger/src/seano_sensors' returned '0': PYTHONPATH=/home/seano/resource_git/seano-logger/build/seano_sensors/prefix_override:/usr/lib/python3/dist-packages/colcon_core/task/python/colcon_distutils_commands:/home/seano/resource_git/seano-logger/install/seano_sensors/lib/python3.10/site-packages:${PYTHONPATH} /usr/bin/python3 -W ignore:setup.py install is deprecated -W ignore:easy_install command is deprecated setup.py egg_info --egg-base ../../build/seano_sensors build --build-base /home/seano/resource_git/seano-logger/build/seano_sensors/build install --record /home/seano/resource_git/seano-logger/build/seano_sensors/install.log --single-version-externally-managed install_data
