[0.987s] Invoking command in '/home/raihan/seano_ws/src/build/seano_sensors': PYTHONPATH=/home/raihan/seano_ws/src/build/seano_sensors/prefix_override:/usr/lib/python3/dist-packages/colcon_core/task/python/colcon_distutils_commands:/home/raihan/seano_ws/src/install/seano_sensors/lib/python3.10/site-packages:${PYTHONPATH} /usr/bin/python3 -W ignore:setup.py install is deprecated -W ignore:easy_install command is deprecated setup.py develop --editable --build-directory /home/raihan/seano_ws/src/build/seano_sensors/build --no-deps symlink_data
[1.399s] running develop
[1.647s] running egg_info
[1.647s] writing seano_sensors.egg-info/PKG-INFO
[1.648s] writing dependency_links to seano_sensors.egg-info/dependency_links.txt
[1.648s] writing entry points to seano_sensors.egg-info/entry_points.txt
[1.648s] writing requirements to seano_sensors.egg-info/requires.txt
[1.649s] writing top-level names to seano_sensors.egg-info/top_level.txt
[1.652s] reading manifest file 'seano_sensors.egg-info/SOURCES.txt'
[1.654s] writing manifest file 'seano_sensors.egg-info/SOURCES.txt'
[1.657s] running build_ext
[1.657s] Creating /home/raihan/seano_ws/src/install/seano_sensors/lib/python3.10/site-packages/seano-sensors.egg-link (link to .)
[1.659s] Installing adcp_reader script to /home/raihan/seano_ws/src/install/seano_sensors/lib/seano_sensors
[1.659s] Installing ctd_reader script to /home/raihan/seano_ws/src/install/seano_sensors/lib/seano_sensors
[1.659s] Installing gps_reader script to /home/raihan/seano_ws/src/install/seano_sensors/lib/seano_sensors
[1.659s] Installing imu_reader script to /home/raihan/seano_ws/src/install/seano_sensors/lib/seano_sensors
[1.660s] 
[1.660s] Installed /home/raihan/seano_ws/src/build/seano_sensors
[1.660s] running symlink_data
[1.702s] Invoked command in '/home/raihan/seano_ws/src/build/seano_sensors' returned '0': PYTHONPATH=/home/raihan/seano_ws/src/build/seano_sensors/prefix_override:/usr/lib/python3/dist-packages/colcon_core/task/python/colcon_distutils_commands:/home/raihan/seano_ws/src/install/seano_sensors/lib/python3.10/site-packages:${PYTHONPATH} /usr/bin/python3 -W ignore:setup.py install is deprecated -W ignore:easy_install command is deprecated setup.py develop --editable --build-directory /home/raihan/seano_ws/src/build/seano_sensors/build --no-deps symlink_data
