[2.553s] Invoking command in '/home/seano/resource_git/seano-logger/build/seano_logger': PYTHONPATH=/home/seano/resource_git/seano-logger/build/seano_logger/prefix_override:/usr/lib/python3/dist-packages/colcon_core/task/python/colcon_distutils_commands:/home/seano/resource_git/seano-logger/install/seano_logger/lib/python3.10/site-packages:${PYTHONPATH} /usr/bin/python3 -W ignore:setup.py install is deprecated -W ignore:easy_install command is deprecated setup.py develop --editable --build-directory /home/seano/resource_git/seano-logger/build/seano_logger/build --no-deps symlink_data --force
[3.446s] running develop
[4.060s] running egg_info
[4.099s] writing seano_logger.egg-info/PKG-INFO
[4.102s] writing dependency_links to seano_logger.egg-info/dependency_links.txt
[4.103s] writing entry points to seano_logger.egg-info/entry_points.txt
[4.105s] writing requirements to seano_logger.egg-info/requires.txt
[4.106s] writing top-level names to seano_logger.egg-info/top_level.txt
[4.245s] reading manifest file 'seano_logger.egg-info/SOURCES.txt'
[4.251s] writing manifest file 'seano_logger.egg-info/SOURCES.txt'
[4.297s] running build_ext
[4.297s] Creating /home/seano/resource_git/seano-logger/install/seano_logger/lib/python3.10/site-packages/seano-logger.egg-link (link to .)
[4.298s] Installing logger_node script to /home/seano/resource_git/seano-logger/install/seano_logger/lib/seano_logger
[4.299s] 
[4.299s] Installed /home/seano/resource_git/seano-logger/build/seano_logger
[4.299s] running symlink_data
[4.300s] symbolically linking /home/seano/resource_git/seano-logger/build/seano_logger/resource/seano_logger -> /home/seano/resource_git/seano-logger/install/seano_logger/share/ament_index/resource_index/packages
[4.301s] symbolically linking /home/seano/resource_git/seano-logger/build/seano_logger/package.xml -> /home/seano/resource_git/seano-logger/install/seano_logger/share/seano_logger
[4.308s] symbolically linking /home/seano/resource_git/seano-logger/build/seano_logger/launch/seano_all.launch.py -> /home/seano/resource_git/seano-logger/install/seano_logger/share/seano_logger/launch
[4.491s] Invoked command in '/home/seano/resource_git/seano-logger/build/seano_logger' returned '0': PYTHONPATH=/home/seano/resource_git/seano-logger/build/seano_logger/prefix_override:/usr/lib/python3/dist-packages/colcon_core/task/python/colcon_distutils_commands:/home/seano/resource_git/seano-logger/install/seano_logger/lib/python3.10/site-packages:${PYTHONPATH} /usr/bin/python3 -W ignore:setup.py install is deprecated -W ignore:easy_install command is deprecated setup.py develop --editable --build-directory /home/seano/resource_git/seano-logger/build/seano_logger/build --no-deps symlink_data --force
