[0.376s] DEBUG:colcon:Command line arguments: ['/usr/bin/colcon', 'build']
[0.376s] DEBUG:colcon:Parsed command line arguments: Namespace(log_base=None, log_level=None, verb_name='build', build_base='build', install_base='install', merge_install=False, symlink_install=False, test_result_base=None, continue_on_error=False, executor='parallel', parallel_workers=6, event_handlers=None, ignore_user_meta=False, metas=['./colcon.meta'], base_paths=['.'], packages_ignore=None, packages_ignore_regex=None, paths=None, packages_up_to=None, packages_up_to_regex=None, packages_above=None, packages_above_and_dependencies=None, packages_above_depth=None, packages_select_by_dep=None, packages_skip_by_dep=None, packages_skip_up_to=None, packages_select_build_failed=False, packages_skip_build_finished=False, packages_select_test_failures=False, packages_skip_test_passed=False, packages_select=None, packages_skip=None, packages_select_regex=None, packages_skip_regex=None, packages_start=None, packages_end=None, allow_overriding=[], cmake_args=None, cmake_target=None, cmake_target_skip_unavailable=False, cmake_clean_cache=False, cmake_clean_first=False, cmake_force_configure=False, ament_cmake_args=None, catkin_cmake_args=None, catkin_skip_building_tests=False, verb_parser=<colcon_defaults.argument_parser.defaults.DefaultArgumentsDecorator object at 0xffffbc4f1930>, verb_extension=<colcon_core.verb.build.BuildVerb object at 0xffffbc6af490>, main=<bound method BuildVerb.main of <colcon_core.verb.build.BuildVerb object at 0xffffbc6af490>>)
[0.505s] Level 1:colcon.colcon_core.package_discovery:discover_packages(colcon_meta) check parameters
[0.506s] Level 1:colcon.colcon_core.package_discovery:discover_packages(recursive) check parameters
[0.506s] Level 1:colcon.colcon_core.package_discovery:discover_packages(ignore) check parameters
[0.506s] Level 1:colcon.colcon_core.package_discovery:discover_packages(path) check parameters
[0.507s] Level 1:colcon.colcon_core.package_discovery:discover_packages(colcon_meta) discover
[0.507s] Level 1:colcon.colcon_core.package_discovery:discover_packages(recursive) discover
[0.507s] INFO:colcon.colcon_core.package_discovery:Crawling recursively for packages in '/home/seano/resource_git/seano-logger'
[0.508s] Level 1:colcon.colcon_core.package_identification:_identify(.) by extensions ['ignore', 'ignore_ament_install']
[0.509s] Level 1:colcon.colcon_core.package_identification:_identify(.) by extension 'ignore'
[0.509s] Level 1:colcon.colcon_core.package_identification:_identify(.) by extension 'ignore_ament_install'
[0.509s] Level 1:colcon.colcon_core.package_identification:_identify(.) by extensions ['colcon_pkg']
[0.509s] Level 1:colcon.colcon_core.package_identification:_identify(.) by extension 'colcon_pkg'
[0.510s] Level 1:colcon.colcon_core.package_identification:_identify(.) by extensions ['colcon_meta']
[0.510s] Level 1:colcon.colcon_core.package_identification:_identify(.) by extension 'colcon_meta'
[0.510s] Level 1:colcon.colcon_core.package_identification:_identify(.) by extensions ['ros']
[0.511s] Level 1:colcon.colcon_core.package_identification:_identify(.) by extension 'ros'
[0.554s] Level 1:colcon.colcon_core.package_identification:_identify(.) by extensions ['cmake', 'python']
[0.555s] Level 1:colcon.colcon_core.package_identification:_identify(.) by extension 'cmake'
[0.555s] Level 1:colcon.colcon_core.package_identification:_identify(.) by extension 'python'
[0.556s] Level 1:colcon.colcon_core.package_identification:_identify(.) by extensions ['python_setup_py']
[0.556s] Level 1:colcon.colcon_core.package_identification:_identify(.) by extension 'python_setup_py'
[0.557s] Level 1:colcon.colcon_core.package_identification:_identify(build) by extensions ['ignore', 'ignore_ament_install']
[0.557s] Level 1:colcon.colcon_core.package_identification:_identify(build) by extension 'ignore'
[0.557s] Level 1:colcon.colcon_core.package_identification:_identify(build) ignored
[0.558s] Level 1:colcon.colcon_core.package_identification:_identify(install) by extensions ['ignore', 'ignore_ament_install']
[0.559s] Level 1:colcon.colcon_core.package_identification:_identify(install) by extension 'ignore'
[0.559s] Level 1:colcon.colcon_core.package_identification:_identify(install) ignored
[0.559s] Level 1:colcon.colcon_core.package_identification:_identify(log) by extensions ['ignore', 'ignore_ament_install']
[0.560s] Level 1:colcon.colcon_core.package_identification:_identify(log) by extension 'ignore'
[0.560s] Level 1:colcon.colcon_core.package_identification:_identify(log) ignored
[0.560s] Level 1:colcon.colcon_core.package_identification:_identify(src) by extensions ['ignore', 'ignore_ament_install']
[0.561s] Level 1:colcon.colcon_core.package_identification:_identify(src) by extension 'ignore'
[0.561s] Level 1:colcon.colcon_core.package_identification:_identify(src) by extension 'ignore_ament_install'
[0.561s] Level 1:colcon.colcon_core.package_identification:_identify(src) by extensions ['colcon_pkg']
[0.562s] Level 1:colcon.colcon_core.package_identification:_identify(src) by extension 'colcon_pkg'
[0.562s] Level 1:colcon.colcon_core.package_identification:_identify(src) by extensions ['colcon_meta']
[0.562s] Level 1:colcon.colcon_core.package_identification:_identify(src) by extension 'colcon_meta'
[0.562s] Level 1:colcon.colcon_core.package_identification:_identify(src) by extensions ['ros']
[0.563s] Level 1:colcon.colcon_core.package_identification:_identify(src) by extension 'ros'
[0.563s] Level 1:colcon.colcon_core.package_identification:_identify(src) by extensions ['cmake', 'python']
[0.563s] Level 1:colcon.colcon_core.package_identification:_identify(src) by extension 'cmake'
[0.564s] Level 1:colcon.colcon_core.package_identification:_identify(src) by extension 'python'
[0.564s] Level 1:colcon.colcon_core.package_identification:_identify(src) by extensions ['python_setup_py']
[0.564s] Level 1:colcon.colcon_core.package_identification:_identify(src) by extension 'python_setup_py'
[0.565s] Level 1:colcon.colcon_core.package_identification:_identify(src/build) by extensions ['ignore', 'ignore_ament_install']
[0.565s] Level 1:colcon.colcon_core.package_identification:_identify(src/build) by extension 'ignore'
[0.565s] Level 1:colcon.colcon_core.package_identification:_identify(src/build) ignored
[0.566s] Level 1:colcon.colcon_core.package_identification:_identify(src/install) by extensions ['ignore', 'ignore_ament_install']
[0.566s] Level 1:colcon.colcon_core.package_identification:_identify(src/install) by extension 'ignore'
[0.566s] Level 1:colcon.colcon_core.package_identification:_identify(src/install) ignored
[0.567s] Level 1:colcon.colcon_core.package_identification:_identify(src/log) by extensions ['ignore', 'ignore_ament_install']
[0.567s] Level 1:colcon.colcon_core.package_identification:_identify(src/log) by extension 'ignore'
[0.567s] Level 1:colcon.colcon_core.package_identification:_identify(src/log) ignored
[0.568s] Level 1:colcon.colcon_core.package_identification:_identify(src/seano_logger) by extensions ['ignore', 'ignore_ament_install']
[0.568s] Level 1:colcon.colcon_core.package_identification:_identify(src/seano_logger) by extension 'ignore'
[0.568s] Level 1:colcon.colcon_core.package_identification:_identify(src/seano_logger) by extension 'ignore_ament_install'
[0.569s] Level 1:colcon.colcon_core.package_identification:_identify(src/seano_logger) by extensions ['colcon_pkg']
[0.569s] Level 1:colcon.colcon_core.package_identification:_identify(src/seano_logger) by extension 'colcon_pkg'
[0.569s] Level 1:colcon.colcon_core.package_identification:_identify(src/seano_logger) by extensions ['colcon_meta']
[0.569s] Level 1:colcon.colcon_core.package_identification:_identify(src/seano_logger) by extension 'colcon_meta'
[0.570s] Level 1:colcon.colcon_core.package_identification:_identify(src/seano_logger) by extensions ['ros']
[0.570s] Level 1:colcon.colcon_core.package_identification:_identify(src/seano_logger) by extension 'ros'
[0.577s] DEBUG:colcon.colcon_core.package_identification:Package 'src/seano_logger' with type 'ros.ament_python' and name 'seano_logger'
[0.578s] Level 1:colcon.colcon_core.package_identification:_identify(src/seano_sensors) by extensions ['ignore', 'ignore_ament_install']
[0.579s] Level 1:colcon.colcon_core.package_identification:_identify(src/seano_sensors) by extension 'ignore'
[0.579s] Level 1:colcon.colcon_core.package_identification:_identify(src/seano_sensors) by extension 'ignore_ament_install'
[0.580s] Level 1:colcon.colcon_core.package_identification:_identify(src/seano_sensors) by extensions ['colcon_pkg']
[0.580s] Level 1:colcon.colcon_core.package_identification:_identify(src/seano_sensors) by extension 'colcon_pkg'
[0.580s] Level 1:colcon.colcon_core.package_identification:_identify(src/seano_sensors) by extensions ['colcon_meta']
[0.580s] Level 1:colcon.colcon_core.package_identification:_identify(src/seano_sensors) by extension 'colcon_meta'
[0.581s] Level 1:colcon.colcon_core.package_identification:_identify(src/seano_sensors) by extensions ['ros']
[0.581s] Level 1:colcon.colcon_core.package_identification:_identify(src/seano_sensors) by extension 'ros'
[0.583s] DEBUG:colcon.colcon_core.package_identification:Package 'src/seano_sensors' with type 'ros.ament_python' and name 'seano_sensors'
[0.584s] Level 1:colcon.colcon_core.package_discovery:discover_packages(recursive) using defaults
[0.584s] Level 1:colcon.colcon_core.package_discovery:discover_packages(ignore) discover
[0.585s] Level 1:colcon.colcon_core.package_discovery:discover_packages(ignore) using defaults
[0.585s] Level 1:colcon.colcon_core.package_discovery:discover_packages(path) discover
[0.585s] Level 1:colcon.colcon_core.package_discovery:discover_packages(path) using defaults
[0.646s] Level 1:colcon.colcon_core.package_discovery:discover_packages(prefix_path) check parameters
[0.646s] Level 1:colcon.colcon_core.package_discovery:discover_packages(prefix_path) discover
[0.651s] DEBUG:colcon.colcon_installed_package_information.package_discovery:Found 2 installed packages in /home/seano/resource_git/seano-logger/install
[0.655s] DEBUG:colcon.colcon_installed_package_information.package_discovery:Found 283 installed packages in /opt/ros/humble
[0.658s] Level 1:colcon.colcon_core.package_discovery:discover_packages(prefix_path) using defaults
[0.758s] Level 5:colcon.colcon_core.verb:set package 'seano_logger' build argument 'cmake_args' from command line to 'None'
[0.759s] Level 5:colcon.colcon_core.verb:set package 'seano_logger' build argument 'cmake_target' from command line to 'None'
[0.759s] Level 5:colcon.colcon_core.verb:set package 'seano_logger' build argument 'cmake_target_skip_unavailable' from command line to 'False'
[0.760s] Level 5:colcon.colcon_core.verb:set package 'seano_logger' build argument 'cmake_clean_cache' from command line to 'False'
[0.760s] Level 5:colcon.colcon_core.verb:set package 'seano_logger' build argument 'cmake_clean_first' from command line to 'False'
[0.760s] Level 5:colcon.colcon_core.verb:set package 'seano_logger' build argument 'cmake_force_configure' from command line to 'False'
[0.760s] Level 5:colcon.colcon_core.verb:set package 'seano_logger' build argument 'ament_cmake_args' from command line to 'None'
[0.761s] Level 5:colcon.colcon_core.verb:set package 'seano_logger' build argument 'catkin_cmake_args' from command line to 'None'
[0.761s] Level 5:colcon.colcon_core.verb:set package 'seano_logger' build argument 'catkin_skip_building_tests' from command line to 'False'
[0.761s] DEBUG:colcon.colcon_core.verb:Building package 'seano_logger' with the following arguments: {'ament_cmake_args': None, 'build_base': '/home/seano/resource_git/seano-logger/build/seano_logger', 'catkin_cmake_args': None, 'catkin_skip_building_tests': False, 'cmake_args': None, 'cmake_clean_cache': False, 'cmake_clean_first': False, 'cmake_force_configure': False, 'cmake_target': None, 'cmake_target_skip_unavailable': False, 'install_base': '/home/seano/resource_git/seano-logger/install/seano_logger', 'merge_install': False, 'path': '/home/seano/resource_git/seano-logger/src/seano_logger', 'symlink_install': False, 'test_result_base': None}
[0.763s] Level 5:colcon.colcon_core.verb:set package 'seano_sensors' build argument 'cmake_args' from command line to 'None'
[0.763s] Level 5:colcon.colcon_core.verb:set package 'seano_sensors' build argument 'cmake_target' from command line to 'None'
[0.764s] Level 5:colcon.colcon_core.verb:set package 'seano_sensors' build argument 'cmake_target_skip_unavailable' from command line to 'False'
[0.764s] Level 5:colcon.colcon_core.verb:set package 'seano_sensors' build argument 'cmake_clean_cache' from command line to 'False'
[0.764s] Level 5:colcon.colcon_core.verb:set package 'seano_sensors' build argument 'cmake_clean_first' from command line to 'False'
[0.764s] Level 5:colcon.colcon_core.verb:set package 'seano_sensors' build argument 'cmake_force_configure' from command line to 'False'
[0.765s] Level 5:colcon.colcon_core.verb:set package 'seano_sensors' build argument 'ament_cmake_args' from command line to 'None'
[0.765s] Level 5:colcon.colcon_core.verb:set package 'seano_sensors' build argument 'catkin_cmake_args' from command line to 'None'
[0.765s] Level 5:colcon.colcon_core.verb:set package 'seano_sensors' build argument 'catkin_skip_building_tests' from command line to 'False'
[0.765s] DEBUG:colcon.colcon_core.verb:Building package 'seano_sensors' with the following arguments: {'ament_cmake_args': None, 'build_base': '/home/seano/resource_git/seano-logger/build/seano_sensors', 'catkin_cmake_args': None, 'catkin_skip_building_tests': False, 'cmake_args': None, 'cmake_clean_cache': False, 'cmake_clean_first': False, 'cmake_force_configure': False, 'cmake_target': None, 'cmake_target_skip_unavailable': False, 'install_base': '/home/seano/resource_git/seano-logger/install/seano_sensors', 'merge_install': False, 'path': '/home/seano/resource_git/seano-logger/src/seano_sensors', 'symlink_install': False, 'test_result_base': None}
[0.766s] INFO:colcon.colcon_core.executor:Executing jobs using 'parallel' executor
[0.777s] DEBUG:colcon.colcon_parallel_executor.executor.parallel:run_until_complete
[0.778s] INFO:colcon.colcon_ros.task.ament_python.build:Building ROS package in '/home/seano/resource_git/seano-logger/src/seano_logger' with build type 'ament_python'
[0.779s] Level 1:colcon.colcon_core.shell:create_environment_hook('seano_logger', 'ament_prefix_path')
[0.785s] INFO:colcon.colcon_core.plugin_system:Skipping extension 'colcon_core.shell.bat': Not used on non-Windows systems
[0.786s] INFO:colcon.colcon_core.shell:Creating environment hook '/home/seano/resource_git/seano-logger/install/seano_logger/share/seano_logger/hook/ament_prefix_path.ps1'
[0.789s] INFO:colcon.colcon_core.shell:Creating environment descriptor '/home/seano/resource_git/seano-logger/install/seano_logger/share/seano_logger/hook/ament_prefix_path.dsv'
[0.792s] INFO:colcon.colcon_core.shell:Creating environment hook '/home/seano/resource_git/seano-logger/install/seano_logger/share/seano_logger/hook/ament_prefix_path.sh'
[0.795s] INFO:colcon.colcon_core.shell:Skip shell extension 'powershell' for command environment: Not usable outside of PowerShell
[0.795s] DEBUG:colcon.colcon_core.shell:Skip shell extension 'dsv' for command environment
[0.810s] INFO:colcon.colcon_ros.task.ament_python.build:Building ROS package in '/home/seano/resource_git/seano-logger/src/seano_sensors' with build type 'ament_python'
[0.811s] Level 1:colcon.colcon_core.shell:create_environment_hook('seano_sensors', 'ament_prefix_path')
[0.812s] INFO:colcon.colcon_core.shell:Creating environment hook '/home/seano/resource_git/seano-logger/install/seano_sensors/share/seano_sensors/hook/ament_prefix_path.ps1'
[0.816s] INFO:colcon.colcon_core.shell:Creating environment descriptor '/home/seano/resource_git/seano-logger/install/seano_sensors/share/seano_sensors/hook/ament_prefix_path.dsv'
[0.818s] INFO:colcon.colcon_core.shell:Creating environment hook '/home/seano/resource_git/seano-logger/install/seano_sensors/share/seano_sensors/hook/ament_prefix_path.sh'
[0.821s] INFO:colcon.colcon_core.shell:Skip shell extension 'powershell' for command environment: Not usable outside of PowerShell
[0.822s] DEBUG:colcon.colcon_core.shell:Skip shell extension 'dsv' for command environment
[1.589s] INFO:colcon.colcon_core.task.python.build:Building Python package in '/home/seano/resource_git/seano-logger/src/seano_logger'
[1.590s] INFO:colcon.colcon_core.shell:Skip shell extension 'powershell' for command environment: Not usable outside of PowerShell
[1.591s] DEBUG:colcon.colcon_core.shell:Skip shell extension 'dsv' for command environment
[2.386s] INFO:colcon.colcon_core.task.python.build:Building Python package in '/home/seano/resource_git/seano-logger/src/seano_sensors'
[2.387s] INFO:colcon.colcon_core.shell:Skip shell extension 'powershell' for command environment: Not usable outside of PowerShell
[2.388s] DEBUG:colcon.colcon_core.shell:Skip shell extension 'dsv' for command environment
[3.997s] DEBUG:colcon.colcon_core.event_handler.log_command:Invoking command in '/home/seano/resource_git/seano-logger/src/seano_logger': PYTHONPATH=/home/seano/resource_git/seano-logger/build/seano_logger/prefix_override:/usr/lib/python3/dist-packages/colcon_core/task/python/colcon_distutils_commands:/home/seano/resource_git/seano-logger/install/seano_logger/lib/python3.10/site-packages:${PYTHONPATH} /usr/bin/python3 -W ignore:setup.py install is deprecated -W ignore:easy_install command is deprecated setup.py egg_info --egg-base ../../build/seano_logger build --build-base /home/seano/resource_git/seano-logger/build/seano_logger/build install --record /home/seano/resource_git/seano-logger/build/seano_logger/install.log --single-version-externally-managed install_data
[4.050s] DEBUG:colcon.colcon_core.event_handler.log_command:Invoking command in '/home/seano/resource_git/seano-logger/src/seano_sensors': PYTHONPATH=/home/seano/resource_git/seano-logger/build/seano_sensors/prefix_override:/usr/lib/python3/dist-packages/colcon_core/task/python/colcon_distutils_commands:/home/seano/resource_git/seano-logger/install/seano_sensors/lib/python3.10/site-packages:${PYTHONPATH} /usr/bin/python3 -W ignore:setup.py install is deprecated -W ignore:easy_install command is deprecated setup.py egg_info --egg-base ../../build/seano_sensors build --build-base /home/seano/resource_git/seano-logger/build/seano_sensors/build install --record /home/seano/resource_git/seano-logger/build/seano_sensors/install.log --single-version-externally-managed install_data
[5.642s] DEBUG:colcon.colcon_core.event_handler.log_command:Invoked command in '/home/seano/resource_git/seano-logger/src/seano_sensors' returned '0': PYTHONPATH=/home/seano/resource_git/seano-logger/build/seano_sensors/prefix_override:/usr/lib/python3/dist-packages/colcon_core/task/python/colcon_distutils_commands:/home/seano/resource_git/seano-logger/install/seano_sensors/lib/python3.10/site-packages:${PYTHONPATH} /usr/bin/python3 -W ignore:setup.py install is deprecated -W ignore:easy_install command is deprecated setup.py egg_info --egg-base ../../build/seano_sensors build --build-base /home/seano/resource_git/seano-logger/build/seano_sensors/build install --record /home/seano/resource_git/seano-logger/build/seano_sensors/install.log --single-version-externally-managed install_data
[5.649s] Level 1:colcon.colcon_core.environment:checking '/home/seano/resource_git/seano-logger/install/seano_sensors' for CMake module files
[5.655s] Level 1:colcon.colcon_core.environment:checking '/home/seano/resource_git/seano-logger/install/seano_sensors' for CMake config files
[5.657s] Level 1:colcon.colcon_core.environment:checking '/home/seano/resource_git/seano-logger/install/seano_sensors/lib'
[5.658s] Level 1:colcon.colcon_core.environment:checking '/home/seano/resource_git/seano-logger/install/seano_sensors/bin'
[5.658s] Level 1:colcon.colcon_core.environment:checking '/home/seano/resource_git/seano-logger/install/seano_sensors/lib/pkgconfig/seano_sensors.pc'
[5.659s] Level 1:colcon.colcon_core.environment:checking '/home/seano/resource_git/seano-logger/install/seano_sensors/lib/python3.10/site-packages'
[5.660s] Level 1:colcon.colcon_core.shell:create_environment_hook('seano_sensors', 'pythonpath')
[5.661s] INFO:colcon.colcon_core.shell:Creating environment hook '/home/seano/resource_git/seano-logger/install/seano_sensors/share/seano_sensors/hook/pythonpath.ps1'
[5.664s] INFO:colcon.colcon_core.shell:Creating environment descriptor '/home/seano/resource_git/seano-logger/install/seano_sensors/share/seano_sensors/hook/pythonpath.dsv'
[5.666s] INFO:colcon.colcon_core.shell:Creating environment hook '/home/seano/resource_git/seano-logger/install/seano_sensors/share/seano_sensors/hook/pythonpath.sh'
[5.674s] Level 1:colcon.colcon_core.environment:checking '/home/seano/resource_git/seano-logger/install/seano_sensors/bin'
[5.675s] Level 1:colcon.colcon_core.environment:create_environment_scripts_only(seano_sensors)
[5.676s] INFO:colcon.colcon_core.shell:Creating package script '/home/seano/resource_git/seano-logger/install/seano_sensors/share/seano_sensors/package.ps1'
[5.679s] INFO:colcon.colcon_core.shell:Creating package descriptor '/home/seano/resource_git/seano-logger/install/seano_sensors/share/seano_sensors/package.dsv'
[5.681s] INFO:colcon.colcon_core.shell:Creating package script '/home/seano/resource_git/seano-logger/install/seano_sensors/share/seano_sensors/package.sh'
[5.684s] INFO:colcon.colcon_core.shell:Creating package script '/home/seano/resource_git/seano-logger/install/seano_sensors/share/seano_sensors/package.bash'
[5.686s] INFO:colcon.colcon_core.shell:Creating package script '/home/seano/resource_git/seano-logger/install/seano_sensors/share/seano_sensors/package.zsh'
[5.688s] Level 1:colcon.colcon_core.environment:create_file_with_runtime_dependencies(/home/seano/resource_git/seano-logger/install/seano_sensors/share/colcon-core/packages/seano_sensors)
[5.936s] Level 1:colcon.colcon_core.environment:checking '/home/seano/resource_git/seano-logger/install/seano_logger' for CMake module files
[5.938s] Level 1:colcon.colcon_core.environment:checking '/home/seano/resource_git/seano-logger/install/seano_logger' for CMake config files
[5.941s] Level 1:colcon.colcon_core.environment:checking '/home/seano/resource_git/seano-logger/install/seano_logger/lib'
[5.941s] Level 1:colcon.colcon_core.environment:checking '/home/seano/resource_git/seano-logger/install/seano_logger/bin'
[5.941s] Level 1:colcon.colcon_core.environment:checking '/home/seano/resource_git/seano-logger/install/seano_logger/lib/pkgconfig/seano_logger.pc'
[5.942s] Level 1:colcon.colcon_core.environment:checking '/home/seano/resource_git/seano-logger/install/seano_logger/lib/python3.10/site-packages'
[5.943s] Level 1:colcon.colcon_core.shell:create_environment_hook('seano_logger', 'pythonpath')
[5.944s] INFO:colcon.colcon_core.shell:Creating environment hook '/home/seano/resource_git/seano-logger/install/seano_logger/share/seano_logger/hook/pythonpath.ps1'
[5.948s] INFO:colcon.colcon_core.shell:Creating environment descriptor '/home/seano/resource_git/seano-logger/install/seano_logger/share/seano_logger/hook/pythonpath.dsv'
[5.950s] DEBUG:colcon.colcon_core.event_handler.log_command:Invoked command in '/home/seano/resource_git/seano-logger/src/seano_logger' returned '0': PYTHONPATH=/home/seano/resource_git/seano-logger/build/seano_logger/prefix_override:/usr/lib/python3/dist-packages/colcon_core/task/python/colcon_distutils_commands:/home/seano/resource_git/seano-logger/install/seano_logger/lib/python3.10/site-packages:${PYTHONPATH} /usr/bin/python3 -W ignore:setup.py install is deprecated -W ignore:easy_install command is deprecated setup.py egg_info --egg-base ../../build/seano_logger build --build-base /home/seano/resource_git/seano-logger/build/seano_logger/build install --record /home/seano/resource_git/seano-logger/build/seano_logger/install.log --single-version-externally-managed install_data
[5.951s] INFO:colcon.colcon_core.shell:Creating environment hook '/home/seano/resource_git/seano-logger/install/seano_logger/share/seano_logger/hook/pythonpath.sh'
[5.956s] Level 1:colcon.colcon_core.environment:checking '/home/seano/resource_git/seano-logger/install/seano_logger/bin'
[5.957s] Level 1:colcon.colcon_core.environment:create_environment_scripts_only(seano_logger)
[5.958s] INFO:colcon.colcon_core.shell:Creating package script '/home/seano/resource_git/seano-logger/install/seano_logger/share/seano_logger/package.ps1'
[5.961s] INFO:colcon.colcon_core.shell:Creating package descriptor '/home/seano/resource_git/seano-logger/install/seano_logger/share/seano_logger/package.dsv'
[5.963s] INFO:colcon.colcon_core.shell:Creating package script '/home/seano/resource_git/seano-logger/install/seano_logger/share/seano_logger/package.sh'
[5.968s] INFO:colcon.colcon_core.shell:Creating package script '/home/seano/resource_git/seano-logger/install/seano_logger/share/seano_logger/package.bash'
[5.973s] INFO:colcon.colcon_core.shell:Creating package script '/home/seano/resource_git/seano-logger/install/seano_logger/share/seano_logger/package.zsh'
[5.977s] Level 1:colcon.colcon_core.environment:create_file_with_runtime_dependencies(/home/seano/resource_git/seano-logger/install/seano_logger/share/colcon-core/packages/seano_logger)
[5.978s] DEBUG:colcon.colcon_parallel_executor.executor.parallel:closing loop
[5.981s] DEBUG:colcon.colcon_parallel_executor.executor.parallel:loop closed
[5.997s] DEBUG:colcon.colcon_parallel_executor.executor.parallel:run_until_complete finished with '0'
[5.998s] DEBUG:colcon.colcon_core.event_reactor:joining thread
[6.021s] INFO:colcon.colcon_core.plugin_system:Skipping extension 'colcon_notification.desktop_notification.terminal_notifier': Not used on non-Darwin systems
[6.024s] INFO:colcon.colcon_core.plugin_system:Skipping extension 'colcon_notification.desktop_notification.win32': Not used on non-Windows systems
[6.024s] INFO:colcon.colcon_notification.desktop_notification:Sending desktop notification using 'notify2'
[6.076s] DEBUG:colcon.colcon_core.event_reactor:joined thread
[6.078s] INFO:colcon.colcon_core.shell:Creating prefix script '/home/seano/resource_git/seano-logger/install/local_setup.ps1'
[6.085s] INFO:colcon.colcon_core.shell:Creating prefix util module '/home/seano/resource_git/seano-logger/install/_local_setup_util_ps1.py'
[6.092s] INFO:colcon.colcon_core.shell:Creating prefix chain script '/home/seano/resource_git/seano-logger/install/setup.ps1'
[6.095s] INFO:colcon.colcon_core.shell:Creating prefix script '/home/seano/resource_git/seano-logger/install/local_setup.sh'
[6.097s] INFO:colcon.colcon_core.shell:Creating prefix util module '/home/seano/resource_git/seano-logger/install/_local_setup_util_sh.py'
[6.099s] INFO:colcon.colcon_core.shell:Creating prefix chain script '/home/seano/resource_git/seano-logger/install/setup.sh'
[6.102s] INFO:colcon.colcon_core.shell:Creating prefix script '/home/seano/resource_git/seano-logger/install/local_setup.bash'
[6.103s] INFO:colcon.colcon_core.shell:Creating prefix chain script '/home/seano/resource_git/seano-logger/install/setup.bash'
[6.105s] INFO:colcon.colcon_core.shell:Creating prefix script '/home/seano/resource_git/seano-logger/install/local_setup.zsh'
[6.107s] INFO:colcon.colcon_core.shell:Creating prefix chain script '/home/seano/resource_git/seano-logger/install/setup.zsh'
