[4.284s] Invoking command in '/home/seano/resource_git/seano-logger/src/seano_logger': PYTHONPATH=/home/seano/resource_git/seano-logger/build/seano_logger/prefix_override:/usr/lib/python3/dist-packages/colcon_core/task/python/colcon_distutils_commands:/home/seano/resource_git/seano-logger/install/seano_logger/lib/python3.10/site-packages:${PYTHONPATH} /usr/bin/python3 -W ignore:setup.py install is deprecated -W ignore:easy_install command is deprecated setup.py egg_info --egg-base ../../build/seano_logger build --build-base /home/seano/resource_git/seano-logger/build/seano_logger/build install --record /home/seano/resource_git/seano-logger/build/seano_logger/install.log --single-version-externally-managed install_data
[5.181s] running egg_info
[5.225s] writing ../../build/seano_logger/seano_logger.egg-info/PKG-INFO
[5.227s] writing dependency_links to ../../build/seano_logger/seano_logger.egg-info/dependency_links.txt
[5.228s] writing entry points to ../../build/seano_logger/seano_logger.egg-info/entry_points.txt
[5.229s] writing requirements to ../../build/seano_logger/seano_logger.egg-info/requires.txt
[5.229s] writing top-level names to ../../build/seano_logger/seano_logger.egg-info/top_level.txt
[5.330s] reading manifest file '../../build/seano_logger/seano_logger.egg-info/SOURCES.txt'
[5.334s] writing manifest file '../../build/seano_logger/seano_logger.egg-info/SOURCES.txt'
[5.335s] running build
[5.336s] running build_py
[5.339s] copying seano_logger/logger_node.py -> /home/seano/resource_git/seano-logger/build/seano_logger/build/lib/seano_logger
[5.342s] copying seano_logger/__init__.py -> /home/seano/resource_git/seano-logger/build/seano_logger/build/lib/seano_logger
[5.342s] running install
[5.350s] running install_lib
[5.404s] running install_data
[5.406s] copying resource/seano_logger -> /home/seano/resource_git/seano-logger/install/seano_logger/share/ament_index/resource_index/packages
[5.409s] copying package.xml -> /home/seano/resource_git/seano-logger/install/seano_logger/share/seano_logger
[5.409s] copying launch/seano_all.launch.py -> /home/seano/resource_git/seano-logger/install/seano_logger/share/seano_logger/launch
[5.410s] running install_egg_info
[5.465s] removing '/home/seano/resource_git/seano-logger/install/seano_logger/lib/python3.10/site-packages/seano_logger-0.0.0-py3.10.egg-info' (and everything under it)
[5.468s] Copying ../../build/seano_logger/seano_logger.egg-info to /home/seano/resource_git/seano-logger/install/seano_logger/lib/python3.10/site-packages/seano_logger-0.0.0-py3.10.egg-info
[5.469s] running install_scripts
[5.825s] Installing logger_node script to /home/seano/resource_git/seano-logger/install/seano_logger/lib/seano_logger
[5.830s] writing list of installed files to '/home/seano/resource_git/seano-logger/build/seano_logger/install.log'
[6.022s] Invoked command in '/home/seano/resource_git/seano-logger/src/seano_logger' returned '0': PYTHONPATH=/home/seano/resource_git/seano-logger/build/seano_logger/prefix_override:/usr/lib/python3/dist-packages/colcon_core/task/python/colcon_distutils_commands:/home/seano/resource_git/seano-logger/install/seano_logger/lib/python3.10/site-packages:${PYTHONPATH} /usr/bin/python3 -W ignore:setup.py install is deprecated -W ignore:easy_install command is deprecated setup.py egg_info --egg-base ../../build/seano_logger build --build-base /home/seano/resource_git/seano-logger/build/seano_logger/build install --record /home/seano/resource_git/seano-logger/build/seano_logger/install.log --single-version-externally-managed install_data
