[2.606s] Invoking command in '/home/seano/resource_git/seano-logger/src/seano_sensors': PYTHONPATH=/home/seano/resource_git/seano-logger/build/seano_sensors/prefix_override:/usr/lib/python3/dist-packages/colcon_core/task/python/colcon_distutils_commands:/home/seano/resource_git/seano-logger/install/seano_sensors/lib/python3.10/site-packages:${PYTHONPATH} /usr/bin/python3 -W ignore:setup.py install is deprecated -W ignore:easy_install command is deprecated setup.py egg_info --egg-base ../../build/seano_sensors build --build-base /home/seano/resource_git/seano-logger/build/seano_sensors/build install --record /home/seano/resource_git/seano-logger/build/seano_sensors/install.log --single-version-externally-managed install_data
[3.322s] running egg_info
[3.368s] writing ../../build/seano_sensors/seano_sensors.egg-info/PKG-INFO
[3.370s] writing dependency_links to ../../build/seano_sensors/seano_sensors.egg-info/dependency_links.txt
[3.371s] writing entry points to ../../build/seano_sensors/seano_sensors.egg-info/entry_points.txt
[3.372s] writing requirements to ../../build/seano_sensors/seano_sensors.egg-info/requires.txt
[3.372s] writing top-level names to ../../build/seano_sensors/seano_sensors.egg-info/top_level.txt
[3.467s] reading manifest file '../../build/seano_sensors/seano_sensors.egg-info/SOURCES.txt'
[3.471s] writing manifest file '../../build/seano_sensors/seano_sensors.egg-info/SOURCES.txt'
[3.471s] running build
[3.472s] running build_py
[3.472s] copying seano_sensors/gps_reader.py -> /home/seano/resource_git/seano-logger/build/seano_sensors/build/lib/seano_sensors
[3.473s] copying seano_sensors/battery_reader.py -> /home/seano/resource_git/seano-logger/build/seano_sensors/build/lib/seano_sensors
[3.474s] copying seano_sensors/imu_reader.py -> /home/seano/resource_git/seano-logger/build/seano_sensors/build/lib/seano_sensors
[3.474s] copying seano_sensors/mission_state_reader_node.py -> /home/seano/resource_git/seano-logger/build/seano_sensors/build/lib/seano_sensors
[3.475s] copying seano_sensors/video_logger_node.py -> /home/seano/resource_git/seano-logger/build/seano_sensors/build/lib/seano_sensors
[3.475s] copying seano_sensors/ctd_adcp_reader.py -> /home/seano/resource_git/seano-logger/build/seano_sensors/build/lib/seano_sensors
[3.476s] copying seano_sensors/__init__.py -> /home/seano/resource_git/seano-logger/build/seano_sensors/build/lib/seano_sensors
[3.477s] running install
[3.488s] running install_lib
[3.537s] running install_data
[3.537s] copying resource/seano_sensors -> /home/seano/resource_git/seano-logger/install/seano_sensors/share/ament_index/resource_index/packages
[3.538s] copying package.xml -> /home/seano/resource_git/seano-logger/install/seano_sensors/share/seano_sensors
[3.538s] running install_egg_info
[3.588s] removing '/home/seano/resource_git/seano-logger/install/seano_sensors/lib/python3.10/site-packages/seano_sensors-0.0.0-py3.10.egg-info' (and everything under it)
[3.589s] Copying ../../build/seano_sensors/seano_sensors.egg-info to /home/seano/resource_git/seano-logger/install/seano_sensors/lib/python3.10/site-packages/seano_sensors-0.0.0-py3.10.egg-info
[3.593s] running install_scripts
[3.948s] Installing battery_reader script to /home/seano/resource_git/seano-logger/install/seano_sensors/lib/seano_sensors
[3.949s] Installing ctd_adcp_reader script to /home/seano/resource_git/seano-logger/install/seano_sensors/lib/seano_sensors
[3.950s] Installing gps_reader script to /home/seano/resource_git/seano-logger/install/seano_sensors/lib/seano_sensors
[3.950s] Installing imu_reader script to /home/seano/resource_git/seano-logger/install/seano_sensors/lib/seano_sensors
[3.951s] Installing mission_state_reader_node script to /home/seano/resource_git/seano-logger/install/seano_sensors/lib/seano_sensors
[3.951s] Installing video_logger_node script to /home/seano/resource_git/seano-logger/install/seano_sensors/lib/seano_sensors
[3.953s] writing list of installed files to '/home/seano/resource_git/seano-logger/build/seano_sensors/install.log'
[4.126s] Invoked command in '/home/seano/resource_git/seano-logger/src/seano_sensors' returned '0': PYTHONPATH=/home/seano/resource_git/seano-logger/build/seano_sensors/prefix_override:/usr/lib/python3/dist-packages/colcon_core/task/python/colcon_distutils_commands:/home/seano/resource_git/seano-logger/install/seano_sensors/lib/python3.10/site-packages:${PYTHONPATH} /usr/bin/python3 -W ignore:setup.py install is deprecated -W ignore:easy_install command is deprecated setup.py egg_info --egg-base ../../build/seano_sensors build --build-base /home/seano/resource_git/seano-logger/build/seano_sensors/build install --record /home/seano/resource_git/seano-logger/build/seano_sensors/install.log --single-version-externally-managed install_data
