[2.710s] Invoking command in '/home/seano/resource_git/seano-logger/src/seano_logger': PYTHONPATH=/home/seano/resource_git/seano-logger/build/seano_logger/prefix_override:/usr/lib/python3/dist-packages/colcon_core/task/python/colcon_distutils_commands:/home/seano/resource_git/seano-logger/install/seano_logger/lib/python3.10/site-packages:${PYTHONPATH} /usr/bin/python3 -W ignore:setup.py install is deprecated -W ignore:easy_install command is deprecated setup.py egg_info --egg-base ../../build/seano_logger build --build-base /home/seano/resource_git/seano-logger/build/seano_logger/build install --record /home/seano/resource_git/seano-logger/build/seano_logger/install.log --single-version-externally-managed install_data
[3.393s] running egg_info
[3.434s] writing ../../build/seano_logger/seano_logger.egg-info/PKG-INFO
[3.436s] writing dependency_links to ../../build/seano_logger/seano_logger.egg-info/dependency_links.txt
[3.437s] writing entry points to ../../build/seano_logger/seano_logger.egg-info/entry_points.txt
[3.438s] writing requirements to ../../build/seano_logger/seano_logger.egg-info/requires.txt
[3.438s] writing top-level names to ../../build/seano_logger/seano_logger.egg-info/top_level.txt
[3.528s] reading manifest file '../../build/seano_logger/seano_logger.egg-info/SOURCES.txt'
[3.531s] writing manifest file '../../build/seano_logger/seano_logger.egg-info/SOURCES.txt'
[3.531s] running build
[3.532s] running build_py
[3.532s] copying seano_logger/logger_node.py -> /home/seano/resource_git/seano-logger/build/seano_logger/build/lib/seano_logger
[3.533s] copying seano_logger/__init__.py -> /home/seano/resource_git/seano-logger/build/seano_logger/build/lib/seano_logger
[3.535s] running install
[3.545s] running install_lib
[3.597s] running install_data
[3.597s] copying resource/seano_logger -> /home/seano/resource_git/seano-logger/install/seano_logger/share/ament_index/resource_index/packages
[3.597s] copying package.xml -> /home/seano/resource_git/seano-logger/install/seano_logger/share/seano_logger
[3.597s] copying launch/seano_all.launch.py -> /home/seano/resource_git/seano-logger/install/seano_logger/share/seano_logger/launch
[3.598s] running install_egg_info
[3.640s] removing '/home/seano/resource_git/seano-logger/install/seano_logger/lib/python3.10/site-packages/seano_logger-0.0.0-py3.10.egg-info' (and everything under it)
[3.641s] Copying ../../build/seano_logger/seano_logger.egg-info to /home/seano/resource_git/seano-logger/install/seano_logger/lib/python3.10/site-packages/seano_logger-0.0.0-py3.10.egg-info
[3.644s] running install_scripts
[3.974s] Installing logger_node script to /home/seano/resource_git/seano-logger/install/seano_logger/lib/seano_logger
[3.976s] writing list of installed files to '/home/seano/resource_git/seano-logger/build/seano_logger/install.log'
[4.109s] Invoked command in '/home/seano/resource_git/seano-logger/src/seano_logger' returned '0': PYTHONPATH=/home/seano/resource_git/seano-logger/build/seano_logger/prefix_override:/usr/lib/python3/dist-packages/colcon_core/task/python/colcon_distutils_commands:/home/seano/resource_git/seano-logger/install/seano_logger/lib/python3.10/site-packages:${PYTHONPATH} /usr/bin/python3 -W ignore:setup.py install is deprecated -W ignore:easy_install command is deprecated setup.py egg_info --egg-base ../../build/seano_logger build --build-base /home/seano/resource_git/seano-logger/build/seano_logger/build install --record /home/seano/resource_git/seano-logger/build/seano_logger/install.log --single-version-externally-managed install_data
