[0.455s] DEBUG:colcon:Command line arguments: ['/usr/bin/colcon', 'build']
[0.456s] DEBUG:colcon:Parsed command line arguments: Namespace(log_base=None, log_level=None, verb_name='build', build_base='build', install_base='install', merge_install=False, symlink_install=False, test_result_base=None, continue_on_error=False, executor='parallel', parallel_workers=6, event_handlers=None, ignore_user_meta=False, metas=['./colcon.meta'], base_paths=['.'], packages_ignore=None, packages_ignore_regex=None, paths=None, packages_up_to=None, packages_up_to_regex=None, packages_above=None, packages_above_and_dependencies=None, packages_above_depth=None, packages_select_by_dep=None, packages_skip_by_dep=None, packages_skip_up_to=None, packages_select_build_failed=False, packages_skip_build_finished=False, packages_select_test_failures=False, packages_skip_test_passed=False, packages_select=None, packages_skip=None, packages_select_regex=None, packages_skip_regex=None, packages_start=None, packages_end=None, allow_overriding=[], cmake_args=None, cmake_target=None, cmake_target_skip_unavailable=False, cmake_clean_cache=False, cmake_clean_first=False, cmake_force_configure=False, ament_cmake_args=None, catkin_cmake_args=None, catkin_skip_building_tests=False, verb_parser=<colcon_defaults.argument_parser.defaults.DefaultArgumentsDecorator object at 0xffff83d5d630>, verb_extension=<colcon_core.verb.build.BuildVerb object at 0xffff83f27190>, main=<bound method BuildVerb.main of <colcon_core.verb.build.BuildVerb object at 0xffff83f27190>>)
[0.678s] Level 1:colcon.colcon_core.package_discovery:discover_packages(colcon_meta) check parameters
[0.679s] Level 1:colcon.colcon_core.package_discovery:discover_packages(recursive) check parameters
[0.679s] Level 1:colcon.colcon_core.package_discovery:discover_packages(ignore) check parameters
[0.679s] Level 1:colcon.colcon_core.package_discovery:discover_packages(path) check parameters
[0.680s] Level 1:colcon.colcon_core.package_discovery:discover_packages(colcon_meta) discover
[0.680s] Level 1:colcon.colcon_core.package_discovery:discover_packages(recursive) discover
[0.680s] INFO:colcon.colcon_core.package_discovery:Crawling recursively for packages in '/home/seano/resource_git/seano-logger'
[0.681s] Level 1:colcon.colcon_core.package_identification:_identify(.) by extensions ['ignore', 'ignore_ament_install']
[0.682s] Level 1:colcon.colcon_core.package_identification:_identify(.) by extension 'ignore'
[0.682s] Level 1:colcon.colcon_core.package_identification:_identify(.) by extension 'ignore_ament_install'
[0.682s] Level 1:colcon.colcon_core.package_identification:_identify(.) by extensions ['colcon_pkg']
[0.683s] Level 1:colcon.colcon_core.package_identification:_identify(.) by extension 'colcon_pkg'
[0.683s] Level 1:colcon.colcon_core.package_identification:_identify(.) by extensions ['colcon_meta']
[0.683s] Level 1:colcon.colcon_core.package_identification:_identify(.) by extension 'colcon_meta'
[0.684s] Level 1:colcon.colcon_core.package_identification:_identify(.) by extensions ['ros']
[0.684s] Level 1:colcon.colcon_core.package_identification:_identify(.) by extension 'ros'
[0.733s] Level 1:colcon.colcon_core.package_identification:_identify(.) by extensions ['cmake', 'python']
[0.733s] Level 1:colcon.colcon_core.package_identification:_identify(.) by extension 'cmake'
[0.734s] Level 1:colcon.colcon_core.package_identification:_identify(.) by extension 'python'
[0.734s] Level 1:colcon.colcon_core.package_identification:_identify(.) by extensions ['python_setup_py']
[0.734s] Level 1:colcon.colcon_core.package_identification:_identify(.) by extension 'python_setup_py'
[0.735s] Level 1:colcon.colcon_core.package_identification:_identify(build) by extensions ['ignore', 'ignore_ament_install']
[0.735s] Level 1:colcon.colcon_core.package_identification:_identify(build) by extension 'ignore'
[0.736s] Level 1:colcon.colcon_core.package_identification:_identify(build) ignored
[0.736s] Level 1:colcon.colcon_core.package_identification:_identify(install) by extensions ['ignore', 'ignore_ament_install']
[0.737s] Level 1:colcon.colcon_core.package_identification:_identify(install) by extension 'ignore'
[0.737s] Level 1:colcon.colcon_core.package_identification:_identify(install) ignored
[0.738s] Level 1:colcon.colcon_core.package_identification:_identify(log) by extensions ['ignore', 'ignore_ament_install']
[0.738s] Level 1:colcon.colcon_core.package_identification:_identify(log) by extension 'ignore'
[0.738s] Level 1:colcon.colcon_core.package_identification:_identify(log) ignored
[0.739s] Level 1:colcon.colcon_core.package_identification:_identify(src) by extensions ['ignore', 'ignore_ament_install']
[0.739s] Level 1:colcon.colcon_core.package_identification:_identify(src) by extension 'ignore'
[0.740s] Level 1:colcon.colcon_core.package_identification:_identify(src) by extension 'ignore_ament_install'
[0.740s] Level 1:colcon.colcon_core.package_identification:_identify(src) by extensions ['colcon_pkg']
[0.740s] Level 1:colcon.colcon_core.package_identification:_identify(src) by extension 'colcon_pkg'
[0.741s] Level 1:colcon.colcon_core.package_identification:_identify(src) by extensions ['colcon_meta']
[0.741s] Level 1:colcon.colcon_core.package_identification:_identify(src) by extension 'colcon_meta'
[0.741s] Level 1:colcon.colcon_core.package_identification:_identify(src) by extensions ['ros']
[0.741s] Level 1:colcon.colcon_core.package_identification:_identify(src) by extension 'ros'
[0.742s] Level 1:colcon.colcon_core.package_identification:_identify(src) by extensions ['cmake', 'python']
[0.742s] Level 1:colcon.colcon_core.package_identification:_identify(src) by extension 'cmake'
[0.742s] Level 1:colcon.colcon_core.package_identification:_identify(src) by extension 'python'
[0.743s] Level 1:colcon.colcon_core.package_identification:_identify(src) by extensions ['python_setup_py']
[0.743s] Level 1:colcon.colcon_core.package_identification:_identify(src) by extension 'python_setup_py'
[0.743s] Level 1:colcon.colcon_core.package_identification:_identify(src/build) by extensions ['ignore', 'ignore_ament_install']
[0.744s] Level 1:colcon.colcon_core.package_identification:_identify(src/build) by extension 'ignore'
[0.744s] Level 1:colcon.colcon_core.package_identification:_identify(src/build) ignored
[0.745s] Level 1:colcon.colcon_core.package_identification:_identify(src/install) by extensions ['ignore', 'ignore_ament_install']
[0.745s] Level 1:colcon.colcon_core.package_identification:_identify(src/install) by extension 'ignore'
[0.746s] Level 1:colcon.colcon_core.package_identification:_identify(src/install) ignored
[0.746s] Level 1:colcon.colcon_core.package_identification:_identify(src/log) by extensions ['ignore', 'ignore_ament_install']
[0.746s] Level 1:colcon.colcon_core.package_identification:_identify(src/log) by extension 'ignore'
[0.747s] Level 1:colcon.colcon_core.package_identification:_identify(src/log) ignored
[0.747s] Level 1:colcon.colcon_core.package_identification:_identify(src/seano_logger) by extensions ['ignore', 'ignore_ament_install']
[0.748s] Level 1:colcon.colcon_core.package_identification:_identify(src/seano_logger) by extension 'ignore'
[0.748s] Level 1:colcon.colcon_core.package_identification:_identify(src/seano_logger) by extension 'ignore_ament_install'
[0.748s] Level 1:colcon.colcon_core.package_identification:_identify(src/seano_logger) by extensions ['colcon_pkg']
[0.749s] Level 1:colcon.colcon_core.package_identification:_identify(src/seano_logger) by extension 'colcon_pkg'
[0.749s] Level 1:colcon.colcon_core.package_identification:_identify(src/seano_logger) by extensions ['colcon_meta']
[0.749s] Level 1:colcon.colcon_core.package_identification:_identify(src/seano_logger) by extension 'colcon_meta'
[0.749s] Level 1:colcon.colcon_core.package_identification:_identify(src/seano_logger) by extensions ['ros']
[0.750s] Level 1:colcon.colcon_core.package_identification:_identify(src/seano_logger) by extension 'ros'
[0.766s] DEBUG:colcon.colcon_core.package_identification:Package 'src/seano_logger' with type 'ros.ament_python' and name 'seano_logger'
[0.770s] Level 1:colcon.colcon_core.package_identification:_identify(src/seano_sensors) by extensions ['ignore', 'ignore_ament_install']
[0.772s] Level 1:colcon.colcon_core.package_identification:_identify(src/seano_sensors) by extension 'ignore'
[0.772s] Level 1:colcon.colcon_core.package_identification:_identify(src/seano_sensors) by extension 'ignore_ament_install'
[0.773s] Level 1:colcon.colcon_core.package_identification:_identify(src/seano_sensors) by extensions ['colcon_pkg']
[0.773s] Level 1:colcon.colcon_core.package_identification:_identify(src/seano_sensors) by extension 'colcon_pkg'
[0.774s] Level 1:colcon.colcon_core.package_identification:_identify(src/seano_sensors) by extensions ['colcon_meta']
[0.774s] Level 1:colcon.colcon_core.package_identification:_identify(src/seano_sensors) by extension 'colcon_meta'
[0.774s] Level 1:colcon.colcon_core.package_identification:_identify(src/seano_sensors) by extensions ['ros']
[0.774s] Level 1:colcon.colcon_core.package_identification:_identify(src/seano_sensors) by extension 'ros'
[0.785s] DEBUG:colcon.colcon_core.package_identification:Package 'src/seano_sensors' with type 'ros.ament_python' and name 'seano_sensors'
[0.785s] Level 1:colcon.colcon_core.package_discovery:discover_packages(recursive) using defaults
[0.786s] Level 1:colcon.colcon_core.package_discovery:discover_packages(ignore) discover
[0.786s] Level 1:colcon.colcon_core.package_discovery:discover_packages(ignore) using defaults
[0.786s] Level 1:colcon.colcon_core.package_discovery:discover_packages(path) discover
[0.787s] Level 1:colcon.colcon_core.package_discovery:discover_packages(path) using defaults
[0.891s] Level 1:colcon.colcon_core.package_discovery:discover_packages(prefix_path) check parameters
[0.892s] Level 1:colcon.colcon_core.package_discovery:discover_packages(prefix_path) discover
[0.906s] DEBUG:colcon.colcon_installed_package_information.package_discovery:Found 283 installed packages in /opt/ros/humble
[0.910s] Level 1:colcon.colcon_core.package_discovery:discover_packages(prefix_path) using defaults
[1.115s] Level 5:colcon.colcon_core.verb:set package 'seano_logger' build argument 'cmake_args' from command line to 'None'
[1.116s] Level 5:colcon.colcon_core.verb:set package 'seano_logger' build argument 'cmake_target' from command line to 'None'
[1.117s] Level 5:colcon.colcon_core.verb:set package 'seano_logger' build argument 'cmake_target_skip_unavailable' from command line to 'False'
[1.117s] Level 5:colcon.colcon_core.verb:set package 'seano_logger' build argument 'cmake_clean_cache' from command line to 'False'
[1.117s] Level 5:colcon.colcon_core.verb:set package 'seano_logger' build argument 'cmake_clean_first' from command line to 'False'
[1.117s] Level 5:colcon.colcon_core.verb:set package 'seano_logger' build argument 'cmake_force_configure' from command line to 'False'
[1.118s] Level 5:colcon.colcon_core.verb:set package 'seano_logger' build argument 'ament_cmake_args' from command line to 'None'
[1.118s] Level 5:colcon.colcon_core.verb:set package 'seano_logger' build argument 'catkin_cmake_args' from command line to 'None'
[1.118s] Level 5:colcon.colcon_core.verb:set package 'seano_logger' build argument 'catkin_skip_building_tests' from command line to 'False'
[1.118s] DEBUG:colcon.colcon_core.verb:Building package 'seano_logger' with the following arguments: {'ament_cmake_args': None, 'build_base': '/home/seano/resource_git/seano-logger/build/seano_logger', 'catkin_cmake_args': None, 'catkin_skip_building_tests': False, 'cmake_args': None, 'cmake_clean_cache': False, 'cmake_clean_first': False, 'cmake_force_configure': False, 'cmake_target': None, 'cmake_target_skip_unavailable': False, 'install_base': '/home/seano/resource_git/seano-logger/install/seano_logger', 'merge_install': False, 'path': '/home/seano/resource_git/seano-logger/src/seano_logger', 'symlink_install': False, 'test_result_base': None}
[1.120s] Level 5:colcon.colcon_core.verb:set package 'seano_sensors' build argument 'cmake_args' from command line to 'None'
[1.120s] Level 5:colcon.colcon_core.verb:set package 'seano_sensors' build argument 'cmake_target' from command line to 'None'
[1.120s] Level 5:colcon.colcon_core.verb:set package 'seano_sensors' build argument 'cmake_target_skip_unavailable' from command line to 'False'
[1.121s] Level 5:colcon.colcon_core.verb:set package 'seano_sensors' build argument 'cmake_clean_cache' from command line to 'False'
[1.121s] Level 5:colcon.colcon_core.verb:set package 'seano_sensors' build argument 'cmake_clean_first' from command line to 'False'
[1.121s] Level 5:colcon.colcon_core.verb:set package 'seano_sensors' build argument 'cmake_force_configure' from command line to 'False'
[1.121s] Level 5:colcon.colcon_core.verb:set package 'seano_sensors' build argument 'ament_cmake_args' from command line to 'None'
[1.122s] Level 5:colcon.colcon_core.verb:set package 'seano_sensors' build argument 'catkin_cmake_args' from command line to 'None'
[1.122s] Level 5:colcon.colcon_core.verb:set package 'seano_sensors' build argument 'catkin_skip_building_tests' from command line to 'False'
[1.122s] DEBUG:colcon.colcon_core.verb:Building package 'seano_sensors' with the following arguments: {'ament_cmake_args': None, 'build_base': '/home/seano/resource_git/seano-logger/build/seano_sensors', 'catkin_cmake_args': None, 'catkin_skip_building_tests': False, 'cmake_args': None, 'cmake_clean_cache': False, 'cmake_clean_first': False, 'cmake_force_configure': False, 'cmake_target': None, 'cmake_target_skip_unavailable': False, 'install_base': '/home/seano/resource_git/seano-logger/install/seano_sensors', 'merge_install': False, 'path': '/home/seano/resource_git/seano-logger/src/seano_sensors', 'symlink_install': False, 'test_result_base': None}
[1.123s] INFO:colcon.colcon_core.executor:Executing jobs using 'parallel' executor
[1.131s] DEBUG:colcon.colcon_parallel_executor.executor.parallel:run_until_complete
[1.133s] INFO:colcon.colcon_ros.task.ament_python.build:Building ROS package in '/home/seano/resource_git/seano-logger/src/seano_logger' with build type 'ament_python'
[1.134s] Level 1:colcon.colcon_core.shell:create_environment_hook('seano_logger', 'ament_prefix_path')
[1.143s] INFO:colcon.colcon_core.plugin_system:Skipping extension 'colcon_core.shell.bat': Not used on non-Windows systems
[1.148s] INFO:colcon.colcon_core.shell:Creating environment hook '/home/seano/resource_git/seano-logger/install/seano_logger/share/seano_logger/hook/ament_prefix_path.ps1'
[1.151s] INFO:colcon.colcon_core.shell:Creating environment descriptor '/home/seano/resource_git/seano-logger/install/seano_logger/share/seano_logger/hook/ament_prefix_path.dsv'
[1.154s] INFO:colcon.colcon_core.shell:Creating environment hook '/home/seano/resource_git/seano-logger/install/seano_logger/share/seano_logger/hook/ament_prefix_path.sh'
[1.158s] INFO:colcon.colcon_core.shell:Skip shell extension 'powershell' for command environment: Not usable outside of PowerShell
[1.159s] DEBUG:colcon.colcon_core.shell:Skip shell extension 'dsv' for command environment
[1.172s] INFO:colcon.colcon_ros.task.ament_python.build:Building ROS package in '/home/seano/resource_git/seano-logger/src/seano_sensors' with build type 'ament_python'
[1.174s] Level 1:colcon.colcon_core.shell:create_environment_hook('seano_sensors', 'ament_prefix_path')
[1.175s] INFO:colcon.colcon_core.shell:Creating environment hook '/home/seano/resource_git/seano-logger/install/seano_sensors/share/seano_sensors/hook/ament_prefix_path.ps1'
[1.178s] INFO:colcon.colcon_core.shell:Creating environment descriptor '/home/seano/resource_git/seano-logger/install/seano_sensors/share/seano_sensors/hook/ament_prefix_path.dsv'
[1.179s] INFO:colcon.colcon_core.shell:Creating environment hook '/home/seano/resource_git/seano-logger/install/seano_sensors/share/seano_sensors/hook/ament_prefix_path.sh'
[1.182s] INFO:colcon.colcon_core.shell:Skip shell extension 'powershell' for command environment: Not usable outside of PowerShell
[1.182s] DEBUG:colcon.colcon_core.shell:Skip shell extension 'dsv' for command environment
[2.033s] INFO:colcon.colcon_core.task.python.build:Building Python package in '/home/seano/resource_git/seano-logger/src/seano_logger'
[2.034s] INFO:colcon.colcon_core.shell:Skip shell extension 'powershell' for command environment: Not usable outside of PowerShell
[2.035s] DEBUG:colcon.colcon_core.shell:Skip shell extension 'dsv' for command environment
[2.799s] INFO:colcon.colcon_core.task.python.build:Building Python package in '/home/seano/resource_git/seano-logger/src/seano_sensors'
[2.800s] INFO:colcon.colcon_core.shell:Skip shell extension 'powershell' for command environment: Not usable outside of PowerShell
[2.800s] DEBUG:colcon.colcon_core.shell:Skip shell extension 'dsv' for command environment
[4.986s] DEBUG:colcon.colcon_core.event_handler.log_command:Invoking command in '/home/seano/resource_git/seano-logger/src/seano_logger': PYTHONPATH=/home/seano/resource_git/seano-logger/build/seano_logger/prefix_override:/usr/lib/python3/dist-packages/colcon_core/task/python/colcon_distutils_commands:/home/seano/resource_git/seano-logger/install/seano_logger/lib/python3.10/site-packages:${PYTHONPATH} /usr/bin/python3 -W ignore:setup.py install is deprecated -W ignore:easy_install command is deprecated setup.py egg_info --egg-base ../../build/seano_logger build --build-base /home/seano/resource_git/seano-logger/build/seano_logger/build install --record /home/seano/resource_git/seano-logger/build/seano_logger/install.log --single-version-externally-managed install_data
[5.023s] DEBUG:colcon.colcon_core.event_handler.log_command:Invoking command in '/home/seano/resource_git/seano-logger/src/seano_sensors': PYTHONPATH=/home/seano/resource_git/seano-logger/build/seano_sensors/prefix_override:/usr/lib/python3/dist-packages/colcon_core/task/python/colcon_distutils_commands:/home/seano/resource_git/seano-logger/install/seano_sensors/lib/python3.10/site-packages:${PYTHONPATH} /usr/bin/python3 -W ignore:setup.py install is deprecated -W ignore:easy_install command is deprecated setup.py egg_info --egg-base ../../build/seano_sensors build --build-base /home/seano/resource_git/seano-logger/build/seano_sensors/build install --record /home/seano/resource_git/seano-logger/build/seano_sensors/install.log --single-version-externally-managed install_data
[7.034s] DEBUG:colcon.colcon_core.event_handler.log_command:Invoked command in '/home/seano/resource_git/seano-logger/src/seano_logger' returned '0': PYTHONPATH=/home/seano/resource_git/seano-logger/build/seano_logger/prefix_override:/usr/lib/python3/dist-packages/colcon_core/task/python/colcon_distutils_commands:/home/seano/resource_git/seano-logger/install/seano_logger/lib/python3.10/site-packages:${PYTHONPATH} /usr/bin/python3 -W ignore:setup.py install is deprecated -W ignore:easy_install command is deprecated setup.py egg_info --egg-base ../../build/seano_logger build --build-base /home/seano/resource_git/seano-logger/build/seano_logger/build install --record /home/seano/resource_git/seano-logger/build/seano_logger/install.log --single-version-externally-managed install_data
[7.039s] Level 1:colcon.colcon_core.environment:checking '/home/seano/resource_git/seano-logger/install/seano_logger' for CMake module files
[7.042s] Level 1:colcon.colcon_core.environment:checking '/home/seano/resource_git/seano-logger/install/seano_logger' for CMake config files
[7.045s] Level 1:colcon.colcon_core.environment:checking '/home/seano/resource_git/seano-logger/install/seano_logger/lib'
[7.046s] Level 1:colcon.colcon_core.environment:checking '/home/seano/resource_git/seano-logger/install/seano_logger/bin'
[7.046s] Level 1:colcon.colcon_core.environment:checking '/home/seano/resource_git/seano-logger/install/seano_logger/lib/pkgconfig/seano_logger.pc'
[7.047s] Level 1:colcon.colcon_core.environment:checking '/home/seano/resource_git/seano-logger/install/seano_logger/lib/python3.10/site-packages'
[7.047s] Level 1:colcon.colcon_core.shell:create_environment_hook('seano_logger', 'pythonpath')
[7.049s] INFO:colcon.colcon_core.shell:Creating environment hook '/home/seano/resource_git/seano-logger/install/seano_logger/share/seano_logger/hook/pythonpath.ps1'
[7.054s] INFO:colcon.colcon_core.shell:Creating environment descriptor '/home/seano/resource_git/seano-logger/install/seano_logger/share/seano_logger/hook/pythonpath.dsv'
[7.056s] INFO:colcon.colcon_core.shell:Creating environment hook '/home/seano/resource_git/seano-logger/install/seano_logger/share/seano_logger/hook/pythonpath.sh'
[7.062s] Level 1:colcon.colcon_core.environment:checking '/home/seano/resource_git/seano-logger/install/seano_logger/bin'
[7.063s] Level 1:colcon.colcon_core.environment:create_environment_scripts_only(seano_logger)
[7.065s] INFO:colcon.colcon_core.shell:Creating package script '/home/seano/resource_git/seano-logger/install/seano_logger/share/seano_logger/package.ps1'
[7.068s] INFO:colcon.colcon_core.shell:Creating package descriptor '/home/seano/resource_git/seano-logger/install/seano_logger/share/seano_logger/package.dsv'
[7.070s] INFO:colcon.colcon_core.shell:Creating package script '/home/seano/resource_git/seano-logger/install/seano_logger/share/seano_logger/package.sh'
[7.072s] INFO:colcon.colcon_core.shell:Creating package script '/home/seano/resource_git/seano-logger/install/seano_logger/share/seano_logger/package.bash'
[7.074s] INFO:colcon.colcon_core.shell:Creating package script '/home/seano/resource_git/seano-logger/install/seano_logger/share/seano_logger/package.zsh'
[7.076s] Level 1:colcon.colcon_core.environment:create_file_with_runtime_dependencies(/home/seano/resource_git/seano-logger/install/seano_logger/share/colcon-core/packages/seano_logger)
[7.081s] Level 1:colcon.colcon_core.environment:checking '/home/seano/resource_git/seano-logger/install/seano_sensors' for CMake module files
[7.084s] DEBUG:colcon.colcon_core.event_handler.log_command:Invoked command in '/home/seano/resource_git/seano-logger/src/seano_sensors' returned '0': PYTHONPATH=/home/seano/resource_git/seano-logger/build/seano_sensors/prefix_override:/usr/lib/python3/dist-packages/colcon_core/task/python/colcon_distutils_commands:/home/seano/resource_git/seano-logger/install/seano_sensors/lib/python3.10/site-packages:${PYTHONPATH} /usr/bin/python3 -W ignore:setup.py install is deprecated -W ignore:easy_install command is deprecated setup.py egg_info --egg-base ../../build/seano_sensors build --build-base /home/seano/resource_git/seano-logger/build/seano_sensors/build install --record /home/seano/resource_git/seano-logger/build/seano_sensors/install.log --single-version-externally-managed install_data
[7.084s] Level 1:colcon.colcon_core.environment:checking '/home/seano/resource_git/seano-logger/install/seano_sensors' for CMake config files
[7.087s] Level 1:colcon.colcon_core.environment:checking '/home/seano/resource_git/seano-logger/install/seano_sensors/lib'
[7.087s] Level 1:colcon.colcon_core.environment:checking '/home/seano/resource_git/seano-logger/install/seano_sensors/bin'
[7.088s] Level 1:colcon.colcon_core.environment:checking '/home/seano/resource_git/seano-logger/install/seano_sensors/lib/pkgconfig/seano_sensors.pc'
[7.089s] Level 1:colcon.colcon_core.environment:checking '/home/seano/resource_git/seano-logger/install/seano_sensors/lib/python3.10/site-packages'
[7.089s] Level 1:colcon.colcon_core.shell:create_environment_hook('seano_sensors', 'pythonpath')
[7.090s] INFO:colcon.colcon_core.shell:Creating environment hook '/home/seano/resource_git/seano-logger/install/seano_sensors/share/seano_sensors/hook/pythonpath.ps1'
[7.095s] INFO:colcon.colcon_core.shell:Creating environment descriptor '/home/seano/resource_git/seano-logger/install/seano_sensors/share/seano_sensors/hook/pythonpath.dsv'
[7.097s] INFO:colcon.colcon_core.shell:Creating environment hook '/home/seano/resource_git/seano-logger/install/seano_sensors/share/seano_sensors/hook/pythonpath.sh'
[7.099s] Level 1:colcon.colcon_core.environment:checking '/home/seano/resource_git/seano-logger/install/seano_sensors/bin'
[7.100s] Level 1:colcon.colcon_core.environment:create_environment_scripts_only(seano_sensors)
[7.101s] INFO:colcon.colcon_core.shell:Creating package script '/home/seano/resource_git/seano-logger/install/seano_sensors/share/seano_sensors/package.ps1'
[7.103s] INFO:colcon.colcon_core.shell:Creating package descriptor '/home/seano/resource_git/seano-logger/install/seano_sensors/share/seano_sensors/package.dsv'
[7.105s] INFO:colcon.colcon_core.shell:Creating package script '/home/seano/resource_git/seano-logger/install/seano_sensors/share/seano_sensors/package.sh'
[7.106s] INFO:colcon.colcon_core.shell:Creating package script '/home/seano/resource_git/seano-logger/install/seano_sensors/share/seano_sensors/package.bash'
[7.107s] INFO:colcon.colcon_core.shell:Creating package script '/home/seano/resource_git/seano-logger/install/seano_sensors/share/seano_sensors/package.zsh'
[7.108s] Level 1:colcon.colcon_core.environment:create_file_with_runtime_dependencies(/home/seano/resource_git/seano-logger/install/seano_sensors/share/colcon-core/packages/seano_sensors)
[7.108s] DEBUG:colcon.colcon_parallel_executor.executor.parallel:closing loop
[7.109s] DEBUG:colcon.colcon_parallel_executor.executor.parallel:loop closed
[7.111s] DEBUG:colcon.colcon_parallel_executor.executor.parallel:run_until_complete finished with '0'
[7.112s] DEBUG:colcon.colcon_core.event_reactor:joining thread
[7.130s] INFO:colcon.colcon_core.plugin_system:Skipping extension 'colcon_notification.desktop_notification.terminal_notifier': Not used on non-Darwin systems
[7.130s] INFO:colcon.colcon_core.plugin_system:Skipping extension 'colcon_notification.desktop_notification.win32': Not used on non-Windows systems
[7.131s] INFO:colcon.colcon_notification.desktop_notification:Sending desktop notification using 'notify2'
[7.255s] DEBUG:colcon.colcon_notification.desktop_notification.notify2:Failed to initialize notify2: org.freedesktop.DBus.Error.Spawn.ChildExited: Process org.freedesktop.Notifications exited with status 1
[7.256s] DEBUG:colcon.colcon_core.event_reactor:joined thread
[7.257s] INFO:colcon.colcon_core.shell:Creating prefix script '/home/seano/resource_git/seano-logger/install/local_setup.ps1'
[7.261s] INFO:colcon.colcon_core.shell:Creating prefix util module '/home/seano/resource_git/seano-logger/install/_local_setup_util_ps1.py'
[7.266s] INFO:colcon.colcon_core.shell:Creating prefix chain script '/home/seano/resource_git/seano-logger/install/setup.ps1'
[7.269s] INFO:colcon.colcon_core.shell:Creating prefix script '/home/seano/resource_git/seano-logger/install/local_setup.sh'
[7.270s] INFO:colcon.colcon_core.shell:Creating prefix util module '/home/seano/resource_git/seano-logger/install/_local_setup_util_sh.py'
[7.272s] INFO:colcon.colcon_core.shell:Creating prefix chain script '/home/seano/resource_git/seano-logger/install/setup.sh'
[7.274s] INFO:colcon.colcon_core.shell:Creating prefix script '/home/seano/resource_git/seano-logger/install/local_setup.bash'
[7.275s] INFO:colcon.colcon_core.shell:Creating prefix chain script '/home/seano/resource_git/seano-logger/install/setup.bash'
[7.278s] INFO:colcon.colcon_core.shell:Creating prefix script '/home/seano/resource_git/seano-logger/install/local_setup.zsh'
[7.280s] INFO:colcon.colcon_core.shell:Creating prefix chain script '/home/seano/resource_git/seano-logger/install/setup.zsh'
