[3.680s] Invoking command in '/home/seano/resource_git/seano-logger/build/seano_sensors': PYTHONPATH=/home/seano/resource_git/seano-logger/build/seano_sensors/prefix_override:/usr/lib/python3/dist-packages/colcon_core/task/python/colcon_distutils_commands:/home/seano/resource_git/seano-logger/install/seano_sensors/lib/python3.10/site-packages:${PYTHONPATH} /usr/bin/python3 -W ignore:setup.py install is deprecated -W ignore:easy_install command is deprecated setup.py develop --uninstall --editable --build-directory /home/seano/resource_git/seano-logger/build/seano_sensors/build
[4.774s] running develop
[5.406s] Removing /home/seano/resource_git/seano-logger/install/seano_sensors/lib/python3.10/site-packages/seano-sensors.egg-link (link to .)
[5.594s] Invoked command in '/home/seano/resource_git/seano-logger/build/seano_sensors' returned '0': PYTHONPATH=/home/seano/resource_git/seano-logger/build/seano_sensors/prefix_override:/usr/lib/python3/dist-packages/colcon_core/task/python/colcon_distutils_commands:/home/seano/resource_git/seano-logger/install/seano_sensors/lib/python3.10/site-packages:${PYTHONPATH} /usr/bin/python3 -W ignore:setup.py install is deprecated -W ignore:easy_install command is deprecated setup.py develop --uninstall --editable --build-directory /home/seano/resource_git/seano-logger/build/seano_sensors/build
[5.599s] Invoking command in '/home/seano/resource_git/seano-logger/src/seano_sensors': PYTHONPATH=/home/seano/resource_git/seano-logger/build/seano_sensors/prefix_override:/usr/lib/python3/dist-packages/colcon_core/task/python/colcon_distutils_commands:/home/seano/resource_git/seano-logger/install/seano_sensors/lib/python3.10/site-packages:${PYTHONPATH} /usr/bin/python3 -W ignore:setup.py install is deprecated -W ignore:easy_install command is deprecated setup.py egg_info --egg-base ../../build/seano_sensors build --build-base /home/seano/resource_git/seano-logger/build/seano_sensors/build install --record /home/seano/resource_git/seano-logger/build/seano_sensors/install.log --single-version-externally-managed install_data --force
[6.357s] running egg_info
[6.403s] writing ../../build/seano_sensors/seano_sensors.egg-info/PKG-INFO
[6.407s] writing dependency_links to ../../build/seano_sensors/seano_sensors.egg-info/dependency_links.txt
[6.409s] writing entry points to ../../build/seano_sensors/seano_sensors.egg-info/entry_points.txt
[6.411s] writing requirements to ../../build/seano_sensors/seano_sensors.egg-info/requires.txt
[6.412s] writing top-level names to ../../build/seano_sensors/seano_sensors.egg-info/top_level.txt
[6.508s] reading manifest file '../../build/seano_sensors/seano_sensors.egg-info/SOURCES.txt'
[6.512s] writing manifest file '../../build/seano_sensors/seano_sensors.egg-info/SOURCES.txt'
[6.513s] running build
[6.513s] running build_py
[6.514s] copying seano_sensors/ctd_reader.py -> /home/seano/resource_git/seano-logger/build/seano_sensors/build/lib/seano_sensors
[6.516s] copying seano_sensors/gps_reader.py -> /home/seano/resource_git/seano-logger/build/seano_sensors/build/lib/seano_sensors
[6.516s] copying seano_sensors/battery_reader.py -> /home/seano/resource_git/seano-logger/build/seano_sensors/build/lib/seano_sensors
[6.516s] copying seano_sensors/imu_reader.py -> /home/seano/resource_git/seano-logger/build/seano_sensors/build/lib/seano_sensors
[6.517s] copying seano_sensors/video_logger_node.py -> /home/seano/resource_git/seano-logger/build/seano_sensors/build/lib/seano_sensors
[6.517s] copying seano_sensors/sbes_reader.py -> /home/seano/resource_git/seano-logger/build/seano_sensors/build/lib/seano_sensors
[6.518s] copying seano_sensors/__init__.py -> /home/seano/resource_git/seano-logger/build/seano_sensors/build/lib/seano_sensors
[6.518s] copying seano_sensors/adcp_reader.py -> /home/seano/resource_git/seano-logger/build/seano_sensors/build/lib/seano_sensors
[6.519s] running install
[6.531s] running install_lib
[6.577s] creating /home/seano/resource_git/seano-logger/install/seano_sensors/lib/python3.10/site-packages/seano_sensors
[6.578s] copying /home/seano/resource_git/seano-logger/build/seano_sensors/build/lib/seano_sensors/ctd_reader.py -> /home/seano/resource_git/seano-logger/install/seano_sensors/lib/python3.10/site-packages/seano_sensors
[6.578s] copying /home/seano/resource_git/seano-logger/build/seano_sensors/build/lib/seano_sensors/gps_reader.py -> /home/seano/resource_git/seano-logger/install/seano_sensors/lib/python3.10/site-packages/seano_sensors
[6.579s] copying /home/seano/resource_git/seano-logger/build/seano_sensors/build/lib/seano_sensors/battery_reader.py -> /home/seano/resource_git/seano-logger/install/seano_sensors/lib/python3.10/site-packages/seano_sensors
[6.579s] copying /home/seano/resource_git/seano-logger/build/seano_sensors/build/lib/seano_sensors/imu_reader.py -> /home/seano/resource_git/seano-logger/install/seano_sensors/lib/python3.10/site-packages/seano_sensors
[6.579s] copying /home/seano/resource_git/seano-logger/build/seano_sensors/build/lib/seano_sensors/video_logger_node.py -> /home/seano/resource_git/seano-logger/install/seano_sensors/lib/python3.10/site-packages/seano_sensors
[6.580s] copying /home/seano/resource_git/seano-logger/build/seano_sensors/build/lib/seano_sensors/sbes_reader.py -> /home/seano/resource_git/seano-logger/install/seano_sensors/lib/python3.10/site-packages/seano_sensors
[6.580s] copying /home/seano/resource_git/seano-logger/build/seano_sensors/build/lib/seano_sensors/__init__.py -> /home/seano/resource_git/seano-logger/install/seano_sensors/lib/python3.10/site-packages/seano_sensors
[6.581s] copying /home/seano/resource_git/seano-logger/build/seano_sensors/build/lib/seano_sensors/adcp_reader.py -> /home/seano/resource_git/seano-logger/install/seano_sensors/lib/python3.10/site-packages/seano_sensors
[6.588s] byte-compiling /home/seano/resource_git/seano-logger/install/seano_sensors/lib/python3.10/site-packages/seano_sensors/ctd_reader.py to ctd_reader.cpython-310.pyc
[6.589s] byte-compiling /home/seano/resource_git/seano-logger/install/seano_sensors/lib/python3.10/site-packages/seano_sensors/gps_reader.py to gps_reader.cpython-310.pyc
[6.589s] byte-compiling /home/seano/resource_git/seano-logger/install/seano_sensors/lib/python3.10/site-packages/seano_sensors/battery_reader.py to battery_reader.cpython-310.pyc
[6.591s] byte-compiling /home/seano/resource_git/seano-logger/install/seano_sensors/lib/python3.10/site-packages/seano_sensors/imu_reader.py to imu_reader.cpython-310.pyc
[6.593s] byte-compiling /home/seano/resource_git/seano-logger/install/seano_sensors/lib/python3.10/site-packages/seano_sensors/video_logger_node.py to video_logger_node.cpython-310.pyc
[6.600s] byte-compiling /home/seano/resource_git/seano-logger/install/seano_sensors/lib/python3.10/site-packages/seano_sensors/sbes_reader.py to sbes_reader.cpython-310.pyc
[6.602s] byte-compiling /home/seano/resource_git/seano-logger/install/seano_sensors/lib/python3.10/site-packages/seano_sensors/__init__.py to __init__.cpython-310.pyc
[6.602s] byte-compiling /home/seano/resource_git/seano-logger/install/seano_sensors/lib/python3.10/site-packages/seano_sensors/adcp_reader.py to adcp_reader.cpython-310.pyc
[6.604s] running install_data
[6.606s] copying resource/seano_sensors -> /home/seano/resource_git/seano-logger/install/seano_sensors/share/ament_index/resource_index/packages
[6.606s] copying package.xml -> /home/seano/resource_git/seano-logger/install/seano_sensors/share/seano_sensors
[6.607s] running install_egg_info
[6.657s] Copying ../../build/seano_sensors/seano_sensors.egg-info to /home/seano/resource_git/seano-logger/install/seano_sensors/lib/python3.10/site-packages/seano_sensors-0.0.0-py3.10.egg-info
[6.671s] running install_scripts
[7.072s] Installing adcp_reader script to /home/seano/resource_git/seano-logger/install/seano_sensors/lib/seano_sensors
[7.073s] Installing battery_reader script to /home/seano/resource_git/seano-logger/install/seano_sensors/lib/seano_sensors
[7.073s] Installing ctd_reader script to /home/seano/resource_git/seano-logger/install/seano_sensors/lib/seano_sensors
[7.073s] Installing gps_reader script to /home/seano/resource_git/seano-logger/install/seano_sensors/lib/seano_sensors
[7.073s] Installing imu_reader script to /home/seano/resource_git/seano-logger/install/seano_sensors/lib/seano_sensors
[7.073s] Installing sbes_reader script to /home/seano/resource_git/seano-logger/install/seano_sensors/lib/seano_sensors
[7.074s] Installing video_logger_node script to /home/seano/resource_git/seano-logger/install/seano_sensors/lib/seano_sensors
[7.078s] writing list of installed files to '/home/seano/resource_git/seano-logger/build/seano_sensors/install.log'
[7.299s] Invoked command in '/home/seano/resource_git/seano-logger/src/seano_sensors' returned '0': PYTHONPATH=/home/seano/resource_git/seano-logger/build/seano_sensors/prefix_override:/usr/lib/python3/dist-packages/colcon_core/task/python/colcon_distutils_commands:/home/seano/resource_git/seano-logger/install/seano_sensors/lib/python3.10/site-packages:${PYTHONPATH} /usr/bin/python3 -W ignore:setup.py install is deprecated -W ignore:easy_install command is deprecated setup.py egg_info --egg-base ../../build/seano_sensors build --build-base /home/seano/resource_git/seano-logger/build/seano_sensors/build install --record /home/seano/resource_git/seano-logger/build/seano_sensors/install.log --single-version-externally-managed install_data --force
