[7.699s] Invoking command in '/home/seano/resource_git/seano-logger/src/seano_logger': PYTHONPATH=/home/seano/resource_git/seano-logger/build/seano_logger/prefix_override:/usr/lib/python3/dist-packages/colcon_core/task/python/colcon_distutils_commands:/home/seano/resource_git/seano-logger/install/seano_logger/lib/python3.10/site-packages:${PYTHONPATH} /usr/bin/python3 -W ignore:setup.py install is deprecated -W ignore:easy_install command is deprecated setup.py egg_info --egg-base ../../build/seano_logger build --build-base /home/seano/resource_git/seano-logger/build/seano_logger/build install --record /home/seano/resource_git/seano-logger/build/seano_logger/install.log --single-version-externally-managed install_data
[9.162s] running egg_info
[9.301s] writing ../../build/seano_logger/seano_logger.egg-info/PKG-INFO
[9.373s] writing dependency_links to ../../build/seano_logger/seano_logger.egg-info/dependency_links.txt
[9.377s] writing entry points to ../../build/seano_logger/seano_logger.egg-info/entry_points.txt
[9.377s] writing requirements to ../../build/seano_logger/seano_logger.egg-info/requires.txt
[9.377s] writing top-level names to ../../build/seano_logger/seano_logger.egg-info/top_level.txt
[9.498s] reading manifest file '../../build/seano_logger/seano_logger.egg-info/SOURCES.txt'
[9.652s] writing manifest file '../../build/seano_logger/seano_logger.egg-info/SOURCES.txt'
[9.657s] running build
[9.658s] running build_py
[9.658s] copying seano_logger/logger_node.py -> /home/seano/resource_git/seano-logger/build/seano_logger/build/lib/seano_logger
[9.924s] copying seano_logger/__init__.py -> /home/seano/resource_git/seano-logger/build/seano_logger/build/lib/seano_logger
[9.925s] running install
[9.944s] running install_lib
[10.026s] running install_data
[10.030s] copying resource/seano_logger -> /home/seano/resource_git/seano-logger/install/seano_logger/share/ament_index/resource_index/packages
[10.043s] copying package.xml -> /home/seano/resource_git/seano-logger/install/seano_logger/share/seano_logger
[10.049s] copying launch/seano_all.launch.py -> /home/seano/resource_git/seano-logger/install/seano_logger/share/seano_logger/launch
[10.050s] running install_egg_info
[10.167s] removing '/home/seano/resource_git/seano-logger/install/seano_logger/lib/python3.10/site-packages/seano_logger-0.0.0-py3.10.egg-info' (and everything under it)
[10.181s] Copying ../../build/seano_logger/seano_logger.egg-info to /home/seano/resource_git/seano-logger/install/seano_logger/lib/python3.10/site-packages/seano_logger-0.0.0-py3.10.egg-info
[10.186s] running install_scripts
[11.129s] Installing logger_node script to /home/seano/resource_git/seano-logger/install/seano_logger/lib/seano_logger
[11.147s] writing list of installed files to '/home/seano/resource_git/seano-logger/build/seano_logger/install.log'
[12.032s] Invoked command in '/home/seano/resource_git/seano-logger/src/seano_logger' returned '0': PYTHONPATH=/home/seano/resource_git/seano-logger/build/seano_logger/prefix_override:/usr/lib/python3/dist-packages/colcon_core/task/python/colcon_distutils_commands:/home/seano/resource_git/seano-logger/install/seano_logger/lib/python3.10/site-packages:${PYTHONPATH} /usr/bin/python3 -W ignore:setup.py install is deprecated -W ignore:easy_install command is deprecated setup.py egg_info --egg-base ../../build/seano_logger build --build-base /home/seano/resource_git/seano-logger/build/seano_logger/build install --record /home/seano/resource_git/seano-logger/build/seano_logger/install.log --single-version-externally-managed install_data
