[3.005s] Invoking command in '/home/seano/resource_git/seano-logger/src/seano_logger': PYTHONPATH=/home/seano/resource_git/seano-logger/build/seano_logger/prefix_override:/usr/lib/python3/dist-packages/colcon_core/task/python/colcon_distutils_commands:/home/seano/resource_git/seano-logger/install/seano_logger/lib/python3.10/site-packages:${PYTHONPATH} /usr/bin/python3 -W ignore:setup.py install is deprecated -W ignore:easy_install command is deprecated setup.py egg_info --egg-base ../../build/seano_logger build --build-base /home/seano/resource_git/seano-logger/build/seano_logger/build install --record /home/seano/resource_git/seano-logger/build/seano_logger/install.log --single-version-externally-managed install_data
[3.750s] running egg_info
[3.794s] writing ../../build/seano_logger/seano_logger.egg-info/PKG-INFO
[3.800s] writing dependency_links to ../../build/seano_logger/seano_logger.egg-info/dependency_links.txt
[3.800s] writing entry points to ../../build/seano_logger/seano_logger.egg-info/entry_points.txt
[3.801s] writing requirements to ../../build/seano_logger/seano_logger.egg-info/requires.txt
[3.801s] writing top-level names to ../../build/seano_logger/seano_logger.egg-info/top_level.txt
[3.897s] reading manifest file '../../build/seano_logger/seano_logger.egg-info/SOURCES.txt'
[3.901s] writing manifest file '../../build/seano_logger/seano_logger.egg-info/SOURCES.txt'
[3.901s] running build
[3.902s] running build_py
[3.902s] copying seano_logger/logger_node.py -> /home/seano/resource_git/seano-logger/build/seano_logger/build/lib/seano_logger
[3.904s] copying seano_logger/__init__.py -> /home/seano/resource_git/seano-logger/build/seano_logger/build/lib/seano_logger
[3.905s] running install
[3.917s] running install_lib
[3.964s] copying /home/seano/resource_git/seano-logger/build/seano_logger/build/lib/seano_logger/logger_node.py -> /home/seano/resource_git/seano-logger/install/seano_logger/lib/python3.10/site-packages/seano_logger
[3.968s] byte-compiling /home/seano/resource_git/seano-logger/install/seano_logger/lib/python3.10/site-packages/seano_logger/logger_node.py to logger_node.cpython-310.pyc
[4.005s] running install_data
[4.006s] copying resource/seano_logger -> /home/seano/resource_git/seano-logger/install/seano_logger/share/ament_index/resource_index/packages
[4.007s] copying package.xml -> /home/seano/resource_git/seano-logger/install/seano_logger/share/seano_logger
[4.008s] copying launch/seano_all.launch.py -> /home/seano/resource_git/seano-logger/install/seano_logger/share/seano_logger/launch
[4.008s] running install_egg_info
[4.060s] removing '/home/seano/resource_git/seano-logger/install/seano_logger/lib/python3.10/site-packages/seano_logger-0.0.0-py3.10.egg-info' (and everything under it)
[4.061s] Copying ../../build/seano_logger/seano_logger.egg-info to /home/seano/resource_git/seano-logger/install/seano_logger/lib/python3.10/site-packages/seano_logger-0.0.0-py3.10.egg-info
[4.064s] running install_scripts
[4.438s] Installing logger_node script to /home/seano/resource_git/seano-logger/install/seano_logger/lib/seano_logger
[4.440s] writing list of installed files to '/home/seano/resource_git/seano-logger/build/seano_logger/install.log'
[4.610s] Invoked command in '/home/seano/resource_git/seano-logger/src/seano_logger' returned '0': PYTHONPATH=/home/seano/resource_git/seano-logger/build/seano_logger/prefix_override:/usr/lib/python3/dist-packages/colcon_core/task/python/colcon_distutils_commands:/home/seano/resource_git/seano-logger/install/seano_logger/lib/python3.10/site-packages:${PYTHONPATH} /usr/bin/python3 -W ignore:setup.py install is deprecated -W ignore:easy_install command is deprecated setup.py egg_info --egg-base ../../build/seano_logger build --build-base /home/seano/resource_git/seano-logger/build/seano_logger/build install --record /home/seano/resource_git/seano-logger/build/seano_logger/install.log --single-version-externally-managed install_data
