[16.009s] Invoking command in '/home/seano/resource_git/seano-logger/src/seano_logger': PYTHONPATH=/home/seano/resource_git/seano-logger/build/seano_logger/prefix_override:/usr/lib/python3/dist-packages/colcon_core/task/python/colcon_distutils_commands:/home/seano/resource_git/seano-logger/install/seano_logger/lib/python3.10/site-packages:${PYTHONPATH} /usr/bin/python3 -W ignore:setup.py install is deprecated -W ignore:easy_install command is deprecated setup.py egg_info --egg-base ../../build/seano_logger build --build-base /home/seano/resource_git/seano-logger/build/seano_logger/build install --record /home/seano/resource_git/seano-logger/build/seano_logger/install.log --single-version-externally-managed install_data
[19.021s] running egg_info
[19.133s] writing ../../build/seano_logger/seano_logger.egg-info/PKG-INFO
[19.139s] writing dependency_links to ../../build/seano_logger/seano_logger.egg-info/dependency_links.txt
[19.143s] writing entry points to ../../build/seano_logger/seano_logger.egg-info/entry_points.txt
[19.152s] writing requirements to ../../build/seano_logger/seano_logger.egg-info/requires.txt
[19.163s] writing top-level names to ../../build/seano_logger/seano_logger.egg-info/top_level.txt
[19.346s] reading manifest file '../../build/seano_logger/seano_logger.egg-info/SOURCES.txt'
[19.351s] writing manifest file '../../build/seano_logger/seano_logger.egg-info/SOURCES.txt'
[19.354s] running build
[19.354s] running build_py
[19.356s] copying seano_logger/logger_node.py -> /home/seano/resource_git/seano-logger/build/seano_logger/build/lib/seano_logger
[19.369s] copying seano_logger/__init__.py -> /home/seano/resource_git/seano-logger/build/seano_logger/build/lib/seano_logger
[19.371s] running install
[19.409s] running install_lib
[19.474s] running install_data
[19.476s] copying resource/seano_logger -> /home/seano/resource_git/seano-logger/install/seano_logger/share/ament_index/resource_index/packages
[19.477s] copying package.xml -> /home/seano/resource_git/seano-logger/install/seano_logger/share/seano_logger
[19.489s] copying launch/seano_all.launch.py -> /home/seano/resource_git/seano-logger/install/seano_logger/share/seano_logger/launch
[19.493s] running install_egg_info
[19.565s] removing '/home/seano/resource_git/seano-logger/install/seano_logger/lib/python3.10/site-packages/seano_logger-0.0.0-py3.10.egg-info' (and everything under it)
[19.573s] Copying ../../build/seano_logger/seano_logger.egg-info to /home/seano/resource_git/seano-logger/install/seano_logger/lib/python3.10/site-packages/seano_logger-0.0.0-py3.10.egg-info
[19.585s] running install_scripts
[21.631s] Installing logger_node script to /home/seano/resource_git/seano-logger/install/seano_logger/lib/seano_logger
[21.636s] writing list of installed files to '/home/seano/resource_git/seano-logger/build/seano_logger/install.log'
[22.284s] Invoked command in '/home/seano/resource_git/seano-logger/src/seano_logger' returned '0': PYTHONPATH=/home/seano/resource_git/seano-logger/build/seano_logger/prefix_override:/usr/lib/python3/dist-packages/colcon_core/task/python/colcon_distutils_commands:/home/seano/resource_git/seano-logger/install/seano_logger/lib/python3.10/site-packages:${PYTHONPATH} /usr/bin/python3 -W ignore:setup.py install is deprecated -W ignore:easy_install command is deprecated setup.py egg_info --egg-base ../../build/seano_logger build --build-base /home/seano/resource_git/seano-logger/build/seano_logger/build install --record /home/seano/resource_git/seano-logger/build/seano_logger/install.log --single-version-externally-managed install_data
