[7.615s] Invoking command in '/home/seano/resource_git/seano-logger/build/seano_sensors': PYTHONPATH=/home/seano/resource_git/seano-logger/build/seano_sensors/prefix_override:/usr/lib/python3/dist-packages/colcon_core/task/python/colcon_distutils_commands:/home/seano/resource_git/seano-logger/install/seano_sensors/lib/python3.10/site-packages:${PYTHONPATH} /usr/bin/python3 -W ignore:setup.py install is deprecated -W ignore:easy_install command is deprecated setup.py develop --editable --build-directory /home/seano/resource_git/seano-logger/build/seano_sensors/build --no-deps symlink_data --force
[9.181s] running develop
[10.023s] running egg_info
[10.071s] writing seano_sensors.egg-info/PKG-INFO
[10.072s] writing dependency_links to seano_sensors.egg-info/dependency_links.txt
[10.073s] writing entry points to seano_sensors.egg-info/entry_points.txt
[10.073s] writing requirements to seano_sensors.egg-info/requires.txt
[10.073s] writing top-level names to seano_sensors.egg-info/top_level.txt
[10.200s] reading manifest file 'seano_sensors.egg-info/SOURCES.txt'
[10.208s] writing manifest file 'seano_sensors.egg-info/SOURCES.txt'
[10.260s] running build_ext
[10.261s] Creating /home/seano/resource_git/seano-logger/install/seano_sensors/lib/python3.10/site-packages/seano-sensors.egg-link (link to .)
[10.263s] Installing adcp_reader script to /home/seano/resource_git/seano-logger/install/seano_sensors/lib/seano_sensors
[10.264s] Installing battery_reader script to /home/seano/resource_git/seano-logger/install/seano_sensors/lib/seano_sensors
[10.264s] Installing ctd_reader script to /home/seano/resource_git/seano-logger/install/seano_sensors/lib/seano_sensors
[10.265s] Installing gps_reader script to /home/seano/resource_git/seano-logger/install/seano_sensors/lib/seano_sensors
[10.265s] Installing imu_reader script to /home/seano/resource_git/seano-logger/install/seano_sensors/lib/seano_sensors
[10.265s] Installing sbes_reader script to /home/seano/resource_git/seano-logger/install/seano_sensors/lib/seano_sensors
[10.266s] Installing video_logger_node script to /home/seano/resource_git/seano-logger/install/seano_sensors/lib/seano_sensors
[10.267s] 
[10.267s] Installed /home/seano/resource_git/seano-logger/build/seano_sensors
[10.268s] running symlink_data
[10.268s] symbolically linking /home/seano/resource_git/seano-logger/build/seano_sensors/resource/seano_sensors -> /home/seano/resource_git/seano-logger/install/seano_sensors/share/ament_index/resource_index/packages
[10.269s] symbolically linking /home/seano/resource_git/seano-logger/build/seano_sensors/package.xml -> /home/seano/resource_git/seano-logger/install/seano_sensors/share/seano_sensors
[10.602s] Invoked command in '/home/seano/resource_git/seano-logger/build/seano_sensors' returned '0': PYTHONPATH=/home/seano/resource_git/seano-logger/build/seano_sensors/prefix_override:/usr/lib/python3/dist-packages/colcon_core/task/python/colcon_distutils_commands:/home/seano/resource_git/seano-logger/install/seano_sensors/lib/python3.10/site-packages:${PYTHONPATH} /usr/bin/python3 -W ignore:setup.py install is deprecated -W ignore:easy_install command is deprecated setup.py develop --editable --build-directory /home/seano/resource_git/seano-logger/build/seano_sensors/build --no-deps symlink_data --force
