[2.593s] Invoking command in '/home/seano/resource_git/seano-logger/src/seano_sensors': PYTHONPATH=/home/seano/resource_git/seano-logger/build/seano_sensors/prefix_override:/usr/lib/python3/dist-packages/colcon_core/task/python/colcon_distutils_commands:/home/seano/resource_git/seano-logger/install/seano_sensors/lib/python3.10/site-packages:${PYTHONPATH} /usr/bin/python3 -W ignore:setup.py install is deprecated -W ignore:easy_install command is deprecated setup.py egg_info --egg-base ../../build/seano_sensors build --build-base /home/seano/resource_git/seano-logger/build/seano_sensors/build install --record /home/seano/resource_git/seano-logger/build/seano_sensors/install.log --single-version-externally-managed install_data
[3.269s] running egg_info
[3.309s] writing ../../build/seano_sensors/seano_sensors.egg-info/PKG-INFO
[3.311s] writing dependency_links to ../../build/seano_sensors/seano_sensors.egg-info/dependency_links.txt
[3.311s] writing entry points to ../../build/seano_sensors/seano_sensors.egg-info/entry_points.txt
[3.312s] writing requirements to ../../build/seano_sensors/seano_sensors.egg-info/requires.txt
[3.312s] writing top-level names to ../../build/seano_sensors/seano_sensors.egg-info/top_level.txt
[3.401s] reading manifest file '../../build/seano_sensors/seano_sensors.egg-info/SOURCES.txt'
[3.404s] writing manifest file '../../build/seano_sensors/seano_sensors.egg-info/SOURCES.txt'
[3.405s] running build
[3.405s] running build_py
[3.406s] copying seano_sensors/ctd_reader.py -> /home/seano/resource_git/seano-logger/build/seano_sensors/build/lib/seano_sensors
[3.406s] copying seano_sensors/gps_reader.py -> /home/seano/resource_git/seano-logger/build/seano_sensors/build/lib/seano_sensors
[3.407s] copying seano_sensors/battery_reader.py -> /home/seano/resource_git/seano-logger/build/seano_sensors/build/lib/seano_sensors
[3.407s] copying seano_sensors/imu_reader.py -> /home/seano/resource_git/seano-logger/build/seano_sensors/build/lib/seano_sensors
[3.408s] copying seano_sensors/sbes_reader.py -> /home/seano/resource_git/seano-logger/build/seano_sensors/build/lib/seano_sensors
[3.408s] copying seano_sensors/__init__.py -> /home/seano/resource_git/seano-logger/build/seano_sensors/build/lib/seano_sensors
[3.409s] copying seano_sensors/adcp_reader.py -> /home/seano/resource_git/seano-logger/build/seano_sensors/build/lib/seano_sensors
[3.410s] running install
[3.420s] running install_lib
[3.462s] copying /home/seano/resource_git/seano-logger/build/seano_sensors/build/lib/seano_sensors/gps_reader.py -> /home/seano/resource_git/seano-logger/install/seano_sensors/lib/python3.10/site-packages/seano_sensors
[3.463s] copying /home/seano/resource_git/seano-logger/build/seano_sensors/build/lib/seano_sensors/imu_reader.py -> /home/seano/resource_git/seano-logger/install/seano_sensors/lib/python3.10/site-packages/seano_sensors
[3.465s] byte-compiling /home/seano/resource_git/seano-logger/install/seano_sensors/lib/python3.10/site-packages/seano_sensors/gps_reader.py to gps_reader.cpython-310.pyc
[3.468s] byte-compiling /home/seano/resource_git/seano-logger/install/seano_sensors/lib/python3.10/site-packages/seano_sensors/imu_reader.py to imu_reader.cpython-310.pyc
[3.470s] running install_data
[3.471s] copying resource/seano_sensors -> /home/seano/resource_git/seano-logger/install/seano_sensors/share/ament_index/resource_index/packages
[3.471s] copying package.xml -> /home/seano/resource_git/seano-logger/install/seano_sensors/share/seano_sensors
[3.472s] running install_egg_info
[3.517s] removing '/home/seano/resource_git/seano-logger/install/seano_sensors/lib/python3.10/site-packages/seano_sensors-0.0.0-py3.10.egg-info' (and everything under it)
[3.517s] Copying ../../build/seano_sensors/seano_sensors.egg-info to /home/seano/resource_git/seano-logger/install/seano_sensors/lib/python3.10/site-packages/seano_sensors-0.0.0-py3.10.egg-info
[3.520s] running install_scripts
[3.854s] Installing adcp_reader script to /home/seano/resource_git/seano-logger/install/seano_sensors/lib/seano_sensors
[3.854s] Installing battery_reader script to /home/seano/resource_git/seano-logger/install/seano_sensors/lib/seano_sensors
[3.855s] Installing ctd_reader script to /home/seano/resource_git/seano-logger/install/seano_sensors/lib/seano_sensors
[3.855s] Installing gps_reader script to /home/seano/resource_git/seano-logger/install/seano_sensors/lib/seano_sensors
[3.856s] Installing imu_reader script to /home/seano/resource_git/seano-logger/install/seano_sensors/lib/seano_sensors
[3.856s] Installing sbes_reader script to /home/seano/resource_git/seano-logger/install/seano_sensors/lib/seano_sensors
[3.857s] writing list of installed files to '/home/seano/resource_git/seano-logger/build/seano_sensors/install.log'
[4.020s] Invoked command in '/home/seano/resource_git/seano-logger/src/seano_sensors' returned '0': PYTHONPATH=/home/seano/resource_git/seano-logger/build/seano_sensors/prefix_override:/usr/lib/python3/dist-packages/colcon_core/task/python/colcon_distutils_commands:/home/seano/resource_git/seano-logger/install/seano_sensors/lib/python3.10/site-packages:${PYTHONPATH} /usr/bin/python3 -W ignore:setup.py install is deprecated -W ignore:easy_install command is deprecated setup.py egg_info --egg-base ../../build/seano_sensors build --build-base /home/seano/resource_git/seano-logger/build/seano_sensors/build install --record /home/seano/resource_git/seano-logger/build/seano_sensors/install.log --single-version-externally-managed install_data
