[12.087s] Invoking command in '/home/seano/resource_git/seano-logger/src/seano_logger': PYTHONPATH=/home/seano/resource_git/seano-logger/build/seano_logger/prefix_override:/usr/lib/python3/dist-packages/colcon_core/task/python/colcon_distutils_commands:/home/seano/resource_git/seano-logger/install/seano_logger/lib/python3.10/site-packages:${PYTHONPATH} /usr/bin/python3 -W ignore:setup.py install is deprecated -W ignore:easy_install command is deprecated setup.py egg_info --egg-base ../../build/seano_logger build --build-base /home/seano/resource_git/seano-logger/build/seano_logger/build install --record /home/seano/resource_git/seano-logger/build/seano_logger/install.log --single-version-externally-managed install_data
[14.931s] running egg_info
[15.004s] writing ../../build/seano_logger/seano_logger.egg-info/PKG-INFO
[15.063s] writing dependency_links to ../../build/seano_logger/seano_logger.egg-info/dependency_links.txt
[15.074s] writing entry points to ../../build/seano_logger/seano_logger.egg-info/entry_points.txt
[15.076s] writing requirements to ../../build/seano_logger/seano_logger.egg-info/requires.txt
[15.077s] writing top-level names to ../../build/seano_logger/seano_logger.egg-info/top_level.txt
[15.228s] reading manifest file '../../build/seano_logger/seano_logger.egg-info/SOURCES.txt'
[15.245s] writing manifest file '../../build/seano_logger/seano_logger.egg-info/SOURCES.txt'
[15.246s] running build
[15.246s] running build_py
[15.247s] copying seano_logger/logger_node.py -> /home/seano/resource_git/seano-logger/build/seano_logger/build/lib/seano_logger
[15.268s] copying seano_logger/__init__.py -> /home/seano/resource_git/seano-logger/build/seano_logger/build/lib/seano_logger
[15.272s] running install
[15.273s] running install_lib
[15.339s] running install_data
[15.340s] copying resource/seano_logger -> /home/seano/resource_git/seano-logger/install/seano_logger/share/ament_index/resource_index/packages
[15.355s] copying package.xml -> /home/seano/resource_git/seano-logger/install/seano_logger/share/seano_logger
[15.356s] copying launch/seano_all.launch.py -> /home/seano/resource_git/seano-logger/install/seano_logger/share/seano_logger/launch
[15.357s] running install_egg_info
[15.601s] removing '/home/seano/resource_git/seano-logger/install/seano_logger/lib/python3.10/site-packages/seano_logger-0.0.0-py3.10.egg-info' (and everything under it)
[15.601s] Copying ../../build/seano_logger/seano_logger.egg-info to /home/seano/resource_git/seano-logger/install/seano_logger/lib/python3.10/site-packages/seano_logger-0.0.0-py3.10.egg-info
[15.608s] running install_scripts
[17.118s] Installing logger_node script to /home/seano/resource_git/seano-logger/install/seano_logger/lib/seano_logger
[17.149s] writing list of installed files to '/home/seano/resource_git/seano-logger/build/seano_logger/install.log'
[17.997s] Invoked command in '/home/seano/resource_git/seano-logger/src/seano_logger' returned '0': PYTHONPATH=/home/seano/resource_git/seano-logger/build/seano_logger/prefix_override:/usr/lib/python3/dist-packages/colcon_core/task/python/colcon_distutils_commands:/home/seano/resource_git/seano-logger/install/seano_logger/lib/python3.10/site-packages:${PYTHONPATH} /usr/bin/python3 -W ignore:setup.py install is deprecated -W ignore:easy_install command is deprecated setup.py egg_info --egg-base ../../build/seano_logger build --build-base /home/seano/resource_git/seano-logger/build/seano_logger/build install --record /home/seano/resource_git/seano-logger/build/seano_logger/install.log --single-version-externally-managed install_data
