[3.132s] Invoking command in '/home/seano/resource_git/seano-logger/src/seano_logger': PYTHONPATH=/home/seano/resource_git/seano-logger/build/seano_logger/prefix_override:/usr/lib/python3/dist-packages/colcon_core/task/python/colcon_distutils_commands:/home/seano/resource_git/seano-logger/install/seano_logger/lib/python3.10/site-packages:${PYTHONPATH} /usr/bin/python3 -W ignore:setup.py install is deprecated -W ignore:easy_install command is deprecated setup.py egg_info --egg-base ../../build/seano_logger build --build-base /home/seano/resource_git/seano-logger/build/seano_logger/build install --record /home/seano/resource_git/seano-logger/build/seano_logger/install.log --single-version-externally-managed install_data
[3.881s] running egg_info
[3.885s] writing ../../build/seano_logger/seano_logger.egg-info/PKG-INFO
[3.901s] writing dependency_links to ../../build/seano_logger/seano_logger.egg-info/dependency_links.txt
[3.902s] writing entry points to ../../build/seano_logger/seano_logger.egg-info/entry_points.txt
[3.903s] writing requirements to ../../build/seano_logger/seano_logger.egg-info/requires.txt
[3.903s] writing top-level names to ../../build/seano_logger/seano_logger.egg-info/top_level.txt
[3.996s] reading manifest file '../../build/seano_logger/seano_logger.egg-info/SOURCES.txt'
[4.001s] writing manifest file '../../build/seano_logger/seano_logger.egg-info/SOURCES.txt'
[4.004s] running build
[4.005s] running build_py
[4.006s] copying seano_logger/logger_node.py -> /home/seano/resource_git/seano-logger/build/seano_logger/build/lib/seano_logger
[4.006s] copying seano_logger/__init__.py -> /home/seano/resource_git/seano-logger/build/seano_logger/build/lib/seano_logger
[4.006s] running install
[4.015s] running install_lib
[4.061s] running install_data
[4.061s] copying resource/seano_logger -> /home/seano/resource_git/seano-logger/install/seano_logger/share/ament_index/resource_index/packages
[4.063s] copying package.xml -> /home/seano/resource_git/seano-logger/install/seano_logger/share/seano_logger
[4.063s] copying launch/seano_all.launch.py -> /home/seano/resource_git/seano-logger/install/seano_logger/share/seano_logger/launch
[4.063s] running install_egg_info
[4.116s] removing '/home/seano/resource_git/seano-logger/install/seano_logger/lib/python3.10/site-packages/seano_logger-0.0.0-py3.10.egg-info' (and everything under it)
[4.116s] Copying ../../build/seano_logger/seano_logger.egg-info to /home/seano/resource_git/seano-logger/install/seano_logger/lib/python3.10/site-packages/seano_logger-0.0.0-py3.10.egg-info
[4.123s] running install_scripts
[4.466s] Installing logger_node script to /home/seano/resource_git/seano-logger/install/seano_logger/lib/seano_logger
[4.466s] writing list of installed files to '/home/seano/resource_git/seano-logger/build/seano_logger/install.log'
[4.639s] Invoked command in '/home/seano/resource_git/seano-logger/src/seano_logger' returned '0': PYTHONPATH=/home/seano/resource_git/seano-logger/build/seano_logger/prefix_override:/usr/lib/python3/dist-packages/colcon_core/task/python/colcon_distutils_commands:/home/seano/resource_git/seano-logger/install/seano_logger/lib/python3.10/site-packages:${PYTHONPATH} /usr/bin/python3 -W ignore:setup.py install is deprecated -W ignore:easy_install command is deprecated setup.py egg_info --egg-base ../../build/seano_logger build --build-base /home/seano/resource_git/seano-logger/build/seano_logger/build install --record /home/seano/resource_git/seano-logger/build/seano_logger/install.log --single-version-externally-managed install_data
