[6.260s] Invoking command in '/home/seano/resource_git/seano-logger/src/seano_logger': PYTHONPATH=/home/seano/resource_git/seano-logger/build/seano_logger/prefix_override:/usr/lib/python3/dist-packages/colcon_core/task/python/colcon_distutils_commands:/home/seano/resource_git/seano-logger/install/seano_logger/lib/python3.10/site-packages:${PYTHONPATH} /usr/bin/python3 -W ignore:setup.py install is deprecated -W ignore:easy_install command is deprecated setup.py egg_info --egg-base ../../build/seano_logger build --build-base /home/seano/resource_git/seano-logger/build/seano_logger/build install --record /home/seano/resource_git/seano-logger/build/seano_logger/install.log --single-version-externally-managed install_data
[8.056s] running egg_info
[8.149s] writing ../../build/seano_logger/seano_logger.egg-info/PKG-INFO
[8.150s] writing dependency_links to ../../build/seano_logger/seano_logger.egg-info/dependency_links.txt
[8.151s] writing entry points to ../../build/seano_logger/seano_logger.egg-info/entry_points.txt
[8.152s] writing requirements to ../../build/seano_logger/seano_logger.egg-info/requires.txt
[8.152s] writing top-level names to ../../build/seano_logger/seano_logger.egg-info/top_level.txt
[8.276s] reading manifest file '../../build/seano_logger/seano_logger.egg-info/SOURCES.txt'
[8.280s] writing manifest file '../../build/seano_logger/seano_logger.egg-info/SOURCES.txt'
[8.280s] running build
[8.283s] running build_py
[8.284s] copying seano_logger/logger_node.py -> /home/seano/resource_git/seano-logger/build/seano_logger/build/lib/seano_logger
[8.299s] copying seano_logger/__init__.py -> /home/seano/resource_git/seano-logger/build/seano_logger/build/lib/seano_logger
[8.309s] running install
[8.333s] running install_lib
[8.416s] running install_data
[8.417s] copying resource/seano_logger -> /home/seano/resource_git/seano-logger/install/seano_logger/share/ament_index/resource_index/packages
[8.429s] copying package.xml -> /home/seano/resource_git/seano-logger/install/seano_logger/share/seano_logger
[8.429s] copying launch/seano_all.launch.py -> /home/seano/resource_git/seano-logger/install/seano_logger/share/seano_logger/launch
[8.430s] running install_egg_info
[8.506s] removing '/home/seano/resource_git/seano-logger/install/seano_logger/lib/python3.10/site-packages/seano_logger-0.0.0-py3.10.egg-info' (and everything under it)
[8.507s] Copying ../../build/seano_logger/seano_logger.egg-info to /home/seano/resource_git/seano-logger/install/seano_logger/lib/python3.10/site-packages/seano_logger-0.0.0-py3.10.egg-info
[8.535s] running install_scripts
[9.221s] Installing logger_node script to /home/seano/resource_git/seano-logger/install/seano_logger/lib/seano_logger
[9.224s] writing list of installed files to '/home/seano/resource_git/seano-logger/build/seano_logger/install.log'
[9.767s] Invoked command in '/home/seano/resource_git/seano-logger/src/seano_logger' returned '0': PYTHONPATH=/home/seano/resource_git/seano-logger/build/seano_logger/prefix_override:/usr/lib/python3/dist-packages/colcon_core/task/python/colcon_distutils_commands:/home/seano/resource_git/seano-logger/install/seano_logger/lib/python3.10/site-packages:${PYTHONPATH} /usr/bin/python3 -W ignore:setup.py install is deprecated -W ignore:easy_install command is deprecated setup.py egg_info --egg-base ../../build/seano_logger build --build-base /home/seano/resource_git/seano-logger/build/seano_logger/build install --record /home/seano/resource_git/seano-logger/build/seano_logger/install.log --single-version-externally-managed install_data
