[0.211s] DEBUG:colcon:Command line arguments: ['/usr/bin/colcon', 'build']
[0.211s] DEBUG:colcon:Parsed command line arguments: Namespace(log_base=None, log_level=None, verb_name='build', build_base='build', install_base='install', merge_install=False, symlink_install=False, test_result_base=None, continue_on_error=False, executor='parallel', parallel_workers=4, event_handlers=None, ignore_user_meta=False, metas=['./colcon.meta'], base_paths=['.'], packages_ignore=None, packages_ignore_regex=None, paths=None, packages_up_to=None, packages_up_to_regex=None, packages_above=None, packages_above_and_dependencies=None, packages_above_depth=None, packages_select_by_dep=None, packages_skip_by_dep=None, packages_skip_up_to=None, packages_select_build_failed=False, packages_skip_build_finished=False, packages_select_test_failures=False, packages_skip_test_passed=False, packages_select=None, packages_skip=None, packages_select_regex=None, packages_skip_regex=None, packages_start=None, packages_end=None, allow_overriding=[], cmake_args=None, cmake_target=None, cmake_target_skip_unavailable=False, cmake_clean_cache=False, cmake_clean_first=False, cmake_force_configure=False, ament_cmake_args=None, catkin_cmake_args=None, catkin_skip_building_tests=False, verb_parser=<colcon_defaults.argument_parser.defaults.DefaultArgumentsDecorator object at 0x7a039a33b5b0>, verb_extension=<colcon_core.verb.build.BuildVerb object at 0x7a039a33aa10>, main=<bound method BuildVerb.main of <colcon_core.verb.build.BuildVerb object at 0x7a039a33aa10>>)
[0.460s] Level 1:colcon.colcon_core.package_discovery:discover_packages(colcon_meta) check parameters
[0.461s] Level 1:colcon.colcon_core.package_discovery:discover_packages(recursive) check parameters
[0.461s] Level 1:colcon.colcon_core.package_discovery:discover_packages(ignore) check parameters
[0.461s] Level 1:colcon.colcon_core.package_discovery:discover_packages(path) check parameters
[0.461s] Level 1:colcon.colcon_core.package_discovery:discover_packages(colcon_meta) discover
[0.461s] Level 1:colcon.colcon_core.package_discovery:discover_packages(recursive) discover
[0.461s] INFO:colcon.colcon_core.package_discovery:Crawling recursively for packages in '/home/raihan/seano_ws/src/seano_sensors'
[0.461s] Level 1:colcon.colcon_core.package_identification:_identify(.) by extensions ['ignore', 'ignore_ament_install']
[0.461s] Level 1:colcon.colcon_core.package_identification:_identify(.) by extension 'ignore'
[0.461s] Level 1:colcon.colcon_core.package_identification:_identify(.) by extension 'ignore_ament_install'
[0.461s] Level 1:colcon.colcon_core.package_identification:_identify(.) by extensions ['colcon_pkg']
[0.461s] Level 1:colcon.colcon_core.package_identification:_identify(.) by extension 'colcon_pkg'
[0.462s] Level 1:colcon.colcon_core.package_identification:_identify(.) by extensions ['colcon_meta']
[0.462s] Level 1:colcon.colcon_core.package_identification:_identify(.) by extension 'colcon_meta'
[0.462s] Level 1:colcon.colcon_core.package_identification:_identify(.) by extensions ['ros']
[0.462s] Level 1:colcon.colcon_core.package_identification:_identify(.) by extension 'ros'
[0.483s] DEBUG:colcon.colcon_core.package_identification:Package '.' with type 'ros.ament_python' and name 'seano_sensors'
[0.483s] Level 1:colcon.colcon_core.package_discovery:discover_packages(recursive) using defaults
[0.483s] Level 1:colcon.colcon_core.package_discovery:discover_packages(ignore) discover
[0.483s] Level 1:colcon.colcon_core.package_discovery:discover_packages(ignore) using defaults
[0.483s] Level 1:colcon.colcon_core.package_discovery:discover_packages(path) discover
[0.483s] Level 1:colcon.colcon_core.package_discovery:discover_packages(path) using defaults
[0.516s] Level 1:colcon.colcon_core.package_discovery:discover_packages(prefix_path) check parameters
[0.516s] Level 1:colcon.colcon_core.package_discovery:discover_packages(prefix_path) discover
[0.519s] DEBUG:colcon.colcon_installed_package_information.package_discovery:Found 1 installed packages in /home/raihan/seano_ws/src/install
[0.519s] DEBUG:colcon.colcon_installed_package_information.package_discovery:Found 0 installed packages in /home/raihan/seano_ws/install
[0.521s] DEBUG:colcon.colcon_installed_package_information.package_discovery:Found 272 installed packages in /opt/ros/humble
[0.523s] Level 1:colcon.colcon_core.package_discovery:discover_packages(prefix_path) using defaults
[0.599s] Level 5:colcon.colcon_core.verb:set package 'seano_sensors' build argument 'cmake_args' from command line to 'None'
[0.599s] Level 5:colcon.colcon_core.verb:set package 'seano_sensors' build argument 'cmake_target' from command line to 'None'
[0.599s] Level 5:colcon.colcon_core.verb:set package 'seano_sensors' build argument 'cmake_target_skip_unavailable' from command line to 'False'
[0.599s] Level 5:colcon.colcon_core.verb:set package 'seano_sensors' build argument 'cmake_clean_cache' from command line to 'False'
[0.599s] Level 5:colcon.colcon_core.verb:set package 'seano_sensors' build argument 'cmake_clean_first' from command line to 'False'
[0.599s] Level 5:colcon.colcon_core.verb:set package 'seano_sensors' build argument 'cmake_force_configure' from command line to 'False'
[0.599s] Level 5:colcon.colcon_core.verb:set package 'seano_sensors' build argument 'ament_cmake_args' from command line to 'None'
[0.599s] Level 5:colcon.colcon_core.verb:set package 'seano_sensors' build argument 'catkin_cmake_args' from command line to 'None'
[0.599s] Level 5:colcon.colcon_core.verb:set package 'seano_sensors' build argument 'catkin_skip_building_tests' from command line to 'False'
[0.599s] DEBUG:colcon.colcon_core.verb:Building package 'seano_sensors' with the following arguments: {'ament_cmake_args': None, 'build_base': '/home/raihan/seano_ws/src/seano_sensors/build/seano_sensors', 'catkin_cmake_args': None, 'catkin_skip_building_tests': False, 'cmake_args': None, 'cmake_clean_cache': False, 'cmake_clean_first': False, 'cmake_force_configure': False, 'cmake_target': None, 'cmake_target_skip_unavailable': False, 'install_base': '/home/raihan/seano_ws/src/seano_sensors/install/seano_sensors', 'merge_install': False, 'path': '/home/raihan/seano_ws/src/seano_sensors', 'symlink_install': False, 'test_result_base': None}
[0.599s] INFO:colcon.colcon_core.executor:Executing jobs using 'parallel' executor
[0.601s] DEBUG:colcon.colcon_parallel_executor.executor.parallel:run_until_complete
[0.601s] INFO:colcon.colcon_ros.task.ament_python.build:Building ROS package in '/home/raihan/seano_ws/src/seano_sensors' with build type 'ament_python'
[0.601s] Level 1:colcon.colcon_core.shell:create_environment_hook('seano_sensors', 'ament_prefix_path')
[0.604s] INFO:colcon.colcon_core.plugin_system:Skipping extension 'colcon_core.shell.bat': Not used on non-Windows systems
[0.605s] INFO:colcon.colcon_core.shell:Creating environment hook '/home/raihan/seano_ws/src/seano_sensors/install/seano_sensors/share/seano_sensors/hook/ament_prefix_path.ps1'
[0.606s] INFO:colcon.colcon_core.shell:Creating environment descriptor '/home/raihan/seano_ws/src/seano_sensors/install/seano_sensors/share/seano_sensors/hook/ament_prefix_path.dsv'
[0.606s] INFO:colcon.colcon_core.shell:Creating environment hook '/home/raihan/seano_ws/src/seano_sensors/install/seano_sensors/share/seano_sensors/hook/ament_prefix_path.sh'
[0.608s] INFO:colcon.colcon_core.shell:Skip shell extension 'powershell' for command environment: Not usable outside of PowerShell
[0.608s] DEBUG:colcon.colcon_core.shell:Skip shell extension 'dsv' for command environment
[1.047s] INFO:colcon.colcon_core.task.python.build:Building Python package in '/home/raihan/seano_ws/src/seano_sensors'
[1.048s] INFO:colcon.colcon_core.shell:Skip shell extension 'powershell' for command environment: Not usable outside of PowerShell
[1.048s] DEBUG:colcon.colcon_core.shell:Skip shell extension 'dsv' for command environment
[1.594s] DEBUG:colcon.colcon_core.event_handler.log_command:Invoking command in '/home/raihan/seano_ws/src/seano_sensors': PYTHONPATH=/home/raihan/seano_ws/src/seano_sensors/build/seano_sensors/prefix_override:/usr/lib/python3/dist-packages/colcon_core/task/python/colcon_distutils_commands:/home/raihan/seano_ws/src/seano_sensors/install/seano_sensors/lib/python3.10/site-packages:${PYTHONPATH} /usr/bin/python3 -W ignore:setup.py install is deprecated -W ignore:easy_install command is deprecated setup.py egg_info --egg-base build/seano_sensors build --build-base /home/raihan/seano_ws/src/seano_sensors/build/seano_sensors/build install --record /home/raihan/seano_ws/src/seano_sensors/build/seano_sensors/install.log --single-version-externally-managed install_data
[2.085s] DEBUG:colcon.colcon_core.event_handler.log_command:Invoked command in '/home/raihan/seano_ws/src/seano_sensors' returned '0': PYTHONPATH=/home/raihan/seano_ws/src/seano_sensors/build/seano_sensors/prefix_override:/usr/lib/python3/dist-packages/colcon_core/task/python/colcon_distutils_commands:/home/raihan/seano_ws/src/seano_sensors/install/seano_sensors/lib/python3.10/site-packages:${PYTHONPATH} /usr/bin/python3 -W ignore:setup.py install is deprecated -W ignore:easy_install command is deprecated setup.py egg_info --egg-base build/seano_sensors build --build-base /home/raihan/seano_ws/src/seano_sensors/build/seano_sensors/build install --record /home/raihan/seano_ws/src/seano_sensors/build/seano_sensors/install.log --single-version-externally-managed install_data
[2.089s] Level 1:colcon.colcon_core.environment:checking '/home/raihan/seano_ws/src/seano_sensors/install/seano_sensors' for CMake module files
[2.089s] Level 1:colcon.colcon_core.environment:checking '/home/raihan/seano_ws/src/seano_sensors/install/seano_sensors' for CMake config files
[2.090s] Level 1:colcon.colcon_core.environment:checking '/home/raihan/seano_ws/src/seano_sensors/install/seano_sensors/lib'
[2.090s] Level 1:colcon.colcon_core.environment:checking '/home/raihan/seano_ws/src/seano_sensors/install/seano_sensors/bin'
[2.090s] Level 1:colcon.colcon_core.environment:checking '/home/raihan/seano_ws/src/seano_sensors/install/seano_sensors/lib/pkgconfig/seano_sensors.pc'
[2.091s] Level 1:colcon.colcon_core.environment:checking '/home/raihan/seano_ws/src/seano_sensors/install/seano_sensors/lib/python3.10/site-packages'
[2.091s] Level 1:colcon.colcon_core.shell:create_environment_hook('seano_sensors', 'pythonpath')
[2.091s] INFO:colcon.colcon_core.shell:Creating environment hook '/home/raihan/seano_ws/src/seano_sensors/install/seano_sensors/share/seano_sensors/hook/pythonpath.ps1'
[2.092s] INFO:colcon.colcon_core.shell:Creating environment descriptor '/home/raihan/seano_ws/src/seano_sensors/install/seano_sensors/share/seano_sensors/hook/pythonpath.dsv'
[2.092s] INFO:colcon.colcon_core.shell:Creating environment hook '/home/raihan/seano_ws/src/seano_sensors/install/seano_sensors/share/seano_sensors/hook/pythonpath.sh'
[2.093s] Level 1:colcon.colcon_core.environment:checking '/home/raihan/seano_ws/src/seano_sensors/install/seano_sensors/bin'
[2.093s] Level 1:colcon.colcon_core.environment:create_environment_scripts_only(seano_sensors)
[2.094s] INFO:colcon.colcon_core.shell:Creating package script '/home/raihan/seano_ws/src/seano_sensors/install/seano_sensors/share/seano_sensors/package.ps1'
[2.095s] INFO:colcon.colcon_core.shell:Creating package descriptor '/home/raihan/seano_ws/src/seano_sensors/install/seano_sensors/share/seano_sensors/package.dsv'
[2.096s] INFO:colcon.colcon_core.shell:Creating package script '/home/raihan/seano_ws/src/seano_sensors/install/seano_sensors/share/seano_sensors/package.sh'
[2.097s] INFO:colcon.colcon_core.shell:Creating package script '/home/raihan/seano_ws/src/seano_sensors/install/seano_sensors/share/seano_sensors/package.bash'
[2.098s] INFO:colcon.colcon_core.shell:Creating package script '/home/raihan/seano_ws/src/seano_sensors/install/seano_sensors/share/seano_sensors/package.zsh'
[2.099s] Level 1:colcon.colcon_core.environment:create_file_with_runtime_dependencies(/home/raihan/seano_ws/src/seano_sensors/install/seano_sensors/share/colcon-core/packages/seano_sensors)
[2.100s] DEBUG:colcon.colcon_parallel_executor.executor.parallel:closing loop
[2.100s] DEBUG:colcon.colcon_parallel_executor.executor.parallel:loop closed
[2.100s] DEBUG:colcon.colcon_parallel_executor.executor.parallel:run_until_complete finished with '0'
[2.100s] DEBUG:colcon.colcon_core.event_reactor:joining thread
[2.108s] INFO:colcon.colcon_core.plugin_system:Skipping extension 'colcon_notification.desktop_notification.terminal_notifier': Not used on non-Darwin systems
[2.109s] INFO:colcon.colcon_core.plugin_system:Skipping extension 'colcon_notification.desktop_notification.win32': Not used on non-Windows systems
[2.109s] INFO:colcon.colcon_notification.desktop_notification:Sending desktop notification using 'notify2'
[2.156s] DEBUG:colcon.colcon_core.event_reactor:joined thread
[2.156s] INFO:colcon.colcon_core.shell:Creating prefix script '/home/raihan/seano_ws/src/seano_sensors/install/local_setup.ps1'
[2.158s] INFO:colcon.colcon_core.shell:Creating prefix util module '/home/raihan/seano_ws/src/seano_sensors/install/_local_setup_util_ps1.py'
[2.161s] INFO:colcon.colcon_core.shell:Creating prefix chain script '/home/raihan/seano_ws/src/seano_sensors/install/setup.ps1'
[2.164s] INFO:colcon.colcon_core.shell:Creating prefix script '/home/raihan/seano_ws/src/seano_sensors/install/local_setup.sh'
[2.165s] INFO:colcon.colcon_core.shell:Creating prefix util module '/home/raihan/seano_ws/src/seano_sensors/install/_local_setup_util_sh.py'
[2.166s] INFO:colcon.colcon_core.shell:Creating prefix chain script '/home/raihan/seano_ws/src/seano_sensors/install/setup.sh'
[2.168s] INFO:colcon.colcon_core.shell:Creating prefix script '/home/raihan/seano_ws/src/seano_sensors/install/local_setup.bash'
[2.169s] INFO:colcon.colcon_core.shell:Creating prefix chain script '/home/raihan/seano_ws/src/seano_sensors/install/setup.bash'
[2.170s] INFO:colcon.colcon_core.shell:Creating prefix script '/home/raihan/seano_ws/src/seano_sensors/install/local_setup.zsh'
[2.172s] INFO:colcon.colcon_core.shell:Creating prefix chain script '/home/raihan/seano_ws/src/seano_sensors/install/setup.zsh'
