running develop
Removing /home/raihan/seano_ws/src/install/seano_logger/lib/python3.10/site-packages/seano-logger.egg-link (link to .)
running egg_info
writing ../build/seano_logger/seano_logger.egg-info/PKG-INFO
writing dependency_links to ../build/seano_logger/seano_logger.egg-info/dependency_links.txt
writing entry points to ../build/seano_logger/seano_logger.egg-info/entry_points.txt
writing requirements to ../build/seano_logger/seano_logger.egg-info/requires.txt
writing top-level names to ../build/seano_logger/seano_logger.egg-info/top_level.txt
reading manifest file '../build/seano_logger/seano_logger.egg-info/SOURCES.txt'
writing manifest file '../build/seano_logger/seano_logger.egg-info/SOURCES.txt'
running build
running build_py
creating /home/raihan/seano_ws/src/build/seano_logger/build
creating /home/raihan/seano_ws/src/build/seano_logger/build/lib
creating /home/raihan/seano_ws/src/build/seano_logger/build/lib/seano_logger
copying seano_logger/logger_node.py -> /home/raihan/seano_ws/src/build/seano_logger/build/lib/seano_logger
copying seano_logger/__init__.py -> /home/raihan/seano_ws/src/build/seano_logger/build/lib/seano_logger
running install
running install_lib
creating /home/raihan/seano_ws/src/install/seano_logger/lib/python3.10/site-packages/seano_logger
copying /home/raihan/seano_ws/src/build/seano_logger/build/lib/seano_logger/logger_node.py -> /home/raihan/seano_ws/src/install/seano_logger/lib/python3.10/site-packages/seano_logger
copying /home/raihan/seano_ws/src/build/seano_logger/build/lib/seano_logger/__init__.py -> /home/raihan/seano_ws/src/install/seano_logger/lib/python3.10/site-packages/seano_logger
byte-compiling /home/raihan/seano_ws/src/install/seano_logger/lib/python3.10/site-packages/seano_logger/logger_node.py to logger_node.cpython-310.pyc
byte-compiling /home/raihan/seano_ws/src/install/seano_logger/lib/python3.10/site-packages/seano_logger/__init__.py to __init__.cpython-310.pyc
running install_data
copying resource/seano_logger -> /home/raihan/seano_ws/src/install/seano_logger/share/ament_index/resource_index/packages
copying package.xml -> /home/raihan/seano_ws/src/install/seano_logger/share/seano_logger
running install_egg_info
Copying ../build/seano_logger/seano_logger.egg-info to /home/raihan/seano_ws/src/install/seano_logger/lib/python3.10/site-packages/seano_logger-0.0.0-py3.10.egg-info
running install_scripts
Installing logger_node script to /home/raihan/seano_ws/src/install/seano_logger/lib/seano_logger
writing list of installed files to '/home/raihan/seano_ws/src/build/seano_logger/install.log'
