[2.146s] Invoking command in '/home/raihan/seano_ws/src/build/seano_logger': PYTHONPATH=/home/raihan/seano_ws/src/build/seano_logger/prefix_override:/usr/lib/python3/dist-packages/colcon_core/task/python/colcon_distutils_commands:/home/raihan/seano_ws/src/install/seano_logger/lib/python3.10/site-packages:${PYTHONPATH} /usr/bin/python3 -W ignore:setup.py install is deprecated -W ignore:easy_install command is deprecated setup.py develop --uninstall --editable --build-directory /home/raihan/seano_ws/src/build/seano_logger/build
[2.608s] running develop
[2.941s] Removing /home/raihan/seano_ws/src/install/seano_logger/lib/python3.10/site-packages/seano-logger.egg-link (link to .)
[2.998s] Invoked command in '/home/raihan/seano_ws/src/build/seano_logger' returned '0': PYTHONPATH=/home/raihan/seano_ws/src/build/seano_logger/prefix_override:/usr/lib/python3/dist-packages/colcon_core/task/python/colcon_distutils_commands:/home/raihan/seano_ws/src/install/seano_logger/lib/python3.10/site-packages:${PYTHONPATH} /usr/bin/python3 -W ignore:setup.py install is deprecated -W ignore:easy_install command is deprecated setup.py develop --uninstall --editable --build-directory /home/raihan/seano_ws/src/build/seano_logger/build
[3.001s] Invoking command in '/home/raihan/seano_ws/src/seano_logger': PYTHONPATH=/home/raihan/seano_ws/src/build/seano_logger/prefix_override:/usr/lib/python3/dist-packages/colcon_core/task/python/colcon_distutils_commands:/home/raihan/seano_ws/src/install/seano_logger/lib/python3.10/site-packages:${PYTHONPATH} /usr/bin/python3 -W ignore:setup.py install is deprecated -W ignore:easy_install command is deprecated setup.py egg_info --egg-base ../build/seano_logger build --build-base /home/raihan/seano_ws/src/build/seano_logger/build install --record /home/raihan/seano_ws/src/build/seano_logger/install.log --single-version-externally-managed install_data --force
[3.425s] running egg_info
[3.426s] writing ../build/seano_logger/seano_logger.egg-info/PKG-INFO
[3.426s] writing dependency_links to ../build/seano_logger/seano_logger.egg-info/dependency_links.txt
[3.427s] writing entry points to ../build/seano_logger/seano_logger.egg-info/entry_points.txt
[3.428s] writing requirements to ../build/seano_logger/seano_logger.egg-info/requires.txt
[3.428s] writing top-level names to ../build/seano_logger/seano_logger.egg-info/top_level.txt
[3.431s] reading manifest file '../build/seano_logger/seano_logger.egg-info/SOURCES.txt'
[3.433s] writing manifest file '../build/seano_logger/seano_logger.egg-info/SOURCES.txt'
[3.434s] running build
[3.434s] running build_py
[3.434s] creating /home/raihan/seano_ws/src/build/seano_logger/build
[3.434s] creating /home/raihan/seano_ws/src/build/seano_logger/build/lib
[3.435s] creating /home/raihan/seano_ws/src/build/seano_logger/build/lib/seano_logger
[3.435s] copying seano_logger/logger_node.py -> /home/raihan/seano_ws/src/build/seano_logger/build/lib/seano_logger
[3.499s] copying seano_logger/__init__.py -> /home/raihan/seano_ws/src/build/seano_logger/build/lib/seano_logger
[3.500s] running install
[3.500s] running install_lib
[3.501s] creating /home/raihan/seano_ws/src/install/seano_logger/lib/python3.10/site-packages/seano_logger
[3.502s] copying /home/raihan/seano_ws/src/build/seano_logger/build/lib/seano_logger/logger_node.py -> /home/raihan/seano_ws/src/install/seano_logger/lib/python3.10/site-packages/seano_logger
[3.502s] copying /home/raihan/seano_ws/src/build/seano_logger/build/lib/seano_logger/__init__.py -> /home/raihan/seano_ws/src/install/seano_logger/lib/python3.10/site-packages/seano_logger
[3.502s] byte-compiling /home/raihan/seano_ws/src/install/seano_logger/lib/python3.10/site-packages/seano_logger/logger_node.py to logger_node.cpython-310.pyc
[3.506s] byte-compiling /home/raihan/seano_ws/src/install/seano_logger/lib/python3.10/site-packages/seano_logger/__init__.py to __init__.cpython-310.pyc
[3.506s] running install_data
[3.506s] copying resource/seano_logger -> /home/raihan/seano_ws/src/install/seano_logger/share/ament_index/resource_index/packages
[3.507s] copying package.xml -> /home/raihan/seano_ws/src/install/seano_logger/share/seano_logger
[3.507s] running install_egg_info
[3.510s] Copying ../build/seano_logger/seano_logger.egg-info to /home/raihan/seano_ws/src/install/seano_logger/lib/python3.10/site-packages/seano_logger-0.0.0-py3.10.egg-info
[3.537s] running install_scripts
[3.575s] Installing logger_node script to /home/raihan/seano_ws/src/install/seano_logger/lib/seano_logger
[3.576s] writing list of installed files to '/home/raihan/seano_ws/src/build/seano_logger/install.log'
[3.617s] Invoked command in '/home/raihan/seano_ws/src/seano_logger' returned '0': PYTHONPATH=/home/raihan/seano_ws/src/build/seano_logger/prefix_override:/usr/lib/python3/dist-packages/colcon_core/task/python/colcon_distutils_commands:/home/raihan/seano_ws/src/install/seano_logger/lib/python3.10/site-packages:${PYTHONPATH} /usr/bin/python3 -W ignore:setup.py install is deprecated -W ignore:easy_install command is deprecated setup.py egg_info --egg-base ../build/seano_logger build --build-base /home/raihan/seano_ws/src/build/seano_logger/build install --record /home/raihan/seano_ws/src/build/seano_logger/install.log --single-version-externally-managed install_data --force
