[3.495s] Invoking command in '/home/seano/resource_git/seano-logger/src/seano_sensors': PYTHONPATH=/home/seano/resource_git/seano-logger/build/seano_sensors/prefix_override:/usr/lib/python3/dist-packages/colcon_core/task/python/colcon_distutils_commands:/home/seano/resource_git/seano-logger/install/seano_sensors/lib/python3.10/site-packages:${PYTHONPATH} /usr/bin/python3 -W ignore:setup.py install is deprecated -W ignore:easy_install command is deprecated setup.py egg_info --egg-base ../../build/seano_sensors build --build-base /home/seano/resource_git/seano-logger/build/seano_sensors/build install --record /home/seano/resource_git/seano-logger/build/seano_sensors/install.log --single-version-externally-managed install_data
[4.375s] running egg_info
[4.421s] writing ../../build/seano_sensors/seano_sensors.egg-info/PKG-INFO
[4.429s] writing dependency_links to ../../build/seano_sensors/seano_sensors.egg-info/dependency_links.txt
[4.430s] writing entry points to ../../build/seano_sensors/seano_sensors.egg-info/entry_points.txt
[4.437s] writing requirements to ../../build/seano_sensors/seano_sensors.egg-info/requires.txt
[4.438s] writing top-level names to ../../build/seano_sensors/seano_sensors.egg-info/top_level.txt
[4.527s] reading manifest file '../../build/seano_sensors/seano_sensors.egg-info/SOURCES.txt'
[4.533s] writing manifest file '../../build/seano_sensors/seano_sensors.egg-info/SOURCES.txt'
[4.533s] running build
[4.533s] running build_py
[4.534s] copying seano_sensors/ctd_reader.py -> /home/seano/resource_git/seano-logger/build/seano_sensors/build/lib/seano_sensors
[4.564s] copying seano_sensors/gps_reader.py -> /home/seano/resource_git/seano-logger/build/seano_sensors/build/lib/seano_sensors
[4.581s] copying seano_sensors/battery_reader.py -> /home/seano/resource_git/seano-logger/build/seano_sensors/build/lib/seano_sensors
[4.582s] copying seano_sensors/imu_reader.py -> /home/seano/resource_git/seano-logger/build/seano_sensors/build/lib/seano_sensors
[4.583s] copying seano_sensors/mission_state_reader_node.py -> /home/seano/resource_git/seano-logger/build/seano_sensors/build/lib/seano_sensors
[4.583s] copying seano_sensors/video_logger_node.py -> /home/seano/resource_git/seano-logger/build/seano_sensors/build/lib/seano_sensors
[4.583s] copying seano_sensors/sbes_reader.py -> /home/seano/resource_git/seano-logger/build/seano_sensors/build/lib/seano_sensors
[4.583s] copying seano_sensors/__init__.py -> /home/seano/resource_git/seano-logger/build/seano_sensors/build/lib/seano_sensors
[4.583s] copying seano_sensors/adcp_reader.py -> /home/seano/resource_git/seano-logger/build/seano_sensors/build/lib/seano_sensors
[4.597s] running install
[4.601s] running install_lib
[4.650s] copying /home/seano/resource_git/seano-logger/build/seano_sensors/build/lib/seano_sensors/video_logger_node.py -> /home/seano/resource_git/seano-logger/install/seano_sensors/lib/python3.10/site-packages/seano_sensors
[4.653s] byte-compiling /home/seano/resource_git/seano-logger/install/seano_sensors/lib/python3.10/site-packages/seano_sensors/video_logger_node.py to video_logger_node.cpython-310.pyc
[4.673s] running install_data
[4.674s] copying resource/seano_sensors -> /home/seano/resource_git/seano-logger/install/seano_sensors/share/ament_index/resource_index/packages
[4.675s] copying package.xml -> /home/seano/resource_git/seano-logger/install/seano_sensors/share/seano_sensors
[4.675s] running install_egg_info
[4.728s] removing '/home/seano/resource_git/seano-logger/install/seano_sensors/lib/python3.10/site-packages/seano_sensors-0.0.0-py3.10.egg-info' (and everything under it)
[4.728s] Copying ../../build/seano_sensors/seano_sensors.egg-info to /home/seano/resource_git/seano-logger/install/seano_sensors/lib/python3.10/site-packages/seano_sensors-0.0.0-py3.10.egg-info
[4.742s] running install_scripts
[5.133s] Installing adcp_reader script to /home/seano/resource_git/seano-logger/install/seano_sensors/lib/seano_sensors
[5.136s] Installing battery_reader script to /home/seano/resource_git/seano-logger/install/seano_sensors/lib/seano_sensors
[5.139s] Installing ctd_reader script to /home/seano/resource_git/seano-logger/install/seano_sensors/lib/seano_sensors
[5.140s] Installing gps_reader script to /home/seano/resource_git/seano-logger/install/seano_sensors/lib/seano_sensors
[5.141s] Installing imu_reader script to /home/seano/resource_git/seano-logger/install/seano_sensors/lib/seano_sensors
[5.142s] Installing mission_state_reader_node script to /home/seano/resource_git/seano-logger/install/seano_sensors/lib/seano_sensors
[5.143s] Installing sbes_reader script to /home/seano/resource_git/seano-logger/install/seano_sensors/lib/seano_sensors
[5.144s] Installing video_logger_node script to /home/seano/resource_git/seano-logger/install/seano_sensors/lib/seano_sensors
[5.145s] writing list of installed files to '/home/seano/resource_git/seano-logger/build/seano_sensors/install.log'
[5.349s] Invoked command in '/home/seano/resource_git/seano-logger/src/seano_sensors' returned '0': PYTHONPATH=/home/seano/resource_git/seano-logger/build/seano_sensors/prefix_override:/usr/lib/python3/dist-packages/colcon_core/task/python/colcon_distutils_commands:/home/seano/resource_git/seano-logger/install/seano_sensors/lib/python3.10/site-packages:${PYTHONPATH} /usr/bin/python3 -W ignore:setup.py install is deprecated -W ignore:easy_install command is deprecated setup.py egg_info --egg-base ../../build/seano_sensors build --build-base /home/seano/resource_git/seano-logger/build/seano_sensors/build install --record /home/seano/resource_git/seano-logger/build/seano_sensors/install.log --single-version-externally-managed install_data
