[3.120s] Invoking command in '/home/seano/resource_git/seano-logger/src/seano_logger': PYTHONPATH=/home/seano/resource_git/seano-logger/build/seano_logger/prefix_override:/usr/lib/python3/dist-packages/colcon_core/task/python/colcon_distutils_commands:/home/seano/resource_git/seano-logger/install/seano_logger/lib/python3.10/site-packages:${PYTHONPATH} /usr/bin/python3 -W ignore:setup.py install is deprecated -W ignore:easy_install command is deprecated setup.py egg_info --egg-base ../../build/seano_logger build --build-base /home/seano/resource_git/seano-logger/build/seano_logger/build install --record /home/seano/resource_git/seano-logger/build/seano_logger/install.log --single-version-externally-managed install_data
[3.815s] running egg_info
[3.858s] writing ../../build/seano_logger/seano_logger.egg-info/PKG-INFO
[3.859s] writing dependency_links to ../../build/seano_logger/seano_logger.egg-info/dependency_links.txt
[3.860s] writing entry points to ../../build/seano_logger/seano_logger.egg-info/entry_points.txt
[3.861s] writing requirements to ../../build/seano_logger/seano_logger.egg-info/requires.txt
[3.861s] writing top-level names to ../../build/seano_logger/seano_logger.egg-info/top_level.txt
[3.954s] reading manifest file '../../build/seano_logger/seano_logger.egg-info/SOURCES.txt'
[3.958s] writing manifest file '../../build/seano_logger/seano_logger.egg-info/SOURCES.txt'
[3.958s] running build
[3.959s] running build_py
[3.959s] copying seano_logger/logger_node.py -> /home/seano/resource_git/seano-logger/build/seano_logger/build/lib/seano_logger
[3.964s] copying seano_logger/__init__.py -> /home/seano/resource_git/seano-logger/build/seano_logger/build/lib/seano_logger
[3.964s] running install
[3.974s] running install_lib
[4.021s] running install_data
[4.022s] copying resource/seano_logger -> /home/seano/resource_git/seano-logger/install/seano_logger/share/ament_index/resource_index/packages
[4.023s] copying package.xml -> /home/seano/resource_git/seano-logger/install/seano_logger/share/seano_logger
[4.024s] copying launch/seano_all.launch.py -> /home/seano/resource_git/seano-logger/install/seano_logger/share/seano_logger/launch
[4.024s] running install_egg_info
[4.074s] removing '/home/seano/resource_git/seano-logger/install/seano_logger/lib/python3.10/site-packages/seano_logger-0.0.0-py3.10.egg-info' (and everything under it)
[4.074s] Copying ../../build/seano_logger/seano_logger.egg-info to /home/seano/resource_git/seano-logger/install/seano_logger/lib/python3.10/site-packages/seano_logger-0.0.0-py3.10.egg-info
[4.082s] running install_scripts
[4.430s] Installing logger_node script to /home/seano/resource_git/seano-logger/install/seano_logger/lib/seano_logger
[4.431s] writing list of installed files to '/home/seano/resource_git/seano-logger/build/seano_logger/install.log'
[4.623s] Invoked command in '/home/seano/resource_git/seano-logger/src/seano_logger' returned '0': PYTHONPATH=/home/seano/resource_git/seano-logger/build/seano_logger/prefix_override:/usr/lib/python3/dist-packages/colcon_core/task/python/colcon_distutils_commands:/home/seano/resource_git/seano-logger/install/seano_logger/lib/python3.10/site-packages:${PYTHONPATH} /usr/bin/python3 -W ignore:setup.py install is deprecated -W ignore:easy_install command is deprecated setup.py egg_info --egg-base ../../build/seano_logger build --build-base /home/seano/resource_git/seano-logger/build/seano_logger/build install --record /home/seano/resource_git/seano-logger/build/seano_logger/install.log --single-version-externally-managed install_data
