[2.496s] Invoking command in '/home/seano/resource_git/seano-logger/build/seano_sensors': PYTHONPATH=/home/seano/resource_git/seano-logger/build/seano_sensors/prefix_override:/usr/lib/python3/dist-packages/colcon_core/task/python/colcon_distutils_commands:/home/seano/resource_git/seano-logger/install/seano_sensors/lib/python3.10/site-packages:${PYTHONPATH} /usr/bin/python3 -W ignore:setup.py install is deprecated -W ignore:easy_install command is deprecated setup.py develop --uninstall --editable --build-directory /home/seano/resource_git/seano-logger/build/seano_sensors/build
[3.276s] running develop
[3.780s] Removing /home/seano/resource_git/seano-logger/install/seano_sensors/lib/python3.10/site-packages/seano-sensors.egg-link (link to .)
[3.905s] Invoked command in '/home/seano/resource_git/seano-logger/build/seano_sensors' returned '0': PYTHONPATH=/home/seano/resource_git/seano-logger/build/seano_sensors/prefix_override:/usr/lib/python3/dist-packages/colcon_core/task/python/colcon_distutils_commands:/home/seano/resource_git/seano-logger/install/seano_sensors/lib/python3.10/site-packages:${PYTHONPATH} /usr/bin/python3 -W ignore:setup.py install is deprecated -W ignore:easy_install command is deprecated setup.py develop --uninstall --editable --build-directory /home/seano/resource_git/seano-logger/build/seano_sensors/build
[3.911s] Invoking command in '/home/seano/resource_git/seano-logger/src/seano_sensors': PYTHONPATH=/home/seano/resource_git/seano-logger/build/seano_sensors/prefix_override:/usr/lib/python3/dist-packages/colcon_core/task/python/colcon_distutils_commands:/home/seano/resource_git/seano-logger/install/seano_sensors/lib/python3.10/site-packages:${PYTHONPATH} /usr/bin/python3 -W ignore:setup.py install is deprecated -W ignore:easy_install command is deprecated setup.py egg_info --egg-base ../../build/seano_sensors build --build-base /home/seano/resource_git/seano-logger/build/seano_sensors/build install --record /home/seano/resource_git/seano-logger/build/seano_sensors/install.log --single-version-externally-managed install_data --force
[4.566s] running egg_info
[4.604s] writing ../../build/seano_sensors/seano_sensors.egg-info/PKG-INFO
[4.608s] writing dependency_links to ../../build/seano_sensors/seano_sensors.egg-info/dependency_links.txt
[4.608s] writing entry points to ../../build/seano_sensors/seano_sensors.egg-info/entry_points.txt
[4.608s] writing requirements to ../../build/seano_sensors/seano_sensors.egg-info/requires.txt
[4.608s] writing top-level names to ../../build/seano_sensors/seano_sensors.egg-info/top_level.txt
[4.698s] reading manifest file '../../build/seano_sensors/seano_sensors.egg-info/SOURCES.txt'
[4.698s] writing manifest file '../../build/seano_sensors/seano_sensors.egg-info/SOURCES.txt'
[4.698s] running build
[4.698s] running build_py
[4.700s] copying seano_sensors/ctd_reader.py -> /home/seano/resource_git/seano-logger/build/seano_sensors/build/lib/seano_sensors
[4.700s] copying seano_sensors/gps_reader.py -> /home/seano/resource_git/seano-logger/build/seano_sensors/build/lib/seano_sensors
[4.701s] copying seano_sensors/battery_reader.py -> /home/seano/resource_git/seano-logger/build/seano_sensors/build/lib/seano_sensors
[4.712s] copying seano_sensors/imu_reader.py -> /home/seano/resource_git/seano-logger/build/seano_sensors/build/lib/seano_sensors
[4.713s] copying seano_sensors/sbes_reader.py -> /home/seano/resource_git/seano-logger/build/seano_sensors/build/lib/seano_sensors
[4.714s] copying seano_sensors/__init__.py -> /home/seano/resource_git/seano-logger/build/seano_sensors/build/lib/seano_sensors
[4.714s] copying seano_sensors/adcp_reader.py -> /home/seano/resource_git/seano-logger/build/seano_sensors/build/lib/seano_sensors
[4.716s] running install
[4.730s] running install_lib
[4.806s] creating /home/seano/resource_git/seano-logger/install/seano_sensors/lib/python3.10/site-packages/seano_sensors
[4.808s] copying /home/seano/resource_git/seano-logger/build/seano_sensors/build/lib/seano_sensors/ctd_reader.py -> /home/seano/resource_git/seano-logger/install/seano_sensors/lib/python3.10/site-packages/seano_sensors
[4.811s] copying /home/seano/resource_git/seano-logger/build/seano_sensors/build/lib/seano_sensors/gps_reader.py -> /home/seano/resource_git/seano-logger/install/seano_sensors/lib/python3.10/site-packages/seano_sensors
[4.812s] copying /home/seano/resource_git/seano-logger/build/seano_sensors/build/lib/seano_sensors/battery_reader.py -> /home/seano/resource_git/seano-logger/install/seano_sensors/lib/python3.10/site-packages/seano_sensors
[4.813s] copying /home/seano/resource_git/seano-logger/build/seano_sensors/build/lib/seano_sensors/imu_reader.py -> /home/seano/resource_git/seano-logger/install/seano_sensors/lib/python3.10/site-packages/seano_sensors
[4.815s] copying /home/seano/resource_git/seano-logger/build/seano_sensors/build/lib/seano_sensors/sbes_reader.py -> /home/seano/resource_git/seano-logger/install/seano_sensors/lib/python3.10/site-packages/seano_sensors
[4.817s] copying /home/seano/resource_git/seano-logger/build/seano_sensors/build/lib/seano_sensors/__init__.py -> /home/seano/resource_git/seano-logger/install/seano_sensors/lib/python3.10/site-packages/seano_sensors
[4.818s] copying /home/seano/resource_git/seano-logger/build/seano_sensors/build/lib/seano_sensors/adcp_reader.py -> /home/seano/resource_git/seano-logger/install/seano_sensors/lib/python3.10/site-packages/seano_sensors
[4.821s] byte-compiling /home/seano/resource_git/seano-logger/install/seano_sensors/lib/python3.10/site-packages/seano_sensors/ctd_reader.py to ctd_reader.cpython-310.pyc
[4.835s] byte-compiling /home/seano/resource_git/seano-logger/install/seano_sensors/lib/python3.10/site-packages/seano_sensors/gps_reader.py to gps_reader.cpython-310.pyc
[4.835s] byte-compiling /home/seano/resource_git/seano-logger/install/seano_sensors/lib/python3.10/site-packages/seano_sensors/battery_reader.py to battery_reader.cpython-310.pyc
[4.835s] byte-compiling /home/seano/resource_git/seano-logger/install/seano_sensors/lib/python3.10/site-packages/seano_sensors/imu_reader.py to imu_reader.cpython-310.pyc
[4.845s] byte-compiling /home/seano/resource_git/seano-logger/install/seano_sensors/lib/python3.10/site-packages/seano_sensors/sbes_reader.py to sbes_reader.cpython-310.pyc
[4.845s] byte-compiling /home/seano/resource_git/seano-logger/install/seano_sensors/lib/python3.10/site-packages/seano_sensors/__init__.py to __init__.cpython-310.pyc
[4.846s] byte-compiling /home/seano/resource_git/seano-logger/install/seano_sensors/lib/python3.10/site-packages/seano_sensors/adcp_reader.py to adcp_reader.cpython-310.pyc
[4.849s] running install_data
[4.850s] copying resource/seano_sensors -> /home/seano/resource_git/seano-logger/install/seano_sensors/share/ament_index/resource_index/packages
[4.851s] copying package.xml -> /home/seano/resource_git/seano-logger/install/seano_sensors/share/seano_sensors
[4.852s] running install_egg_info
[4.905s] Copying ../../build/seano_sensors/seano_sensors.egg-info to /home/seano/resource_git/seano-logger/install/seano_sensors/lib/python3.10/site-packages/seano_sensors-0.0.0-py3.10.egg-info
[4.913s] running install_scripts
[5.238s] Installing adcp_reader script to /home/seano/resource_git/seano-logger/install/seano_sensors/lib/seano_sensors
[5.238s] Installing battery_reader script to /home/seano/resource_git/seano-logger/install/seano_sensors/lib/seano_sensors
[5.240s] Installing ctd_reader script to /home/seano/resource_git/seano-logger/install/seano_sensors/lib/seano_sensors
[5.240s] Installing gps_reader script to /home/seano/resource_git/seano-logger/install/seano_sensors/lib/seano_sensors
[5.240s] Installing imu_reader script to /home/seano/resource_git/seano-logger/install/seano_sensors/lib/seano_sensors
[5.240s] Installing sbes_reader script to /home/seano/resource_git/seano-logger/install/seano_sensors/lib/seano_sensors
[5.240s] writing list of installed files to '/home/seano/resource_git/seano-logger/build/seano_sensors/install.log'
[5.364s] Invoked command in '/home/seano/resource_git/seano-logger/src/seano_sensors' returned '0': PYTHONPATH=/home/seano/resource_git/seano-logger/build/seano_sensors/prefix_override:/usr/lib/python3/dist-packages/colcon_core/task/python/colcon_distutils_commands:/home/seano/resource_git/seano-logger/install/seano_sensors/lib/python3.10/site-packages:${PYTHONPATH} /usr/bin/python3 -W ignore:setup.py install is deprecated -W ignore:easy_install command is deprecated setup.py egg_info --egg-base ../../build/seano_sensors build --build-base /home/seano/resource_git/seano-logger/build/seano_sensors/build install --record /home/seano/resource_git/seano-logger/build/seano_sensors/install.log --single-version-externally-managed install_data --force
