[2.465s] Invoking command in '/home/seano/resource_git/seano-logger/build/seano_sensors': PYTHONPATH=/home/seano/resource_git/seano-logger/build/seano_sensors/prefix_override:/usr/lib/python3/dist-packages/colcon_core/task/python/colcon_distutils_commands:/home/seano/resource_git/seano-logger/install/seano_sensors/lib/python3.10/site-packages:${PYTHONPATH} /usr/bin/python3 -W ignore:setup.py install is deprecated -W ignore:easy_install command is deprecated setup.py develop --editable --build-directory /home/seano/resource_git/seano-logger/build/seano_sensors/build --no-deps symlink_data --force
[3.520s] running develop
[4.206s] running egg_info
[4.294s] writing seano_sensors.egg-info/PKG-INFO
[4.296s] writing dependency_links to seano_sensors.egg-info/dependency_links.txt
[4.297s] writing entry points to seano_sensors.egg-info/entry_points.txt
[4.298s] writing requirements to seano_sensors.egg-info/requires.txt
[4.298s] writing top-level names to seano_sensors.egg-info/top_level.txt
[4.396s] reading manifest file 'seano_sensors.egg-info/SOURCES.txt'
[4.399s] writing manifest file 'seano_sensors.egg-info/SOURCES.txt'
[4.445s] running build_ext
[4.446s] Creating /home/seano/resource_git/seano-logger/install/seano_sensors/lib/python3.10/site-packages/seano-sensors.egg-link (link to .)
[4.448s] Installing adcp_reader script to /home/seano/resource_git/seano-logger/install/seano_sensors/lib/seano_sensors
[4.450s] Installing battery_reader script to /home/seano/resource_git/seano-logger/install/seano_sensors/lib/seano_sensors
[4.451s] Installing ctd_reader script to /home/seano/resource_git/seano-logger/install/seano_sensors/lib/seano_sensors
[4.453s] Installing gps_reader script to /home/seano/resource_git/seano-logger/install/seano_sensors/lib/seano_sensors
[4.455s] Installing imu_reader script to /home/seano/resource_git/seano-logger/install/seano_sensors/lib/seano_sensors
[4.457s] Installing sbes_reader script to /home/seano/resource_git/seano-logger/install/seano_sensors/lib/seano_sensors
[4.461s] 
[4.462s] Installed /home/seano/resource_git/seano-logger/build/seano_sensors
[4.462s] running symlink_data
[4.462s] symbolically linking /home/seano/resource_git/seano-logger/build/seano_sensors/resource/seano_sensors -> /home/seano/resource_git/seano-logger/install/seano_sensors/share/ament_index/resource_index/packages
[4.462s] symbolically linking /home/seano/resource_git/seano-logger/build/seano_sensors/package.xml -> /home/seano/resource_git/seano-logger/install/seano_sensors/share/seano_sensors
[4.589s] Invoked command in '/home/seano/resource_git/seano-logger/build/seano_sensors' returned '0': PYTHONPATH=/home/seano/resource_git/seano-logger/build/seano_sensors/prefix_override:/usr/lib/python3/dist-packages/colcon_core/task/python/colcon_distutils_commands:/home/seano/resource_git/seano-logger/install/seano_sensors/lib/python3.10/site-packages:${PYTHONPATH} /usr/bin/python3 -W ignore:setup.py install is deprecated -W ignore:easy_install command is deprecated setup.py develop --editable --build-directory /home/seano/resource_git/seano-logger/build/seano_sensors/build --no-deps symlink_data --force
