running egg_info
creating build/seano_sensors/seano_sensors.egg-info
writing build/seano_sensors/seano_sensors.egg-info/PKG-INFO
writing dependency_links to build/seano_sensors/seano_sensors.egg-info/dependency_links.txt
writing entry points to build/seano_sensors/seano_sensors.egg-info/entry_points.txt
writing requirements to build/seano_sensors/seano_sensors.egg-info/requires.txt
writing top-level names to build/seano_sensors/seano_sensors.egg-info/top_level.txt
writing manifest file 'build/seano_sensors/seano_sensors.egg-info/SOURCES.txt'
reading manifest file 'build/seano_sensors/seano_sensors.egg-info/SOURCES.txt'
writing manifest file 'build/seano_sensors/seano_sensors.egg-info/SOURCES.txt'
running build
running build_py
creating /home/raihan/seano_ws/src/seano_sensors/build/seano_sensors/build
creating /home/raihan/seano_ws/src/seano_sensors/build/seano_sensors/build/lib
creating /home/raihan/seano_ws/src/seano_sensors/build/seano_sensors/build/lib/seano_sensors
copying seano_sensors/gps_reader.py -> /home/raihan/seano_ws/src/seano_sensors/build/seano_sensors/build/lib/seano_sensors
copying seano_sensors/imu_reader.py -> /home/raihan/seano_ws/src/seano_sensors/build/seano_sensors/build/lib/seano_sensors
copying seano_sensors/adcp_reader.py -> /home/raihan/seano_ws/src/seano_sensors/build/seano_sensors/build/lib/seano_sensors
copying seano_sensors/__init__.py -> /home/raihan/seano_ws/src/seano_sensors/build/seano_sensors/build/lib/seano_sensors
copying seano_sensors/ctd_reader.py -> /home/raihan/seano_ws/src/seano_sensors/build/seano_sensors/build/lib/seano_sensors
running install
running install_lib
creating /home/raihan/seano_ws/src/seano_sensors/install/seano_sensors/lib/python3.10/site-packages/seano_sensors
copying /home/raihan/seano_ws/src/seano_sensors/build/seano_sensors/build/lib/seano_sensors/gps_reader.py -> /home/raihan/seano_ws/src/seano_sensors/install/seano_sensors/lib/python3.10/site-packages/seano_sensors
copying /home/raihan/seano_ws/src/seano_sensors/build/seano_sensors/build/lib/seano_sensors/imu_reader.py -> /home/raihan/seano_ws/src/seano_sensors/install/seano_sensors/lib/python3.10/site-packages/seano_sensors
copying /home/raihan/seano_ws/src/seano_sensors/build/seano_sensors/build/lib/seano_sensors/adcp_reader.py -> /home/raihan/seano_ws/src/seano_sensors/install/seano_sensors/lib/python3.10/site-packages/seano_sensors
copying /home/raihan/seano_ws/src/seano_sensors/build/seano_sensors/build/lib/seano_sensors/__init__.py -> /home/raihan/seano_ws/src/seano_sensors/install/seano_sensors/lib/python3.10/site-packages/seano_sensors
copying /home/raihan/seano_ws/src/seano_sensors/build/seano_sensors/build/lib/seano_sensors/ctd_reader.py -> /home/raihan/seano_ws/src/seano_sensors/install/seano_sensors/lib/python3.10/site-packages/seano_sensors
byte-compiling /home/raihan/seano_ws/src/seano_sensors/install/seano_sensors/lib/python3.10/site-packages/seano_sensors/gps_reader.py to gps_reader.cpython-310.pyc
byte-compiling /home/raihan/seano_ws/src/seano_sensors/install/seano_sensors/lib/python3.10/site-packages/seano_sensors/imu_reader.py to imu_reader.cpython-310.pyc
byte-compiling /home/raihan/seano_ws/src/seano_sensors/install/seano_sensors/lib/python3.10/site-packages/seano_sensors/adcp_reader.py to adcp_reader.cpython-310.pyc
byte-compiling /home/raihan/seano_ws/src/seano_sensors/install/seano_sensors/lib/python3.10/site-packages/seano_sensors/__init__.py to __init__.cpython-310.pyc
byte-compiling /home/raihan/seano_ws/src/seano_sensors/install/seano_sensors/lib/python3.10/site-packages/seano_sensors/ctd_reader.py to ctd_reader.cpython-310.pyc
running install_data
creating /home/raihan/seano_ws/src/seano_sensors/install/seano_sensors/share/ament_index
creating /home/raihan/seano_ws/src/seano_sensors/install/seano_sensors/share/ament_index/resource_index
creating /home/raihan/seano_ws/src/seano_sensors/install/seano_sensors/share/ament_index/resource_index/packages
copying resource/seano_sensors -> /home/raihan/seano_ws/src/seano_sensors/install/seano_sensors/share/ament_index/resource_index/packages
copying package.xml -> /home/raihan/seano_ws/src/seano_sensors/install/seano_sensors/share/seano_sensors
running install_egg_info
Copying build/seano_sensors/seano_sensors.egg-info to /home/raihan/seano_ws/src/seano_sensors/install/seano_sensors/lib/python3.10/site-packages/seano_sensors-0.0.0-py3.10.egg-info
running install_scripts
writing list of installed files to '/home/raihan/seano_ws/src/seano_sensors/build/seano_sensors/install.log'
