[2.500s] Invoking command in '/home/seano/resource_git/seano-logger/build/seano_logger': PYTHONPATH=/home/seano/resource_git/seano-logger/build/seano_logger/prefix_override:/usr/lib/python3/dist-packages/colcon_core/task/python/colcon_distutils_commands:/home/seano/resource_git/seano-logger/install/seano_logger/lib/python3.10/site-packages:${PYTHONPATH} /usr/bin/python3 -W ignore:setup.py install is deprecated -W ignore:easy_install command is deprecated setup.py develop --uninstall --editable --build-directory /home/seano/resource_git/seano-logger/build/seano_logger/build
[3.298s] running develop
[3.802s] Removing /home/seano/resource_git/seano-logger/install/seano_logger/lib/python3.10/site-packages/seano-logger.egg-link (link to .)
[3.918s] Invoked command in '/home/seano/resource_git/seano-logger/build/seano_logger' returned '0': PYTHONPATH=/home/seano/resource_git/seano-logger/build/seano_logger/prefix_override:/usr/lib/python3/dist-packages/colcon_core/task/python/colcon_distutils_commands:/home/seano/resource_git/seano-logger/install/seano_logger/lib/python3.10/site-packages:${PYTHONPATH} /usr/bin/python3 -W ignore:setup.py install is deprecated -W ignore:easy_install command is deprecated setup.py develop --uninstall --editable --build-directory /home/seano/resource_git/seano-logger/build/seano_logger/build
[3.922s] Invoking command in '/home/seano/resource_git/seano-logger/src/seano_logger': PYTHONPATH=/home/seano/resource_git/seano-logger/build/seano_logger/prefix_override:/usr/lib/python3/dist-packages/colcon_core/task/python/colcon_distutils_commands:/home/seano/resource_git/seano-logger/install/seano_logger/lib/python3.10/site-packages:${PYTHONPATH} /usr/bin/python3 -W ignore:setup.py install is deprecated -W ignore:easy_install command is deprecated setup.py egg_info --egg-base ../../build/seano_logger build --build-base /home/seano/resource_git/seano-logger/build/seano_logger/build install --record /home/seano/resource_git/seano-logger/build/seano_logger/install.log --single-version-externally-managed install_data --force
[4.587s] running egg_info
[4.626s] writing ../../build/seano_logger/seano_logger.egg-info/PKG-INFO
[4.627s] writing dependency_links to ../../build/seano_logger/seano_logger.egg-info/dependency_links.txt
[4.629s] writing entry points to ../../build/seano_logger/seano_logger.egg-info/entry_points.txt
[4.629s] writing requirements to ../../build/seano_logger/seano_logger.egg-info/requires.txt
[4.630s] writing top-level names to ../../build/seano_logger/seano_logger.egg-info/top_level.txt
[4.720s] reading manifest file '../../build/seano_logger/seano_logger.egg-info/SOURCES.txt'
[4.721s] writing manifest file '../../build/seano_logger/seano_logger.egg-info/SOURCES.txt'
[4.722s] running build
[4.722s] running build_py
[4.722s] copying seano_logger/logger_node.py -> /home/seano/resource_git/seano-logger/build/seano_logger/build/lib/seano_logger
[4.722s] copying seano_logger/__init__.py -> /home/seano/resource_git/seano-logger/build/seano_logger/build/lib/seano_logger
[4.723s] running install
[4.731s] running install_lib
[4.775s] creating /home/seano/resource_git/seano-logger/install/seano_logger/lib/python3.10/site-packages/seano_logger
[4.776s] copying /home/seano/resource_git/seano-logger/build/seano_logger/build/lib/seano_logger/logger_node.py -> /home/seano/resource_git/seano-logger/install/seano_logger/lib/python3.10/site-packages/seano_logger
[4.776s] copying /home/seano/resource_git/seano-logger/build/seano_logger/build/lib/seano_logger/__init__.py -> /home/seano/resource_git/seano-logger/install/seano_logger/lib/python3.10/site-packages/seano_logger
[4.778s] byte-compiling /home/seano/resource_git/seano-logger/install/seano_logger/lib/python3.10/site-packages/seano_logger/logger_node.py to logger_node.cpython-310.pyc
[4.787s] byte-compiling /home/seano/resource_git/seano-logger/install/seano_logger/lib/python3.10/site-packages/seano_logger/__init__.py to __init__.cpython-310.pyc
[4.790s] running install_data
[4.793s] copying resource/seano_logger -> /home/seano/resource_git/seano-logger/install/seano_logger/share/ament_index/resource_index/packages
[4.793s] copying package.xml -> /home/seano/resource_git/seano-logger/install/seano_logger/share/seano_logger
[4.796s] copying launch/seano_all.launch.py -> /home/seano/resource_git/seano-logger/install/seano_logger/share/seano_logger/launch
[4.797s] running install_egg_info
[4.854s] Copying ../../build/seano_logger/seano_logger.egg-info to /home/seano/resource_git/seano-logger/install/seano_logger/lib/python3.10/site-packages/seano_logger-0.0.0-py3.10.egg-info
[4.862s] running install_scripts
[5.238s] Installing logger_node script to /home/seano/resource_git/seano-logger/install/seano_logger/lib/seano_logger
[5.239s] writing list of installed files to '/home/seano/resource_git/seano-logger/build/seano_logger/install.log'
[5.350s] Invoked command in '/home/seano/resource_git/seano-logger/src/seano_logger' returned '0': PYTHONPATH=/home/seano/resource_git/seano-logger/build/seano_logger/prefix_override:/usr/lib/python3/dist-packages/colcon_core/task/python/colcon_distutils_commands:/home/seano/resource_git/seano-logger/install/seano_logger/lib/python3.10/site-packages:${PYTHONPATH} /usr/bin/python3 -W ignore:setup.py install is deprecated -W ignore:easy_install command is deprecated setup.py egg_info --egg-base ../../build/seano_logger build --build-base /home/seano/resource_git/seano-logger/build/seano_logger/build install --record /home/seano/resource_git/seano-logger/build/seano_logger/install.log --single-version-externally-managed install_data --force
