/home/raihan/seano_ws/src/install/seano_sensors/lib/python3.10/site-packages/seano_sensors/battery_reader.py
/home/raihan/seano_ws/src/install/seano_sensors/lib/python3.10/site-packages/seano_sensors/gps_reader.py
/home/raihan/seano_ws/src/install/seano_sensors/lib/python3.10/site-packages/seano_sensors/imu_reader.py
/home/raihan/seano_ws/src/install/seano_sensors/lib/python3.10/site-packages/seano_sensors/adcp_reader.py
/home/raihan/seano_ws/src/install/seano_sensors/lib/python3.10/site-packages/seano_sensors/__init__.py
/home/raihan/seano_ws/src/install/seano_sensors/lib/python3.10/site-packages/seano_sensors/sbes_reader.py
/home/raihan/seano_ws/src/install/seano_sensors/lib/python3.10/site-packages/seano_sensors/ctd_reader.py
/home/raihan/seano_ws/src/install/seano_sensors/lib/python3.10/site-packages/seano_sensors/__pycache__/battery_reader.cpython-310.pyc
/home/raihan/seano_ws/src/install/seano_sensors/lib/python3.10/site-packages/seano_sensors/__pycache__/gps_reader.cpython-310.pyc
/home/raihan/seano_ws/src/install/seano_sensors/lib/python3.10/site-packages/seano_sensors/__pycache__/imu_reader.cpython-310.pyc
/home/raihan/seano_ws/src/install/seano_sensors/lib/python3.10/site-packages/seano_sensors/__pycache__/adcp_reader.cpython-310.pyc
/home/raihan/seano_ws/src/install/seano_sensors/lib/python3.10/site-packages/seano_sensors/__pycache__/__init__.cpython-310.pyc
/home/raihan/seano_ws/src/install/seano_sensors/lib/python3.10/site-packages/seano_sensors/__pycache__/sbes_reader.cpython-310.pyc
/home/raihan/seano_ws/src/install/seano_sensors/lib/python3.10/site-packages/seano_sensors/__pycache__/ctd_reader.cpython-310.pyc
/home/raihan/seano_ws/src/install/seano_sensors/share/ament_index/resource_index/packages/seano_sensors
/home/raihan/seano_ws/src/install/seano_sensors/share/seano_sensors/package.xml
/home/raihan/seano_ws/src/install/seano_sensors/lib/python3.10/site-packages/seano_sensors-0.0.0-py3.10.egg-info/entry_points.txt
/home/raihan/seano_ws/src/install/seano_sensors/lib/python3.10/site-packages/seano_sensors-0.0.0-py3.10.egg-info/SOURCES.txt
/home/raihan/seano_ws/src/install/seano_sensors/lib/python3.10/site-packages/seano_sensors-0.0.0-py3.10.egg-info/dependency_links.txt
/home/raihan/seano_ws/src/install/seano_sensors/lib/python3.10/site-packages/seano_sensors-0.0.0-py3.10.egg-info/zip-safe
/home/raihan/seano_ws/src/install/seano_sensors/lib/python3.10/site-packages/seano_sensors-0.0.0-py3.10.egg-info/PKG-INFO
/home/raihan/seano_ws/src/install/seano_sensors/lib/python3.10/site-packages/seano_sensors-0.0.0-py3.10.egg-info/top_level.txt
/home/raihan/seano_ws/src/install/seano_sensors/lib/python3.10/site-packages/seano_sensors-0.0.0-py3.10.egg-info/requires.txt
/home/raihan/seano_ws/src/install/seano_sensors/lib/seano_sensors/adcp_reader
/home/raihan/seano_ws/src/install/seano_sensors/lib/seano_sensors/battery_reader
/home/raihan/seano_ws/src/install/seano_sensors/lib/seano_sensors/ctd_reader
/home/raihan/seano_ws/src/install/seano_sensors/lib/seano_sensors/gps_reader
/home/raihan/seano_ws/src/install/seano_sensors/lib/seano_sensors/imu_reader
/home/raihan/seano_ws/src/install/seano_sensors/lib/seano_sensors/sbes_reader
