[4.295s] Invoking command in '/home/seano/resource_git/seano-logger/src/seano_logger': PYTHONPATH=/home/seano/resource_git/seano-logger/build/seano_logger/prefix_override:/usr/lib/python3/dist-packages/colcon_core/task/python/colcon_distutils_commands:/home/seano/resource_git/seano-logger/install/seano_logger/lib/python3.10/site-packages:${PYTHONPATH} /usr/bin/python3 -W ignore:setup.py install is deprecated -W ignore:easy_install command is deprecated setup.py egg_info --egg-base ../../build/seano_logger build --build-base /home/seano/resource_git/seano-logger/build/seano_logger/build install --record /home/seano/resource_git/seano-logger/build/seano_logger/install.log --single-version-externally-managed install_data
[5.340s] running egg_info
[5.422s] writing ../../build/seano_logger/seano_logger.egg-info/PKG-INFO
[5.427s] writing dependency_links to ../../build/seano_logger/seano_logger.egg-info/dependency_links.txt
[5.432s] writing entry points to ../../build/seano_logger/seano_logger.egg-info/entry_points.txt
[5.432s] writing requirements to ../../build/seano_logger/seano_logger.egg-info/requires.txt
[5.432s] writing top-level names to ../../build/seano_logger/seano_logger.egg-info/top_level.txt
[5.574s] reading manifest file '../../build/seano_logger/seano_logger.egg-info/SOURCES.txt'
[5.577s] writing manifest file '../../build/seano_logger/seano_logger.egg-info/SOURCES.txt'
[5.578s] running build
[5.578s] running build_py
[5.582s] copying seano_logger/logger_node.py -> /home/seano/resource_git/seano-logger/build/seano_logger/build/lib/seano_logger
[5.585s] copying seano_logger/__init__.py -> /home/seano/resource_git/seano-logger/build/seano_logger/build/lib/seano_logger
[5.586s] running install
[5.612s] running install_lib
[5.687s] running install_data
[5.687s] copying resource/seano_logger -> /home/seano/resource_git/seano-logger/install/seano_logger/share/ament_index/resource_index/packages
[5.687s] copying package.xml -> /home/seano/resource_git/seano-logger/install/seano_logger/share/seano_logger
[5.688s] copying launch/seano_all.launch.py -> /home/seano/resource_git/seano-logger/install/seano_logger/share/seano_logger/launch
[5.688s] running install_egg_info
[5.741s] removing '/home/seano/resource_git/seano-logger/install/seano_logger/lib/python3.10/site-packages/seano_logger-0.0.0-py3.10.egg-info' (and everything under it)
[5.755s] Copying ../../build/seano_logger/seano_logger.egg-info to /home/seano/resource_git/seano-logger/install/seano_logger/lib/python3.10/site-packages/seano_logger-0.0.0-py3.10.egg-info
[5.756s] running install_scripts
[6.424s] Installing logger_node script to /home/seano/resource_git/seano-logger/install/seano_logger/lib/seano_logger
[6.450s] writing list of installed files to '/home/seano/resource_git/seano-logger/build/seano_logger/install.log'
[6.796s] Invoked command in '/home/seano/resource_git/seano-logger/src/seano_logger' returned '0': PYTHONPATH=/home/seano/resource_git/seano-logger/build/seano_logger/prefix_override:/usr/lib/python3/dist-packages/colcon_core/task/python/colcon_distutils_commands:/home/seano/resource_git/seano-logger/install/seano_logger/lib/python3.10/site-packages:${PYTHONPATH} /usr/bin/python3 -W ignore:setup.py install is deprecated -W ignore:easy_install command is deprecated setup.py egg_info --egg-base ../../build/seano_logger build --build-base /home/seano/resource_git/seano-logger/build/seano_logger/build install --record /home/seano/resource_git/seano-logger/build/seano_logger/install.log --single-version-externally-managed install_data
