[3.240s] Invoking command in '/home/seano/resource_git/seano-logger/src/seano_sensors': PYTHONPATH=/home/seano/resource_git/seano-logger/build/seano_sensors/prefix_override:/usr/lib/python3/dist-packages/colcon_core/task/python/colcon_distutils_commands:/home/seano/resource_git/seano-logger/install/seano_sensors/lib/python3.10/site-packages:${PYTHONPATH} /usr/bin/python3 -W ignore:setup.py install is deprecated -W ignore:easy_install command is deprecated setup.py egg_info --egg-base ../../build/seano_sensors build --build-base /home/seano/resource_git/seano-logger/build/seano_sensors/build install --record /home/seano/resource_git/seano-logger/build/seano_sensors/install.log --single-version-externally-managed install_data
[4.005s] running egg_info
[4.049s] writing ../../build/seano_sensors/seano_sensors.egg-info/PKG-INFO
[4.052s] writing dependency_links to ../../build/seano_sensors/seano_sensors.egg-info/dependency_links.txt
[4.056s] writing entry points to ../../build/seano_sensors/seano_sensors.egg-info/entry_points.txt
[4.057s] writing requirements to ../../build/seano_sensors/seano_sensors.egg-info/requires.txt
[4.057s] writing top-level names to ../../build/seano_sensors/seano_sensors.egg-info/top_level.txt
[4.158s] reading manifest file '../../build/seano_sensors/seano_sensors.egg-info/SOURCES.txt'
[4.168s] writing manifest file '../../build/seano_sensors/seano_sensors.egg-info/SOURCES.txt'
[4.171s] running build
[4.171s] running build_py
[4.172s] copying seano_sensors/ctd_reader.py -> /home/seano/resource_git/seano-logger/build/seano_sensors/build/lib/seano_sensors
[4.172s] copying seano_sensors/gps_reader.py -> /home/seano/resource_git/seano-logger/build/seano_sensors/build/lib/seano_sensors
[4.172s] copying seano_sensors/battery_reader.py -> /home/seano/resource_git/seano-logger/build/seano_sensors/build/lib/seano_sensors
[4.172s] copying seano_sensors/imu_reader.py -> /home/seano/resource_git/seano-logger/build/seano_sensors/build/lib/seano_sensors
[4.172s] copying seano_sensors/mission_state_reader_node.py -> /home/seano/resource_git/seano-logger/build/seano_sensors/build/lib/seano_sensors
[4.172s] copying seano_sensors/video_logger_node.py -> /home/seano/resource_git/seano-logger/build/seano_sensors/build/lib/seano_sensors
[4.172s] copying seano_sensors/__init__.py -> /home/seano/resource_git/seano-logger/build/seano_sensors/build/lib/seano_sensors
[4.173s] copying seano_sensors/adcp_reader.py -> /home/seano/resource_git/seano-logger/build/seano_sensors/build/lib/seano_sensors
[4.173s] running install
[4.184s] running install_lib
[4.222s] copying /home/seano/resource_git/seano-logger/build/seano_sensors/build/lib/seano_sensors/ctd_reader.py -> /home/seano/resource_git/seano-logger/install/seano_sensors/lib/python3.10/site-packages/seano_sensors
[4.223s] copying /home/seano/resource_git/seano-logger/build/seano_sensors/build/lib/seano_sensors/adcp_reader.py -> /home/seano/resource_git/seano-logger/install/seano_sensors/lib/python3.10/site-packages/seano_sensors
[4.226s] byte-compiling /home/seano/resource_git/seano-logger/install/seano_sensors/lib/python3.10/site-packages/seano_sensors/ctd_reader.py to ctd_reader.cpython-310.pyc
[4.230s] byte-compiling /home/seano/resource_git/seano-logger/install/seano_sensors/lib/python3.10/site-packages/seano_sensors/adcp_reader.py to adcp_reader.cpython-310.pyc
[4.232s] running install_data
[4.233s] copying resource/seano_sensors -> /home/seano/resource_git/seano-logger/install/seano_sensors/share/ament_index/resource_index/packages
[4.233s] copying package.xml -> /home/seano/resource_git/seano-logger/install/seano_sensors/share/seano_sensors
[4.234s] running install_egg_info
[4.283s] removing '/home/seano/resource_git/seano-logger/install/seano_sensors/lib/python3.10/site-packages/seano_sensors-0.0.0-py3.10.egg-info' (and everything under it)
[4.285s] Copying ../../build/seano_sensors/seano_sensors.egg-info to /home/seano/resource_git/seano-logger/install/seano_sensors/lib/python3.10/site-packages/seano_sensors-0.0.0-py3.10.egg-info
[4.287s] running install_scripts
[4.658s] Installing adcp_reader script to /home/seano/resource_git/seano-logger/install/seano_sensors/lib/seano_sensors
[4.663s] Installing battery_reader script to /home/seano/resource_git/seano-logger/install/seano_sensors/lib/seano_sensors
[4.664s] Installing ctd_reader script to /home/seano/resource_git/seano-logger/install/seano_sensors/lib/seano_sensors
[4.664s] Installing gps_reader script to /home/seano/resource_git/seano-logger/install/seano_sensors/lib/seano_sensors
[4.664s] Installing imu_reader script to /home/seano/resource_git/seano-logger/install/seano_sensors/lib/seano_sensors
[4.665s] Installing mission_state_reader_node script to /home/seano/resource_git/seano-logger/install/seano_sensors/lib/seano_sensors
[4.665s] Installing video_logger_node script to /home/seano/resource_git/seano-logger/install/seano_sensors/lib/seano_sensors
[4.665s] writing list of installed files to '/home/seano/resource_git/seano-logger/build/seano_sensors/install.log'
[4.831s] Invoked command in '/home/seano/resource_git/seano-logger/src/seano_sensors' returned '0': PYTHONPATH=/home/seano/resource_git/seano-logger/build/seano_sensors/prefix_override:/usr/lib/python3/dist-packages/colcon_core/task/python/colcon_distutils_commands:/home/seano/resource_git/seano-logger/install/seano_sensors/lib/python3.10/site-packages:${PYTHONPATH} /usr/bin/python3 -W ignore:setup.py install is deprecated -W ignore:easy_install command is deprecated setup.py egg_info --egg-base ../../build/seano_sensors build --build-base /home/seano/resource_git/seano-logger/build/seano_sensors/build install --record /home/seano/resource_git/seano-logger/build/seano_sensors/install.log --single-version-externally-managed install_data
