running egg_info
creating ../../build/seano_logger/seano_logger.egg-info
writing ../../build/seano_logger/seano_logger.egg-info/PKG-INFO
writing dependency_links to ../../build/seano_logger/seano_logger.egg-info/dependency_links.txt
writing entry points to ../../build/seano_logger/seano_logger.egg-info/entry_points.txt
writing requirements to ../../build/seano_logger/seano_logger.egg-info/requires.txt
writing top-level names to ../../build/seano_logger/seano_logger.egg-info/top_level.txt
writing manifest file '../../build/seano_logger/seano_logger.egg-info/SOURCES.txt'
reading manifest file '../../build/seano_logger/seano_logger.egg-info/SOURCES.txt'
writing manifest file '../../build/seano_logger/seano_logger.egg-info/SOURCES.txt'
running build
running build_py
creating /home/seano/resource_git/seano-logger/build/seano_logger/build/lib/seano_logger
copying seano_logger/logger_node.py -> /home/seano/resource_git/seano-logger/build/seano_logger/build/lib/seano_logger
copying seano_logger/__init__.py -> /home/seano/resource_git/seano-logger/build/seano_logger/build/lib/seano_logger
running install
running install_lib
creating /home/seano/resource_git/seano-logger/install/seano_logger/lib/python3.10/site-packages/seano_logger
copying /home/seano/resource_git/seano-logger/build/seano_logger/build/lib/seano_logger/logger_node.py -> /home/seano/resource_git/seano-logger/install/seano_logger/lib/python3.10/site-packages/seano_logger
copying /home/seano/resource_git/seano-logger/build/seano_logger/build/lib/seano_logger/__init__.py -> /home/seano/resource_git/seano-logger/install/seano_logger/lib/python3.10/site-packages/seano_logger
byte-compiling /home/seano/resource_git/seano-logger/install/seano_logger/lib/python3.10/site-packages/seano_logger/logger_node.py to logger_node.cpython-310.pyc
byte-compiling /home/seano/resource_git/seano-logger/install/seano_logger/lib/python3.10/site-packages/seano_logger/__init__.py to __init__.cpython-310.pyc
running install_data
creating /home/seano/resource_git/seano-logger/install/seano_logger/share/ament_index/resource_index/packages
copying resource/seano_logger -> /home/seano/resource_git/seano-logger/install/seano_logger/share/ament_index/resource_index/packages
copying package.xml -> /home/seano/resource_git/seano-logger/install/seano_logger/share/seano_logger
creating /home/seano/resource_git/seano-logger/install/seano_logger/share/seano_logger/launch
copying launch/seano_all.launch.py -> /home/seano/resource_git/seano-logger/install/seano_logger/share/seano_logger/launch
running install_egg_info
Copying ../../build/seano_logger/seano_logger.egg-info to /home/seano/resource_git/seano-logger/install/seano_logger/lib/python3.10/site-packages/seano_logger-0.0.0-py3.10.egg-info
running install_scripts
Installing logger_node script to /home/seano/resource_git/seano-logger/install/seano_logger/lib/seano_logger
writing list of installed files to '/home/seano/resource_git/seano-logger/build/seano_logger/install.log'
