[4.012s] Invoking command in '/home/seano/resource_git/seano-logger/src/seano_logger': PYTHONPATH=/home/seano/resource_git/seano-logger/build/seano_logger/prefix_override:/usr/lib/python3/dist-packages/colcon_core/task/python/colcon_distutils_commands:/home/seano/resource_git/seano-logger/install/seano_logger/lib/python3.10/site-packages:${PYTHONPATH} /usr/bin/python3 -W ignore:setup.py install is deprecated -W ignore:easy_install command is deprecated setup.py egg_info --egg-base ../../build/seano_logger build --build-base /home/seano/resource_git/seano-logger/build/seano_logger/build install --record /home/seano/resource_git/seano-logger/build/seano_logger/install.log --single-version-externally-managed install_data
[4.770s] running egg_info
[4.814s] writing ../../build/seano_logger/seano_logger.egg-info/PKG-INFO
[4.818s] writing dependency_links to ../../build/seano_logger/seano_logger.egg-info/dependency_links.txt
[4.819s] writing entry points to ../../build/seano_logger/seano_logger.egg-info/entry_points.txt
[4.822s] writing requirements to ../../build/seano_logger/seano_logger.egg-info/requires.txt
[4.823s] writing top-level names to ../../build/seano_logger/seano_logger.egg-info/top_level.txt
[4.916s] reading manifest file '../../build/seano_logger/seano_logger.egg-info/SOURCES.txt'
[4.921s] writing manifest file '../../build/seano_logger/seano_logger.egg-info/SOURCES.txt'
[4.923s] running build
[4.924s] running build_py
[4.924s] copying seano_logger/logger_node.py -> /home/seano/resource_git/seano-logger/build/seano_logger/build/lib/seano_logger
[4.925s] copying seano_logger/__init__.py -> /home/seano/resource_git/seano-logger/build/seano_logger/build/lib/seano_logger
[4.926s] running install
[4.938s] running install_lib
[5.001s] running install_data
[5.002s] copying resource/seano_logger -> /home/seano/resource_git/seano-logger/install/seano_logger/share/ament_index/resource_index/packages
[5.003s] copying package.xml -> /home/seano/resource_git/seano-logger/install/seano_logger/share/seano_logger
[5.004s] copying launch/seano_all.launch.py -> /home/seano/resource_git/seano-logger/install/seano_logger/share/seano_logger/launch
[5.005s] running install_egg_info
[5.057s] removing '/home/seano/resource_git/seano-logger/install/seano_logger/lib/python3.10/site-packages/seano_logger-0.0.0-py3.10.egg-info' (and everything under it)
[5.057s] Copying ../../build/seano_logger/seano_logger.egg-info to /home/seano/resource_git/seano-logger/install/seano_logger/lib/python3.10/site-packages/seano_logger-0.0.0-py3.10.egg-info
[5.057s] running install_scripts
[5.522s] Installing logger_node script to /home/seano/resource_git/seano-logger/install/seano_logger/lib/seano_logger
[5.523s] writing list of installed files to '/home/seano/resource_git/seano-logger/build/seano_logger/install.log'
[5.687s] Invoked command in '/home/seano/resource_git/seano-logger/src/seano_logger' returned '0': PYTHONPATH=/home/seano/resource_git/seano-logger/build/seano_logger/prefix_override:/usr/lib/python3/dist-packages/colcon_core/task/python/colcon_distutils_commands:/home/seano/resource_git/seano-logger/install/seano_logger/lib/python3.10/site-packages:${PYTHONPATH} /usr/bin/python3 -W ignore:setup.py install is deprecated -W ignore:easy_install command is deprecated setup.py egg_info --egg-base ../../build/seano_logger build --build-base /home/seano/resource_git/seano-logger/build/seano_logger/build install --record /home/seano/resource_git/seano-logger/build/seano_logger/install.log --single-version-externally-managed install_data
