[2.932s] Invoking command in '/home/seano/resource_git/seano-logger/src/seano_sensors': PYTHONPATH=/home/seano/resource_git/seano-logger/build/seano_sensors/prefix_override:/usr/lib/python3/dist-packages/colcon_core/task/python/colcon_distutils_commands:/home/seano/resource_git/seano-logger/install/seano_sensors/lib/python3.10/site-packages:${PYTHONPATH} /usr/bin/python3 -W ignore:setup.py install is deprecated -W ignore:easy_install command is deprecated setup.py egg_info --egg-base ../../build/seano_sensors build --build-base /home/seano/resource_git/seano-logger/build/seano_sensors/build install --record /home/seano/resource_git/seano-logger/build/seano_sensors/install.log --single-version-externally-managed install_data
[3.633s] running egg_info
[3.709s] writing ../../build/seano_sensors/seano_sensors.egg-info/PKG-INFO
[3.712s] writing dependency_links to ../../build/seano_sensors/seano_sensors.egg-info/dependency_links.txt
[3.713s] writing entry points to ../../build/seano_sensors/seano_sensors.egg-info/entry_points.txt
[3.714s] writing requirements to ../../build/seano_sensors/seano_sensors.egg-info/requires.txt
[3.714s] writing top-level names to ../../build/seano_sensors/seano_sensors.egg-info/top_level.txt
[3.805s] reading manifest file '../../build/seano_sensors/seano_sensors.egg-info/SOURCES.txt'
[3.816s] writing manifest file '../../build/seano_sensors/seano_sensors.egg-info/SOURCES.txt'
[3.816s] running build
[3.817s] running build_py
[3.817s] copying seano_sensors/gps_reader.py -> /home/seano/resource_git/seano-logger/build/seano_sensors/build/lib/seano_sensors
[3.838s] copying seano_sensors/battery_reader.py -> /home/seano/resource_git/seano-logger/build/seano_sensors/build/lib/seano_sensors
[3.839s] copying seano_sensors/imu_reader.py -> /home/seano/resource_git/seano-logger/build/seano_sensors/build/lib/seano_sensors
[3.839s] copying seano_sensors/mission_state_reader_node.py -> /home/seano/resource_git/seano-logger/build/seano_sensors/build/lib/seano_sensors
[3.841s] copying seano_sensors/video_logger_node.py -> /home/seano/resource_git/seano-logger/build/seano_sensors/build/lib/seano_sensors
[3.844s] copying seano_sensors/ctd_adcp_reader.py -> /home/seano/resource_git/seano-logger/build/seano_sensors/build/lib/seano_sensors
[3.845s] copying seano_sensors/__init__.py -> /home/seano/resource_git/seano-logger/build/seano_sensors/build/lib/seano_sensors
[3.846s] running install
[3.865s] running install_lib
[3.941s] running install_data
[3.941s] copying resource/seano_sensors -> /home/seano/resource_git/seano-logger/install/seano_sensors/share/ament_index/resource_index/packages
[3.942s] copying package.xml -> /home/seano/resource_git/seano-logger/install/seano_sensors/share/seano_sensors
[3.943s] running install_egg_info
[3.995s] removing '/home/seano/resource_git/seano-logger/install/seano_sensors/lib/python3.10/site-packages/seano_sensors-0.0.0-py3.10.egg-info' (and everything under it)
[4.002s] Copying ../../build/seano_sensors/seano_sensors.egg-info to /home/seano/resource_git/seano-logger/install/seano_sensors/lib/python3.10/site-packages/seano_sensors-0.0.0-py3.10.egg-info
[4.019s] running install_scripts
[4.361s] Installing battery_reader script to /home/seano/resource_git/seano-logger/install/seano_sensors/lib/seano_sensors
[4.361s] Installing ctd_adcp_reader script to /home/seano/resource_git/seano-logger/install/seano_sensors/lib/seano_sensors
[4.362s] Installing gps_reader script to /home/seano/resource_git/seano-logger/install/seano_sensors/lib/seano_sensors
[4.363s] Installing imu_reader script to /home/seano/resource_git/seano-logger/install/seano_sensors/lib/seano_sensors
[4.363s] Installing mission_state_reader_node script to /home/seano/resource_git/seano-logger/install/seano_sensors/lib/seano_sensors
[4.364s] Installing video_logger_node script to /home/seano/resource_git/seano-logger/install/seano_sensors/lib/seano_sensors
[4.369s] writing list of installed files to '/home/seano/resource_git/seano-logger/build/seano_sensors/install.log'
[4.519s] Invoked command in '/home/seano/resource_git/seano-logger/src/seano_sensors' returned '0': PYTHONPATH=/home/seano/resource_git/seano-logger/build/seano_sensors/prefix_override:/usr/lib/python3/dist-packages/colcon_core/task/python/colcon_distutils_commands:/home/seano/resource_git/seano-logger/install/seano_sensors/lib/python3.10/site-packages:${PYTHONPATH} /usr/bin/python3 -W ignore:setup.py install is deprecated -W ignore:easy_install command is deprecated setup.py egg_info --egg-base ../../build/seano_sensors build --build-base /home/seano/resource_git/seano-logger/build/seano_sensors/build install --record /home/seano/resource_git/seano-logger/build/seano_sensors/install.log --single-version-externally-managed install_data
