[47.794s] Invoking command in '/home/seano/resource_git/seano-logger/src/seano_logger': PYTHONPATH=/home/seano/resource_git/seano-logger/build/seano_logger/prefix_override:/usr/lib/python3/dist-packages/colcon_core/task/python/colcon_distutils_commands:/home/seano/resource_git/seano-logger/install/seano_logger/lib/python3.10/site-packages:${PYTHONPATH} /usr/bin/python3 -W ignore:setup.py install is deprecated -W ignore:easy_install command is deprecated setup.py egg_info --egg-base ../../build/seano_logger build --build-base /home/seano/resource_git/seano-logger/build/seano_logger/build install --record /home/seano/resource_git/seano-logger/build/seano_logger/install.log --single-version-externally-managed install_data
[54.196s] running egg_info
[54.459s] writing ../../build/seano_logger/seano_logger.egg-info/PKG-INFO
[54.477s] writing dependency_links to ../../build/seano_logger/seano_logger.egg-info/dependency_links.txt
[54.483s] writing entry points to ../../build/seano_logger/seano_logger.egg-info/entry_points.txt
[54.490s] writing requirements to ../../build/seano_logger/seano_logger.egg-info/requires.txt
[54.505s] writing top-level names to ../../build/seano_logger/seano_logger.egg-info/top_level.txt
[55.083s] reading manifest file '../../build/seano_logger/seano_logger.egg-info/SOURCES.txt'
[55.092s] writing manifest file '../../build/seano_logger/seano_logger.egg-info/SOURCES.txt'
[55.093s] running build
[55.093s] running build_py
[55.100s] copying seano_logger/logger_node.py -> /home/seano/resource_git/seano-logger/build/seano_logger/build/lib/seano_logger
[55.100s] copying seano_logger/__init__.py -> /home/seano/resource_git/seano-logger/build/seano_logger/build/lib/seano_logger
[55.102s] running install
[55.140s] running install_lib
[55.993s] running install_data
[55.993s] copying resource/seano_logger -> /home/seano/resource_git/seano-logger/install/seano_logger/share/ament_index/resource_index/packages
[56.012s] copying package.xml -> /home/seano/resource_git/seano-logger/install/seano_logger/share/seano_logger
[56.014s] copying launch/seano_all.launch.py -> /home/seano/resource_git/seano-logger/install/seano_logger/share/seano_logger/launch
[56.021s] running install_egg_info
[56.481s] removing '/home/seano/resource_git/seano-logger/install/seano_logger/lib/python3.10/site-packages/seano_logger-0.0.0-py3.10.egg-info' (and everything under it)
[56.510s] Copying ../../build/seano_logger/seano_logger.egg-info to /home/seano/resource_git/seano-logger/install/seano_logger/lib/python3.10/site-packages/seano_logger-0.0.0-py3.10.egg-info
[56.522s] running install_scripts
[59.858s] Installing logger_node script to /home/seano/resource_git/seano-logger/install/seano_logger/lib/seano_logger
[59.874s] writing list of installed files to '/home/seano/resource_git/seano-logger/build/seano_logger/install.log'
[60.571s] Invoked command in '/home/seano/resource_git/seano-logger/src/seano_logger' returned '0': PYTHONPATH=/home/seano/resource_git/seano-logger/build/seano_logger/prefix_override:/usr/lib/python3/dist-packages/colcon_core/task/python/colcon_distutils_commands:/home/seano/resource_git/seano-logger/install/seano_logger/lib/python3.10/site-packages:${PYTHONPATH} /usr/bin/python3 -W ignore:setup.py install is deprecated -W ignore:easy_install command is deprecated setup.py egg_info --egg-base ../../build/seano_logger build --build-base /home/seano/resource_git/seano-logger/build/seano_logger/build install --record /home/seano/resource_git/seano-logger/build/seano_logger/install.log --single-version-externally-managed install_data
