[1.081s] DEBUG:colcon:Command line arguments: ['/usr/bin/colcon', 'build', '--symlink-install']
[1.081s] DEBUG:colcon:Parsed command line arguments: Namespace(log_base=None, log_level=None, verb_name='build', build_base='build', install_base='install', merge_install=False, symlink_install=True, test_result_base=None, continue_on_error=False, executor='parallel', parallel_workers=4, event_handlers=None, ignore_user_meta=False, metas=['./colcon.meta'], base_paths=['.'], packages_ignore=None, packages_ignore_regex=None, paths=None, packages_up_to=None, packages_up_to_regex=None, packages_above=None, packages_above_and_dependencies=None, packages_above_depth=None, packages_select_by_dep=None, packages_skip_by_dep=None, packages_skip_up_to=None, packages_select_build_failed=False, packages_skip_build_finished=False, packages_select_test_failures=False, packages_skip_test_passed=False, packages_select=None, packages_skip=None, packages_select_regex=None, packages_skip_regex=None, packages_start=None, packages_end=None, allow_overriding=[], cmake_args=None, cmake_target=None, cmake_target_skip_unavailable=False, cmake_clean_cache=False, cmake_clean_first=False, cmake_force_configure=False, ament_cmake_args=None, catkin_cmake_args=None, catkin_skip_building_tests=False, verb_parser=<colcon_defaults.argument_parser.defaults.DefaultArgumentsDecorator object at 0x7e985a5701c0>, verb_extension=<colcon_core.verb.build.BuildVerb object at 0x7e985a5375e0>, main=<bound method BuildVerb.main of <colcon_core.verb.build.BuildVerb object at 0x7e985a5375e0>>)
[4.437s] Level 1:colcon.colcon_core.package_discovery:discover_packages(colcon_meta) check parameters
[4.437s] Level 1:colcon.colcon_core.package_discovery:discover_packages(recursive) check parameters
[4.437s] Level 1:colcon.colcon_core.package_discovery:discover_packages(ignore) check parameters
[4.437s] Level 1:colcon.colcon_core.package_discovery:discover_packages(path) check parameters
[4.437s] Level 1:colcon.colcon_core.package_discovery:discover_packages(colcon_meta) discover
[4.437s] Level 1:colcon.colcon_core.package_discovery:discover_packages(recursive) discover
[4.437s] INFO:colcon.colcon_core.package_discovery:Crawling recursively for packages in '/home/raihan/seano_ws/src'
[4.437s] Level 1:colcon.colcon_core.package_identification:_identify(.) by extensions ['ignore', 'ignore_ament_install']
[4.438s] Level 1:colcon.colcon_core.package_identification:_identify(.) by extension 'ignore'
[4.438s] Level 1:colcon.colcon_core.package_identification:_identify(.) by extension 'ignore_ament_install'
[4.438s] Level 1:colcon.colcon_core.package_identification:_identify(.) by extensions ['colcon_pkg']
[4.438s] Level 1:colcon.colcon_core.package_identification:_identify(.) by extension 'colcon_pkg'
[4.438s] Level 1:colcon.colcon_core.package_identification:_identify(.) by extensions ['colcon_meta']
[4.438s] Level 1:colcon.colcon_core.package_identification:_identify(.) by extension 'colcon_meta'
[4.438s] Level 1:colcon.colcon_core.package_identification:_identify(.) by extensions ['ros']
[4.438s] Level 1:colcon.colcon_core.package_identification:_identify(.) by extension 'ros'
[4.489s] Level 1:colcon.colcon_core.package_identification:_identify(.) by extensions ['cmake', 'python']
[4.489s] Level 1:colcon.colcon_core.package_identification:_identify(.) by extension 'cmake'
[4.489s] Level 1:colcon.colcon_core.package_identification:_identify(.) by extension 'python'
[4.489s] Level 1:colcon.colcon_core.package_identification:_identify(.) by extensions ['python_setup_py']
[4.489s] Level 1:colcon.colcon_core.package_identification:_identify(.) by extension 'python_setup_py'
[4.489s] Level 1:colcon.colcon_core.package_identification:_identify(build) by extensions ['ignore', 'ignore_ament_install']
[4.490s] Level 1:colcon.colcon_core.package_identification:_identify(build) by extension 'ignore'
[4.490s] Level 1:colcon.colcon_core.package_identification:_identify(build) ignored
[4.490s] Level 1:colcon.colcon_core.package_identification:_identify(install) by extensions ['ignore', 'ignore_ament_install']
[4.490s] Level 1:colcon.colcon_core.package_identification:_identify(install) by extension 'ignore'
[4.490s] Level 1:colcon.colcon_core.package_identification:_identify(install) ignored
[4.490s] Level 1:colcon.colcon_core.package_identification:_identify(log) by extensions ['ignore', 'ignore_ament_install']
[4.490s] Level 1:colcon.colcon_core.package_identification:_identify(log) by extension 'ignore'
[4.490s] Level 1:colcon.colcon_core.package_identification:_identify(log) ignored
[4.490s] Level 1:colcon.colcon_core.package_identification:_identify(seano_sensors) by extensions ['ignore', 'ignore_ament_install']
[4.491s] Level 1:colcon.colcon_core.package_identification:_identify(seano_sensors) by extension 'ignore'
[4.491s] Level 1:colcon.colcon_core.package_identification:_identify(seano_sensors) by extension 'ignore_ament_install'
[4.491s] Level 1:colcon.colcon_core.package_identification:_identify(seano_sensors) by extensions ['colcon_pkg']
[4.491s] Level 1:colcon.colcon_core.package_identification:_identify(seano_sensors) by extension 'colcon_pkg'
[4.491s] Level 1:colcon.colcon_core.package_identification:_identify(seano_sensors) by extensions ['colcon_meta']
[4.491s] Level 1:colcon.colcon_core.package_identification:_identify(seano_sensors) by extension 'colcon_meta'
[4.491s] Level 1:colcon.colcon_core.package_identification:_identify(seano_sensors) by extensions ['ros']
[4.491s] Level 1:colcon.colcon_core.package_identification:_identify(seano_sensors) by extension 'ros'
[4.527s] DEBUG:colcon.colcon_core.package_identification:Package 'seano_sensors' with type 'ros.ament_python' and name 'seano_sensors'
[4.527s] Level 1:colcon.colcon_core.package_discovery:discover_packages(recursive) using defaults
[4.527s] Level 1:colcon.colcon_core.package_discovery:discover_packages(ignore) discover
[4.527s] Level 1:colcon.colcon_core.package_discovery:discover_packages(ignore) using defaults
[4.527s] Level 1:colcon.colcon_core.package_discovery:discover_packages(path) discover
[4.527s] Level 1:colcon.colcon_core.package_discovery:discover_packages(path) using defaults
[4.731s] Level 1:colcon.colcon_core.package_discovery:discover_packages(prefix_path) check parameters
[4.732s] Level 1:colcon.colcon_core.package_discovery:discover_packages(prefix_path) discover
[4.750s] DEBUG:colcon.colcon_installed_package_information.package_discovery:Found 1 installed packages in /home/raihan/seano_ws/install
[4.750s] DEBUG:colcon.colcon_installed_package_information.package_discovery:Found 1 installed packages in /home/raihan/seano_ws/src/seano_sensors/install
[4.753s] DEBUG:colcon.colcon_installed_package_information.package_discovery:Found 272 installed packages in /opt/ros/humble
[4.755s] Level 1:colcon.colcon_core.package_discovery:discover_packages(prefix_path) using defaults
[4.829s] Level 5:colcon.colcon_core.verb:set package 'seano_sensors' build argument 'cmake_args' from command line to 'None'
[4.830s] Level 5:colcon.colcon_core.verb:set package 'seano_sensors' build argument 'cmake_target' from command line to 'None'
[4.830s] Level 5:colcon.colcon_core.verb:set package 'seano_sensors' build argument 'cmake_target_skip_unavailable' from command line to 'False'
[4.830s] Level 5:colcon.colcon_core.verb:set package 'seano_sensors' build argument 'cmake_clean_cache' from command line to 'False'
[4.830s] Level 5:colcon.colcon_core.verb:set package 'seano_sensors' build argument 'cmake_clean_first' from command line to 'False'
[4.830s] Level 5:colcon.colcon_core.verb:set package 'seano_sensors' build argument 'cmake_force_configure' from command line to 'False'
[4.830s] Level 5:colcon.colcon_core.verb:set package 'seano_sensors' build argument 'ament_cmake_args' from command line to 'None'
[4.830s] Level 5:colcon.colcon_core.verb:set package 'seano_sensors' build argument 'catkin_cmake_args' from command line to 'None'
[4.830s] Level 5:colcon.colcon_core.verb:set package 'seano_sensors' build argument 'catkin_skip_building_tests' from command line to 'False'
[4.830s] DEBUG:colcon.colcon_core.verb:Building package 'seano_sensors' with the following arguments: {'ament_cmake_args': None, 'build_base': '/home/raihan/seano_ws/src/build/seano_sensors', 'catkin_cmake_args': None, 'catkin_skip_building_tests': False, 'cmake_args': None, 'cmake_clean_cache': False, 'cmake_clean_first': False, 'cmake_force_configure': False, 'cmake_target': None, 'cmake_target_skip_unavailable': False, 'install_base': '/home/raihan/seano_ws/src/install/seano_sensors', 'merge_install': False, 'path': '/home/raihan/seano_ws/src/seano_sensors', 'symlink_install': True, 'test_result_base': None}
[4.830s] INFO:colcon.colcon_core.executor:Executing jobs using 'parallel' executor
[4.831s] DEBUG:colcon.colcon_parallel_executor.executor.parallel:run_until_complete
[4.832s] INFO:colcon.colcon_ros.task.ament_python.build:Building ROS package in '/home/raihan/seano_ws/src/seano_sensors' with build type 'ament_python'
[4.832s] Level 1:colcon.colcon_core.shell:create_environment_hook('seano_sensors', 'ament_prefix_path')
[4.851s] INFO:colcon.colcon_core.plugin_system:Skipping extension 'colcon_core.shell.bat': Not used on non-Windows systems
[4.852s] INFO:colcon.colcon_core.shell:Creating environment hook '/home/raihan/seano_ws/src/install/seano_sensors/share/seano_sensors/hook/ament_prefix_path.ps1'
[4.867s] INFO:colcon.colcon_core.shell:Creating environment descriptor '/home/raihan/seano_ws/src/install/seano_sensors/share/seano_sensors/hook/ament_prefix_path.dsv'
[4.884s] INFO:colcon.colcon_core.shell:Creating environment hook '/home/raihan/seano_ws/src/install/seano_sensors/share/seano_sensors/hook/ament_prefix_path.sh'
[4.886s] INFO:colcon.colcon_core.shell:Skip shell extension 'powershell' for command environment: Not usable outside of PowerShell
[4.886s] DEBUG:colcon.colcon_core.shell:Skip shell extension 'dsv' for command environment
[5.363s] INFO:colcon.colcon_core.task.python.build:Building Python package in '/home/raihan/seano_ws/src/seano_sensors'
[5.363s] INFO:colcon.colcon_core.shell:Skip shell extension 'powershell' for command environment: Not usable outside of PowerShell
[5.363s] DEBUG:colcon.colcon_core.shell:Skip shell extension 'dsv' for command environment
[6.137s] DEBUG:colcon.colcon_core.event_handler.log_command:Invoking command in '/home/raihan/seano_ws/src/build/seano_sensors': PYTHONPATH=/home/raihan/seano_ws/src/build/seano_sensors/prefix_override:/usr/lib/python3/dist-packages/colcon_core/task/python/colcon_distutils_commands:/home/raihan/seano_ws/src/install/seano_sensors/lib/python3.10/site-packages:${PYTHONPATH} /usr/bin/python3 -W ignore:setup.py install is deprecated -W ignore:easy_install command is deprecated setup.py develop --editable --build-directory /home/raihan/seano_ws/src/build/seano_sensors/build --no-deps symlink_data
[7.283s] Level 1:colcon.colcon_core.shell:create_environment_hook('seano_sensors', 'pythonpath_develop')
[7.284s] INFO:colcon.colcon_core.shell:Creating environment hook '/home/raihan/seano_ws/src/build/seano_sensors/share/seano_sensors/hook/pythonpath_develop.ps1'
[7.286s] DEBUG:colcon.colcon_core.event_handler.log_command:Invoked command in '/home/raihan/seano_ws/src/build/seano_sensors' returned '0': PYTHONPATH=/home/raihan/seano_ws/src/build/seano_sensors/prefix_override:/usr/lib/python3/dist-packages/colcon_core/task/python/colcon_distutils_commands:/home/raihan/seano_ws/src/install/seano_sensors/lib/python3.10/site-packages:${PYTHONPATH} /usr/bin/python3 -W ignore:setup.py install is deprecated -W ignore:easy_install command is deprecated setup.py develop --editable --build-directory /home/raihan/seano_ws/src/build/seano_sensors/build --no-deps symlink_data
[7.289s] INFO:colcon.colcon_core.shell:Creating environment descriptor '/home/raihan/seano_ws/src/build/seano_sensors/share/seano_sensors/hook/pythonpath_develop.dsv'
[7.290s] INFO:colcon.colcon_core.shell:Creating environment hook '/home/raihan/seano_ws/src/build/seano_sensors/share/seano_sensors/hook/pythonpath_develop.sh'
[7.305s] Level 1:colcon.colcon_core.environment:checking '/home/raihan/seano_ws/src/install/seano_sensors' for CMake module files
[7.306s] Level 1:colcon.colcon_core.environment:checking '/home/raihan/seano_ws/src/install/seano_sensors' for CMake config files
[7.309s] Level 1:colcon.colcon_core.environment:checking '/home/raihan/seano_ws/src/install/seano_sensors/lib'
[7.309s] Level 1:colcon.colcon_core.environment:checking '/home/raihan/seano_ws/src/install/seano_sensors/bin'
[7.309s] Level 1:colcon.colcon_core.environment:checking '/home/raihan/seano_ws/src/install/seano_sensors/lib/pkgconfig/seano_sensors.pc'
[7.310s] Level 1:colcon.colcon_core.environment:checking '/home/raihan/seano_ws/src/install/seano_sensors/lib/python3.10/site-packages'
[7.310s] Level 1:colcon.colcon_core.shell:create_environment_hook('seano_sensors', 'pythonpath')
[7.313s] INFO:colcon.colcon_core.shell:Creating environment hook '/home/raihan/seano_ws/src/install/seano_sensors/share/seano_sensors/hook/pythonpath.ps1'
[7.314s] INFO:colcon.colcon_core.shell:Creating environment descriptor '/home/raihan/seano_ws/src/install/seano_sensors/share/seano_sensors/hook/pythonpath.dsv'
[7.317s] INFO:colcon.colcon_core.shell:Creating environment hook '/home/raihan/seano_ws/src/install/seano_sensors/share/seano_sensors/hook/pythonpath.sh'
[7.319s] Level 1:colcon.colcon_core.environment:checking '/home/raihan/seano_ws/src/install/seano_sensors/bin'
[7.322s] Level 1:colcon.colcon_core.environment:create_environment_scripts_only(seano_sensors)
[7.323s] INFO:colcon.colcon_core.shell:Creating package script '/home/raihan/seano_ws/src/install/seano_sensors/share/seano_sensors/package.ps1'
[7.326s] INFO:colcon.colcon_core.shell:Creating package descriptor '/home/raihan/seano_ws/src/install/seano_sensors/share/seano_sensors/package.dsv'
[7.328s] INFO:colcon.colcon_core.shell:Creating package script '/home/raihan/seano_ws/src/install/seano_sensors/share/seano_sensors/package.sh'
[7.330s] INFO:colcon.colcon_core.shell:Creating package script '/home/raihan/seano_ws/src/install/seano_sensors/share/seano_sensors/package.bash'
[7.335s] INFO:colcon.colcon_core.shell:Creating package script '/home/raihan/seano_ws/src/install/seano_sensors/share/seano_sensors/package.zsh'
[7.340s] Level 1:colcon.colcon_core.environment:create_file_with_runtime_dependencies(/home/raihan/seano_ws/src/install/seano_sensors/share/colcon-core/packages/seano_sensors)
[7.341s] DEBUG:colcon.colcon_parallel_executor.executor.parallel:closing loop
[7.342s] DEBUG:colcon.colcon_parallel_executor.executor.parallel:loop closed
[7.342s] DEBUG:colcon.colcon_parallel_executor.executor.parallel:run_until_complete finished with '0'
[7.342s] DEBUG:colcon.colcon_core.event_reactor:joining thread
[7.425s] INFO:colcon.colcon_core.plugin_system:Skipping extension 'colcon_notification.desktop_notification.terminal_notifier': Not used on non-Darwin systems
[7.425s] INFO:colcon.colcon_core.plugin_system:Skipping extension 'colcon_notification.desktop_notification.win32': Not used on non-Windows systems
[7.425s] INFO:colcon.colcon_notification.desktop_notification:Sending desktop notification using 'notify2'
[7.652s] DEBUG:colcon.colcon_core.event_reactor:joined thread
[7.653s] INFO:colcon.colcon_core.shell:Creating prefix script '/home/raihan/seano_ws/src/install/local_setup.ps1'
[7.655s] INFO:colcon.colcon_core.shell:Creating prefix util module '/home/raihan/seano_ws/src/install/_local_setup_util_ps1.py'
[7.661s] INFO:colcon.colcon_core.shell:Creating prefix chain script '/home/raihan/seano_ws/src/install/setup.ps1'
[7.664s] INFO:colcon.colcon_core.shell:Creating prefix script '/home/raihan/seano_ws/src/install/local_setup.sh'
[7.665s] INFO:colcon.colcon_core.shell:Creating prefix util module '/home/raihan/seano_ws/src/install/_local_setup_util_sh.py'
[7.668s] INFO:colcon.colcon_core.shell:Creating prefix chain script '/home/raihan/seano_ws/src/install/setup.sh'
[7.672s] INFO:colcon.colcon_core.shell:Creating prefix script '/home/raihan/seano_ws/src/install/local_setup.bash'
[7.673s] INFO:colcon.colcon_core.shell:Creating prefix chain script '/home/raihan/seano_ws/src/install/setup.bash'
[7.676s] INFO:colcon.colcon_core.shell:Creating prefix script '/home/raihan/seano_ws/src/install/local_setup.zsh'
[7.678s] INFO:colcon.colcon_core.shell:Creating prefix chain script '/home/raihan/seano_ws/src/install/setup.zsh'
