[0.293s] DEBUG:colcon:Command line arguments: ['/usr/bin/colcon', 'build']
[0.293s] DEBUG:colcon:Parsed command line arguments: Namespace(log_base=None, log_level=None, verb_name='build', build_base='build', install_base='install', merge_install=False, symlink_install=False, test_result_base=None, continue_on_error=False, executor='parallel', parallel_workers=6, event_handlers=None, ignore_user_meta=False, metas=['./colcon.meta'], base_paths=['.'], packages_ignore=None, packages_ignore_regex=None, paths=None, packages_up_to=None, packages_up_to_regex=None, packages_above=None, packages_above_and_dependencies=None, packages_above_depth=None, packages_select_by_dep=None, packages_skip_by_dep=None, packages_skip_up_to=None, packages_select_build_failed=False, packages_skip_build_finished=False, packages_select_test_failures=False, packages_skip_test_passed=False, packages_select=None, packages_skip=None, packages_select_regex=None, packages_skip_regex=None, packages_start=None, packages_end=None, allow_overriding=[], cmake_args=None, cmake_target=None, cmake_target_skip_unavailable=False, cmake_clean_cache=False, cmake_clean_first=False, cmake_force_configure=False, ament_cmake_args=None, catkin_cmake_args=None, catkin_skip_building_tests=False, verb_parser=<colcon_defaults.argument_parser.defaults.DefaultArgumentsDecorator object at 0xffff8293d4b0>, verb_extension=<colcon_core.verb.build.BuildVerb object at 0xffff82b03010>, main=<bound method BuildVerb.main of <colcon_core.verb.build.BuildVerb object at 0xffff82b03010>>)
[0.424s] Level 1:colcon.colcon_core.package_discovery:discover_packages(colcon_meta) check parameters
[0.424s] Level 1:colcon.colcon_core.package_discovery:discover_packages(recursive) check parameters
[0.424s] Level 1:colcon.colcon_core.package_discovery:discover_packages(ignore) check parameters
[0.425s] Level 1:colcon.colcon_core.package_discovery:discover_packages(path) check parameters
[0.425s] Level 1:colcon.colcon_core.package_discovery:discover_packages(colcon_meta) discover
[0.425s] Level 1:colcon.colcon_core.package_discovery:discover_packages(recursive) discover
[0.425s] INFO:colcon.colcon_core.package_discovery:Crawling recursively for packages in '/home/seano/resource_git/seano-logger'
[0.425s] Level 1:colcon.colcon_core.package_identification:_identify(.) by extensions ['ignore', 'ignore_ament_install']
[0.426s] Level 1:colcon.colcon_core.package_identification:_identify(.) by extension 'ignore'
[0.426s] Level 1:colcon.colcon_core.package_identification:_identify(.) by extension 'ignore_ament_install'
[0.426s] Level 1:colcon.colcon_core.package_identification:_identify(.) by extensions ['colcon_pkg']
[0.426s] Level 1:colcon.colcon_core.package_identification:_identify(.) by extension 'colcon_pkg'
[0.426s] Level 1:colcon.colcon_core.package_identification:_identify(.) by extensions ['colcon_meta']
[0.426s] Level 1:colcon.colcon_core.package_identification:_identify(.) by extension 'colcon_meta'
[0.427s] Level 1:colcon.colcon_core.package_identification:_identify(.) by extensions ['ros']
[0.427s] Level 1:colcon.colcon_core.package_identification:_identify(.) by extension 'ros'
[0.470s] Level 1:colcon.colcon_core.package_identification:_identify(.) by extensions ['cmake', 'python']
[0.470s] Level 1:colcon.colcon_core.package_identification:_identify(.) by extension 'cmake'
[0.470s] Level 1:colcon.colcon_core.package_identification:_identify(.) by extension 'python'
[0.471s] Level 1:colcon.colcon_core.package_identification:_identify(.) by extensions ['python_setup_py']
[0.471s] Level 1:colcon.colcon_core.package_identification:_identify(.) by extension 'python_setup_py'
[0.471s] Level 1:colcon.colcon_core.package_identification:_identify(build) by extensions ['ignore', 'ignore_ament_install']
[0.472s] Level 1:colcon.colcon_core.package_identification:_identify(build) by extension 'ignore'
[0.472s] Level 1:colcon.colcon_core.package_identification:_identify(build) ignored
[0.472s] Level 1:colcon.colcon_core.package_identification:_identify(install) by extensions ['ignore', 'ignore_ament_install']
[0.472s] Level 1:colcon.colcon_core.package_identification:_identify(install) by extension 'ignore'
[0.474s] Level 1:colcon.colcon_core.package_identification:_identify(install) ignored
[0.475s] Level 1:colcon.colcon_core.package_identification:_identify(log) by extensions ['ignore', 'ignore_ament_install']
[0.475s] Level 1:colcon.colcon_core.package_identification:_identify(log) by extension 'ignore'
[0.475s] Level 1:colcon.colcon_core.package_identification:_identify(log) ignored
[0.475s] Level 1:colcon.colcon_core.package_identification:_identify(src) by extensions ['ignore', 'ignore_ament_install']
[0.476s] Level 1:colcon.colcon_core.package_identification:_identify(src) by extension 'ignore'
[0.476s] Level 1:colcon.colcon_core.package_identification:_identify(src) by extension 'ignore_ament_install'
[0.476s] Level 1:colcon.colcon_core.package_identification:_identify(src) by extensions ['colcon_pkg']
[0.476s] Level 1:colcon.colcon_core.package_identification:_identify(src) by extension 'colcon_pkg'
[0.476s] Level 1:colcon.colcon_core.package_identification:_identify(src) by extensions ['colcon_meta']
[0.476s] Level 1:colcon.colcon_core.package_identification:_identify(src) by extension 'colcon_meta'
[0.476s] Level 1:colcon.colcon_core.package_identification:_identify(src) by extensions ['ros']
[0.476s] Level 1:colcon.colcon_core.package_identification:_identify(src) by extension 'ros'
[0.477s] Level 1:colcon.colcon_core.package_identification:_identify(src) by extensions ['cmake', 'python']
[0.477s] Level 1:colcon.colcon_core.package_identification:_identify(src) by extension 'cmake'
[0.477s] Level 1:colcon.colcon_core.package_identification:_identify(src) by extension 'python'
[0.477s] Level 1:colcon.colcon_core.package_identification:_identify(src) by extensions ['python_setup_py']
[0.477s] Level 1:colcon.colcon_core.package_identification:_identify(src) by extension 'python_setup_py'
[0.477s] Level 1:colcon.colcon_core.package_identification:_identify(src/build) by extensions ['ignore', 'ignore_ament_install']
[0.477s] Level 1:colcon.colcon_core.package_identification:_identify(src/build) by extension 'ignore'
[0.478s] Level 1:colcon.colcon_core.package_identification:_identify(src/build) ignored
[0.478s] Level 1:colcon.colcon_core.package_identification:_identify(src/install) by extensions ['ignore', 'ignore_ament_install']
[0.478s] Level 1:colcon.colcon_core.package_identification:_identify(src/install) by extension 'ignore'
[0.478s] Level 1:colcon.colcon_core.package_identification:_identify(src/install) ignored
[0.478s] Level 1:colcon.colcon_core.package_identification:_identify(src/log) by extensions ['ignore', 'ignore_ament_install']
[0.478s] Level 1:colcon.colcon_core.package_identification:_identify(src/log) by extension 'ignore'
[0.479s] Level 1:colcon.colcon_core.package_identification:_identify(src/log) ignored
[0.479s] Level 1:colcon.colcon_core.package_identification:_identify(src/seano_logger) by extensions ['ignore', 'ignore_ament_install']
[0.479s] Level 1:colcon.colcon_core.package_identification:_identify(src/seano_logger) by extension 'ignore'
[0.479s] Level 1:colcon.colcon_core.package_identification:_identify(src/seano_logger) by extension 'ignore_ament_install'
[0.479s] Level 1:colcon.colcon_core.package_identification:_identify(src/seano_logger) by extensions ['colcon_pkg']
[0.479s] Level 1:colcon.colcon_core.package_identification:_identify(src/seano_logger) by extension 'colcon_pkg'
[0.479s] Level 1:colcon.colcon_core.package_identification:_identify(src/seano_logger) by extensions ['colcon_meta']
[0.480s] Level 1:colcon.colcon_core.package_identification:_identify(src/seano_logger) by extension 'colcon_meta'
[0.480s] Level 1:colcon.colcon_core.package_identification:_identify(src/seano_logger) by extensions ['ros']
[0.480s] Level 1:colcon.colcon_core.package_identification:_identify(src/seano_logger) by extension 'ros'
[0.487s] DEBUG:colcon.colcon_core.package_identification:Package 'src/seano_logger' with type 'ros.ament_python' and name 'seano_logger'
[0.488s] Level 1:colcon.colcon_core.package_identification:_identify(src/seano_sensors) by extensions ['ignore', 'ignore_ament_install']
[0.488s] Level 1:colcon.colcon_core.package_identification:_identify(src/seano_sensors) by extension 'ignore'
[0.489s] Level 1:colcon.colcon_core.package_identification:_identify(src/seano_sensors) by extension 'ignore_ament_install'
[0.489s] Level 1:colcon.colcon_core.package_identification:_identify(src/seano_sensors) by extensions ['colcon_pkg']
[0.489s] Level 1:colcon.colcon_core.package_identification:_identify(src/seano_sensors) by extension 'colcon_pkg'
[0.489s] Level 1:colcon.colcon_core.package_identification:_identify(src/seano_sensors) by extensions ['colcon_meta']
[0.489s] Level 1:colcon.colcon_core.package_identification:_identify(src/seano_sensors) by extension 'colcon_meta'
[0.489s] Level 1:colcon.colcon_core.package_identification:_identify(src/seano_sensors) by extensions ['ros']
[0.489s] Level 1:colcon.colcon_core.package_identification:_identify(src/seano_sensors) by extension 'ros'
[0.491s] DEBUG:colcon.colcon_core.package_identification:Package 'src/seano_sensors' with type 'ros.ament_python' and name 'seano_sensors'
[0.491s] Level 1:colcon.colcon_core.package_discovery:discover_packages(recursive) using defaults
[0.492s] Level 1:colcon.colcon_core.package_discovery:discover_packages(ignore) discover
[0.492s] Level 1:colcon.colcon_core.package_discovery:discover_packages(ignore) using defaults
[0.492s] Level 1:colcon.colcon_core.package_discovery:discover_packages(path) discover
[0.492s] Level 1:colcon.colcon_core.package_discovery:discover_packages(path) using defaults
[0.556s] Level 1:colcon.colcon_core.package_discovery:discover_packages(prefix_path) check parameters
[0.557s] Level 1:colcon.colcon_core.package_discovery:discover_packages(prefix_path) discover
[0.566s] DEBUG:colcon.colcon_installed_package_information.package_discovery:Found 283 installed packages in /opt/ros/humble
[0.571s] Level 1:colcon.colcon_core.package_discovery:discover_packages(prefix_path) using defaults
[0.674s] Level 5:colcon.colcon_core.verb:set package 'seano_logger' build argument 'cmake_args' from command line to 'None'
[0.675s] Level 5:colcon.colcon_core.verb:set package 'seano_logger' build argument 'cmake_target' from command line to 'None'
[0.675s] Level 5:colcon.colcon_core.verb:set package 'seano_logger' build argument 'cmake_target_skip_unavailable' from command line to 'False'
[0.675s] Level 5:colcon.colcon_core.verb:set package 'seano_logger' build argument 'cmake_clean_cache' from command line to 'False'
[0.675s] Level 5:colcon.colcon_core.verb:set package 'seano_logger' build argument 'cmake_clean_first' from command line to 'False'
[0.675s] Level 5:colcon.colcon_core.verb:set package 'seano_logger' build argument 'cmake_force_configure' from command line to 'False'
[0.675s] Level 5:colcon.colcon_core.verb:set package 'seano_logger' build argument 'ament_cmake_args' from command line to 'None'
[0.675s] Level 5:colcon.colcon_core.verb:set package 'seano_logger' build argument 'catkin_cmake_args' from command line to 'None'
[0.676s] Level 5:colcon.colcon_core.verb:set package 'seano_logger' build argument 'catkin_skip_building_tests' from command line to 'False'
[0.676s] DEBUG:colcon.colcon_core.verb:Building package 'seano_logger' with the following arguments: {'ament_cmake_args': None, 'build_base': '/home/seano/resource_git/seano-logger/build/seano_logger', 'catkin_cmake_args': None, 'catkin_skip_building_tests': False, 'cmake_args': None, 'cmake_clean_cache': False, 'cmake_clean_first': False, 'cmake_force_configure': False, 'cmake_target': None, 'cmake_target_skip_unavailable': False, 'install_base': '/home/seano/resource_git/seano-logger/install/seano_logger', 'merge_install': False, 'path': '/home/seano/resource_git/seano-logger/src/seano_logger', 'symlink_install': False, 'test_result_base': None}
[0.677s] Level 5:colcon.colcon_core.verb:set package 'seano_sensors' build argument 'cmake_args' from command line to 'None'
[0.677s] Level 5:colcon.colcon_core.verb:set package 'seano_sensors' build argument 'cmake_target' from command line to 'None'
[0.677s] Level 5:colcon.colcon_core.verb:set package 'seano_sensors' build argument 'cmake_target_skip_unavailable' from command line to 'False'
[0.677s] Level 5:colcon.colcon_core.verb:set package 'seano_sensors' build argument 'cmake_clean_cache' from command line to 'False'
[0.677s] Level 5:colcon.colcon_core.verb:set package 'seano_sensors' build argument 'cmake_clean_first' from command line to 'False'
[0.677s] Level 5:colcon.colcon_core.verb:set package 'seano_sensors' build argument 'cmake_force_configure' from command line to 'False'
[0.677s] Level 5:colcon.colcon_core.verb:set package 'seano_sensors' build argument 'ament_cmake_args' from command line to 'None'
[0.677s] Level 5:colcon.colcon_core.verb:set package 'seano_sensors' build argument 'catkin_cmake_args' from command line to 'None'
[0.677s] Level 5:colcon.colcon_core.verb:set package 'seano_sensors' build argument 'catkin_skip_building_tests' from command line to 'False'
[0.677s] DEBUG:colcon.colcon_core.verb:Building package 'seano_sensors' with the following arguments: {'ament_cmake_args': None, 'build_base': '/home/seano/resource_git/seano-logger/build/seano_sensors', 'catkin_cmake_args': None, 'catkin_skip_building_tests': False, 'cmake_args': None, 'cmake_clean_cache': False, 'cmake_clean_first': False, 'cmake_force_configure': False, 'cmake_target': None, 'cmake_target_skip_unavailable': False, 'install_base': '/home/seano/resource_git/seano-logger/install/seano_sensors', 'merge_install': False, 'path': '/home/seano/resource_git/seano-logger/src/seano_sensors', 'symlink_install': False, 'test_result_base': None}
[0.678s] INFO:colcon.colcon_core.executor:Executing jobs using 'parallel' executor
[0.682s] DEBUG:colcon.colcon_parallel_executor.executor.parallel:run_until_complete
[0.683s] INFO:colcon.colcon_ros.task.ament_python.build:Building ROS package in '/home/seano/resource_git/seano-logger/src/seano_logger' with build type 'ament_python'
[0.684s] Level 1:colcon.colcon_core.shell:create_environment_hook('seano_logger', 'ament_prefix_path')
[0.691s] INFO:colcon.colcon_core.plugin_system:Skipping extension 'colcon_core.shell.bat': Not used on non-Windows systems
[0.691s] INFO:colcon.colcon_core.shell:Creating environment hook '/home/seano/resource_git/seano-logger/install/seano_logger/share/seano_logger/hook/ament_prefix_path.ps1'
[0.694s] INFO:colcon.colcon_core.shell:Creating environment descriptor '/home/seano/resource_git/seano-logger/install/seano_logger/share/seano_logger/hook/ament_prefix_path.dsv'
[0.696s] INFO:colcon.colcon_core.shell:Creating environment hook '/home/seano/resource_git/seano-logger/install/seano_logger/share/seano_logger/hook/ament_prefix_path.sh'
[0.699s] INFO:colcon.colcon_core.shell:Skip shell extension 'powershell' for command environment: Not usable outside of PowerShell
[0.699s] DEBUG:colcon.colcon_core.shell:Skip shell extension 'dsv' for command environment
[0.709s] INFO:colcon.colcon_ros.task.ament_python.build:Building ROS package in '/home/seano/resource_git/seano-logger/src/seano_sensors' with build type 'ament_python'
[0.710s] Level 1:colcon.colcon_core.shell:create_environment_hook('seano_sensors', 'ament_prefix_path')
[0.711s] INFO:colcon.colcon_core.shell:Creating environment hook '/home/seano/resource_git/seano-logger/install/seano_sensors/share/seano_sensors/hook/ament_prefix_path.ps1'
[0.713s] INFO:colcon.colcon_core.shell:Creating environment descriptor '/home/seano/resource_git/seano-logger/install/seano_sensors/share/seano_sensors/hook/ament_prefix_path.dsv'
[0.714s] INFO:colcon.colcon_core.shell:Creating environment hook '/home/seano/resource_git/seano-logger/install/seano_sensors/share/seano_sensors/hook/ament_prefix_path.sh'
[0.716s] INFO:colcon.colcon_core.shell:Skip shell extension 'powershell' for command environment: Not usable outside of PowerShell
[0.716s] DEBUG:colcon.colcon_core.shell:Skip shell extension 'dsv' for command environment
[1.419s] INFO:colcon.colcon_core.task.python.build:Building Python package in '/home/seano/resource_git/seano-logger/src/seano_logger'
[1.421s] INFO:colcon.colcon_core.shell:Skip shell extension 'powershell' for command environment: Not usable outside of PowerShell
[1.421s] DEBUG:colcon.colcon_core.shell:Skip shell extension 'dsv' for command environment
[2.074s] INFO:colcon.colcon_core.task.python.build:Building Python package in '/home/seano/resource_git/seano-logger/src/seano_sensors'
[2.076s] INFO:colcon.colcon_core.shell:Skip shell extension 'powershell' for command environment: Not usable outside of PowerShell
[2.076s] DEBUG:colcon.colcon_core.shell:Skip shell extension 'dsv' for command environment
[3.475s] DEBUG:colcon.colcon_core.event_handler.log_command:Invoking command in '/home/seano/resource_git/seano-logger/src/seano_sensors': PYTHONPATH=/home/seano/resource_git/seano-logger/build/seano_sensors/prefix_override:/usr/lib/python3/dist-packages/colcon_core/task/python/colcon_distutils_commands:/home/seano/resource_git/seano-logger/install/seano_sensors/lib/python3.10/site-packages:${PYTHONPATH} /usr/bin/python3 -W ignore:setup.py install is deprecated -W ignore:easy_install command is deprecated setup.py egg_info --egg-base ../../build/seano_sensors build --build-base /home/seano/resource_git/seano-logger/build/seano_sensors/build install --record /home/seano/resource_git/seano-logger/build/seano_sensors/install.log --single-version-externally-managed install_data
[3.501s] DEBUG:colcon.colcon_core.event_handler.log_command:Invoking command in '/home/seano/resource_git/seano-logger/src/seano_logger': PYTHONPATH=/home/seano/resource_git/seano-logger/build/seano_logger/prefix_override:/usr/lib/python3/dist-packages/colcon_core/task/python/colcon_distutils_commands:/home/seano/resource_git/seano-logger/install/seano_logger/lib/python3.10/site-packages:${PYTHONPATH} /usr/bin/python3 -W ignore:setup.py install is deprecated -W ignore:easy_install command is deprecated setup.py egg_info --egg-base ../../build/seano_logger build --build-base /home/seano/resource_git/seano-logger/build/seano_logger/build install --record /home/seano/resource_git/seano-logger/build/seano_logger/install.log --single-version-externally-managed install_data
[4.918s] DEBUG:colcon.colcon_core.event_handler.log_command:Invoked command in '/home/seano/resource_git/seano-logger/src/seano_sensors' returned '0': PYTHONPATH=/home/seano/resource_git/seano-logger/build/seano_sensors/prefix_override:/usr/lib/python3/dist-packages/colcon_core/task/python/colcon_distutils_commands:/home/seano/resource_git/seano-logger/install/seano_sensors/lib/python3.10/site-packages:${PYTHONPATH} /usr/bin/python3 -W ignore:setup.py install is deprecated -W ignore:easy_install command is deprecated setup.py egg_info --egg-base ../../build/seano_sensors build --build-base /home/seano/resource_git/seano-logger/build/seano_sensors/build install --record /home/seano/resource_git/seano-logger/build/seano_sensors/install.log --single-version-externally-managed install_data
[4.926s] Level 1:colcon.colcon_core.environment:checking '/home/seano/resource_git/seano-logger/install/seano_sensors' for CMake module files
[4.927s] Level 1:colcon.colcon_core.environment:checking '/home/seano/resource_git/seano-logger/install/seano_sensors' for CMake config files
[4.930s] Level 1:colcon.colcon_core.environment:checking '/home/seano/resource_git/seano-logger/install/seano_sensors/lib'
[4.930s] Level 1:colcon.colcon_core.environment:checking '/home/seano/resource_git/seano-logger/install/seano_sensors/bin'
[4.930s] Level 1:colcon.colcon_core.environment:checking '/home/seano/resource_git/seano-logger/install/seano_sensors/lib/pkgconfig/seano_sensors.pc'
[4.931s] Level 1:colcon.colcon_core.environment:checking '/home/seano/resource_git/seano-logger/install/seano_sensors/lib/python3.10/site-packages'
[4.931s] Level 1:colcon.colcon_core.shell:create_environment_hook('seano_sensors', 'pythonpath')
[4.932s] INFO:colcon.colcon_core.shell:Creating environment hook '/home/seano/resource_git/seano-logger/install/seano_sensors/share/seano_sensors/hook/pythonpath.ps1'
[4.934s] INFO:colcon.colcon_core.shell:Creating environment descriptor '/home/seano/resource_git/seano-logger/install/seano_sensors/share/seano_sensors/hook/pythonpath.dsv'
[4.935s] INFO:colcon.colcon_core.shell:Creating environment hook '/home/seano/resource_git/seano-logger/install/seano_sensors/share/seano_sensors/hook/pythonpath.sh'
[4.937s] Level 1:colcon.colcon_core.environment:checking '/home/seano/resource_git/seano-logger/install/seano_sensors/bin'
[4.938s] Level 1:colcon.colcon_core.environment:create_environment_scripts_only(seano_sensors)
[4.939s] INFO:colcon.colcon_core.shell:Creating package script '/home/seano/resource_git/seano-logger/install/seano_sensors/share/seano_sensors/package.ps1'
[4.941s] INFO:colcon.colcon_core.shell:Creating package descriptor '/home/seano/resource_git/seano-logger/install/seano_sensors/share/seano_sensors/package.dsv'
[4.943s] INFO:colcon.colcon_core.shell:Creating package script '/home/seano/resource_git/seano-logger/install/seano_sensors/share/seano_sensors/package.sh'
[4.945s] INFO:colcon.colcon_core.shell:Creating package script '/home/seano/resource_git/seano-logger/install/seano_sensors/share/seano_sensors/package.bash'
[4.949s] INFO:colcon.colcon_core.shell:Creating package script '/home/seano/resource_git/seano-logger/install/seano_sensors/share/seano_sensors/package.zsh'
[4.951s] Level 1:colcon.colcon_core.environment:create_file_with_runtime_dependencies(/home/seano/resource_git/seano-logger/install/seano_sensors/share/colcon-core/packages/seano_sensors)
[4.956s] Level 1:colcon.colcon_core.environment:checking '/home/seano/resource_git/seano-logger/install/seano_logger' for CMake module files
[4.958s] Level 1:colcon.colcon_core.environment:checking '/home/seano/resource_git/seano-logger/install/seano_logger' for CMake config files
[4.959s] DEBUG:colcon.colcon_core.event_handler.log_command:Invoked command in '/home/seano/resource_git/seano-logger/src/seano_logger' returned '0': PYTHONPATH=/home/seano/resource_git/seano-logger/build/seano_logger/prefix_override:/usr/lib/python3/dist-packages/colcon_core/task/python/colcon_distutils_commands:/home/seano/resource_git/seano-logger/install/seano_logger/lib/python3.10/site-packages:${PYTHONPATH} /usr/bin/python3 -W ignore:setup.py install is deprecated -W ignore:easy_install command is deprecated setup.py egg_info --egg-base ../../build/seano_logger build --build-base /home/seano/resource_git/seano-logger/build/seano_logger/build install --record /home/seano/resource_git/seano-logger/build/seano_logger/install.log --single-version-externally-managed install_data
[4.961s] Level 1:colcon.colcon_core.environment:checking '/home/seano/resource_git/seano-logger/install/seano_logger/lib'
[4.962s] Level 1:colcon.colcon_core.environment:checking '/home/seano/resource_git/seano-logger/install/seano_logger/bin'
[4.962s] Level 1:colcon.colcon_core.environment:checking '/home/seano/resource_git/seano-logger/install/seano_logger/lib/pkgconfig/seano_logger.pc'
[4.963s] Level 1:colcon.colcon_core.environment:checking '/home/seano/resource_git/seano-logger/install/seano_logger/lib/python3.10/site-packages'
[4.963s] Level 1:colcon.colcon_core.shell:create_environment_hook('seano_logger', 'pythonpath')
[4.964s] INFO:colcon.colcon_core.shell:Creating environment hook '/home/seano/resource_git/seano-logger/install/seano_logger/share/seano_logger/hook/pythonpath.ps1'
[4.966s] INFO:colcon.colcon_core.shell:Creating environment descriptor '/home/seano/resource_git/seano-logger/install/seano_logger/share/seano_logger/hook/pythonpath.dsv'
[4.967s] INFO:colcon.colcon_core.shell:Creating environment hook '/home/seano/resource_git/seano-logger/install/seano_logger/share/seano_logger/hook/pythonpath.sh'
[4.969s] Level 1:colcon.colcon_core.environment:checking '/home/seano/resource_git/seano-logger/install/seano_logger/bin'
[4.969s] Level 1:colcon.colcon_core.environment:create_environment_scripts_only(seano_logger)
[4.970s] INFO:colcon.colcon_core.shell:Creating package script '/home/seano/resource_git/seano-logger/install/seano_logger/share/seano_logger/package.ps1'
[4.972s] INFO:colcon.colcon_core.shell:Creating package descriptor '/home/seano/resource_git/seano-logger/install/seano_logger/share/seano_logger/package.dsv'
[4.973s] INFO:colcon.colcon_core.shell:Creating package script '/home/seano/resource_git/seano-logger/install/seano_logger/share/seano_logger/package.sh'
[4.975s] INFO:colcon.colcon_core.shell:Creating package script '/home/seano/resource_git/seano-logger/install/seano_logger/share/seano_logger/package.bash'
[4.976s] INFO:colcon.colcon_core.shell:Creating package script '/home/seano/resource_git/seano-logger/install/seano_logger/share/seano_logger/package.zsh'
[4.977s] Level 1:colcon.colcon_core.environment:create_file_with_runtime_dependencies(/home/seano/resource_git/seano-logger/install/seano_logger/share/colcon-core/packages/seano_logger)
[4.978s] DEBUG:colcon.colcon_parallel_executor.executor.parallel:closing loop
[4.980s] DEBUG:colcon.colcon_parallel_executor.executor.parallel:loop closed
[4.980s] DEBUG:colcon.colcon_parallel_executor.executor.parallel:run_until_complete finished with '0'
[4.980s] DEBUG:colcon.colcon_core.event_reactor:joining thread
[4.995s] INFO:colcon.colcon_core.plugin_system:Skipping extension 'colcon_notification.desktop_notification.terminal_notifier': Not used on non-Darwin systems
[4.996s] INFO:colcon.colcon_core.plugin_system:Skipping extension 'colcon_notification.desktop_notification.win32': Not used on non-Windows systems
[4.996s] INFO:colcon.colcon_notification.desktop_notification:Sending desktop notification using 'notify2'
[5.035s] DEBUG:colcon.colcon_core.event_reactor:joined thread
[5.036s] INFO:colcon.colcon_core.shell:Creating prefix script '/home/seano/resource_git/seano-logger/install/local_setup.ps1'
[5.040s] INFO:colcon.colcon_core.shell:Creating prefix util module '/home/seano/resource_git/seano-logger/install/_local_setup_util_ps1.py'
[5.045s] INFO:colcon.colcon_core.shell:Creating prefix chain script '/home/seano/resource_git/seano-logger/install/setup.ps1'
[5.048s] INFO:colcon.colcon_core.shell:Creating prefix script '/home/seano/resource_git/seano-logger/install/local_setup.sh'
[5.050s] INFO:colcon.colcon_core.shell:Creating prefix util module '/home/seano/resource_git/seano-logger/install/_local_setup_util_sh.py'
[5.052s] INFO:colcon.colcon_core.shell:Creating prefix chain script '/home/seano/resource_git/seano-logger/install/setup.sh'
[5.055s] INFO:colcon.colcon_core.shell:Creating prefix script '/home/seano/resource_git/seano-logger/install/local_setup.bash'
[5.057s] INFO:colcon.colcon_core.shell:Creating prefix chain script '/home/seano/resource_git/seano-logger/install/setup.bash'
[5.059s] INFO:colcon.colcon_core.shell:Creating prefix script '/home/seano/resource_git/seano-logger/install/local_setup.zsh'
[5.061s] INFO:colcon.colcon_core.shell:Creating prefix chain script '/home/seano/resource_git/seano-logger/install/setup.zsh'
