[4.078s] DEBUG:colcon:Command line arguments: ['/usr/bin/colcon', 'build']
[4.078s] DEBUG:colcon:Parsed command line arguments: Namespace(log_base=None, log_level=None, verb_name='build', build_base='build', install_base='install', merge_install=False, symlink_install=False, test_result_base=None, continue_on_error=False, executor='parallel', parallel_workers=4, event_handlers=None, ignore_user_meta=False, metas=['./colcon.meta'], base_paths=['.'], packages_ignore=None, packages_ignore_regex=None, paths=None, packages_up_to=None, packages_up_to_regex=None, packages_above=None, packages_above_and_dependencies=None, packages_above_depth=None, packages_select_by_dep=None, packages_skip_by_dep=None, packages_skip_up_to=None, packages_select_build_failed=False, packages_skip_build_finished=False, packages_select_test_failures=False, packages_skip_test_passed=False, packages_select=None, packages_skip=None, packages_select_regex=None, packages_skip_regex=None, packages_start=None, packages_end=None, allow_overriding=[], cmake_args=None, cmake_target=None, cmake_target_skip_unavailable=False, cmake_clean_cache=False, cmake_clean_first=False, cmake_force_configure=False, ament_cmake_args=None, catkin_cmake_args=None, catkin_skip_building_tests=False, verb_parser=<colcon_defaults.argument_parser.defaults.DefaultArgumentsDecorator object at 0x7e1c17107d00>, verb_extension=<colcon_core.verb.build.BuildVerb object at 0x7e1c17107160>, main=<bound method BuildVerb.main of <colcon_core.verb.build.BuildVerb object at 0x7e1c17107160>>)
[8.288s] Level 1:colcon.colcon_core.package_discovery:discover_packages(colcon_meta) check parameters
[8.289s] Level 1:colcon.colcon_core.package_discovery:discover_packages(recursive) check parameters
[8.289s] Level 1:colcon.colcon_core.package_discovery:discover_packages(ignore) check parameters
[8.289s] Level 1:colcon.colcon_core.package_discovery:discover_packages(path) check parameters
[8.289s] Level 1:colcon.colcon_core.package_discovery:discover_packages(colcon_meta) discover
[8.289s] Level 1:colcon.colcon_core.package_discovery:discover_packages(recursive) discover
[8.289s] INFO:colcon.colcon_core.package_discovery:Crawling recursively for packages in '/home/raihan/seano_ws/src'
[8.290s] Level 1:colcon.colcon_core.package_identification:_identify(.) by extensions ['ignore', 'ignore_ament_install']
[8.290s] Level 1:colcon.colcon_core.package_identification:_identify(.) by extension 'ignore'
[8.290s] Level 1:colcon.colcon_core.package_identification:_identify(.) by extension 'ignore_ament_install'
[8.290s] Level 1:colcon.colcon_core.package_identification:_identify(.) by extensions ['colcon_pkg']
[8.290s] Level 1:colcon.colcon_core.package_identification:_identify(.) by extension 'colcon_pkg'
[8.290s] Level 1:colcon.colcon_core.package_identification:_identify(.) by extensions ['colcon_meta']
[8.290s] Level 1:colcon.colcon_core.package_identification:_identify(.) by extension 'colcon_meta'
[8.291s] Level 1:colcon.colcon_core.package_identification:_identify(.) by extensions ['ros']
[8.291s] Level 1:colcon.colcon_core.package_identification:_identify(.) by extension 'ros'
[8.371s] Level 1:colcon.colcon_core.package_identification:_identify(.) by extensions ['cmake', 'python']
[8.372s] Level 1:colcon.colcon_core.package_identification:_identify(.) by extension 'cmake'
[8.372s] Level 1:colcon.colcon_core.package_identification:_identify(.) by extension 'python'
[8.372s] Level 1:colcon.colcon_core.package_identification:_identify(.) by extensions ['python_setup_py']
[8.372s] Level 1:colcon.colcon_core.package_identification:_identify(.) by extension 'python_setup_py'
[8.373s] Level 1:colcon.colcon_core.package_identification:_identify(build) by extensions ['ignore', 'ignore_ament_install']
[8.373s] Level 1:colcon.colcon_core.package_identification:_identify(build) by extension 'ignore'
[8.374s] Level 1:colcon.colcon_core.package_identification:_identify(build) ignored
[8.375s] Level 1:colcon.colcon_core.package_identification:_identify(install) by extensions ['ignore', 'ignore_ament_install']
[8.376s] Level 1:colcon.colcon_core.package_identification:_identify(install) by extension 'ignore'
[8.376s] Level 1:colcon.colcon_core.package_identification:_identify(install) ignored
[8.376s] Level 1:colcon.colcon_core.package_identification:_identify(log) by extensions ['ignore', 'ignore_ament_install']
[8.376s] Level 1:colcon.colcon_core.package_identification:_identify(log) by extension 'ignore'
[8.376s] Level 1:colcon.colcon_core.package_identification:_identify(log) ignored
[8.376s] Level 1:colcon.colcon_core.package_identification:_identify(seano_logger) by extensions ['ignore', 'ignore_ament_install']
[8.377s] Level 1:colcon.colcon_core.package_identification:_identify(seano_logger) by extension 'ignore'
[8.377s] Level 1:colcon.colcon_core.package_identification:_identify(seano_logger) by extension 'ignore_ament_install'
[8.377s] Level 1:colcon.colcon_core.package_identification:_identify(seano_logger) by extensions ['colcon_pkg']
[8.377s] Level 1:colcon.colcon_core.package_identification:_identify(seano_logger) by extension 'colcon_pkg'
[8.377s] Level 1:colcon.colcon_core.package_identification:_identify(seano_logger) by extensions ['colcon_meta']
[8.377s] Level 1:colcon.colcon_core.package_identification:_identify(seano_logger) by extension 'colcon_meta'
[8.377s] Level 1:colcon.colcon_core.package_identification:_identify(seano_logger) by extensions ['ros']
[8.377s] Level 1:colcon.colcon_core.package_identification:_identify(seano_logger) by extension 'ros'
[8.490s] DEBUG:colcon.colcon_core.package_identification:Package 'seano_logger' with type 'ros.ament_python' and name 'seano_logger'
[8.490s] Level 1:colcon.colcon_core.package_identification:_identify(seano_sensors) by extensions ['ignore', 'ignore_ament_install']
[8.490s] Level 1:colcon.colcon_core.package_identification:_identify(seano_sensors) by extension 'ignore'
[8.490s] Level 1:colcon.colcon_core.package_identification:_identify(seano_sensors) by extension 'ignore_ament_install'
[8.491s] Level 1:colcon.colcon_core.package_identification:_identify(seano_sensors) by extensions ['colcon_pkg']
[8.491s] Level 1:colcon.colcon_core.package_identification:_identify(seano_sensors) by extension 'colcon_pkg'
[8.491s] Level 1:colcon.colcon_core.package_identification:_identify(seano_sensors) by extensions ['colcon_meta']
[8.491s] Level 1:colcon.colcon_core.package_identification:_identify(seano_sensors) by extension 'colcon_meta'
[8.491s] Level 1:colcon.colcon_core.package_identification:_identify(seano_sensors) by extensions ['ros']
[8.491s] Level 1:colcon.colcon_core.package_identification:_identify(seano_sensors) by extension 'ros'
[8.519s] DEBUG:colcon.colcon_core.package_identification:Package 'seano_sensors' with type 'ros.ament_python' and name 'seano_sensors'
[8.520s] Level 1:colcon.colcon_core.package_discovery:discover_packages(recursive) using defaults
[8.520s] Level 1:colcon.colcon_core.package_discovery:discover_packages(ignore) discover
[8.520s] Level 1:colcon.colcon_core.package_discovery:discover_packages(ignore) using defaults
[8.520s] Level 1:colcon.colcon_core.package_discovery:discover_packages(path) discover
[8.520s] Level 1:colcon.colcon_core.package_discovery:discover_packages(path) using defaults
[8.822s] Level 1:colcon.colcon_core.package_discovery:discover_packages(prefix_path) check parameters
[8.822s] Level 1:colcon.colcon_core.package_discovery:discover_packages(prefix_path) discover
[8.827s] DEBUG:colcon.colcon_installed_package_information.package_discovery:Found 2 installed packages in /home/raihan/seano_ws/src/install
[8.858s] DEBUG:colcon.colcon_installed_package_information.package_discovery:Found 279 installed packages in /opt/ros/humble
[8.877s] Level 1:colcon.colcon_core.package_discovery:discover_packages(prefix_path) using defaults
[11.641s] Level 5:colcon.colcon_core.verb:set package 'seano_logger' build argument 'cmake_args' from command line to 'None'
[11.641s] Level 5:colcon.colcon_core.verb:set package 'seano_logger' build argument 'cmake_target' from command line to 'None'
[11.641s] Level 5:colcon.colcon_core.verb:set package 'seano_logger' build argument 'cmake_target_skip_unavailable' from command line to 'False'
[11.641s] Level 5:colcon.colcon_core.verb:set package 'seano_logger' build argument 'cmake_clean_cache' from command line to 'False'
[11.641s] Level 5:colcon.colcon_core.verb:set package 'seano_logger' build argument 'cmake_clean_first' from command line to 'False'
[11.641s] Level 5:colcon.colcon_core.verb:set package 'seano_logger' build argument 'cmake_force_configure' from command line to 'False'
[11.641s] Level 5:colcon.colcon_core.verb:set package 'seano_logger' build argument 'ament_cmake_args' from command line to 'None'
[11.641s] Level 5:colcon.colcon_core.verb:set package 'seano_logger' build argument 'catkin_cmake_args' from command line to 'None'
[11.642s] Level 5:colcon.colcon_core.verb:set package 'seano_logger' build argument 'catkin_skip_building_tests' from command line to 'False'
[11.642s] DEBUG:colcon.colcon_core.verb:Building package 'seano_logger' with the following arguments: {'ament_cmake_args': None, 'build_base': '/home/raihan/seano_ws/src/build/seano_logger', 'catkin_cmake_args': None, 'catkin_skip_building_tests': False, 'cmake_args': None, 'cmake_clean_cache': False, 'cmake_clean_first': False, 'cmake_force_configure': False, 'cmake_target': None, 'cmake_target_skip_unavailable': False, 'install_base': '/home/raihan/seano_ws/src/install/seano_logger', 'merge_install': False, 'path': '/home/raihan/seano_ws/src/seano_logger', 'symlink_install': False, 'test_result_base': None}
[11.643s] Level 5:colcon.colcon_core.verb:set package 'seano_sensors' build argument 'cmake_args' from command line to 'None'
[11.643s] Level 5:colcon.colcon_core.verb:set package 'seano_sensors' build argument 'cmake_target' from command line to 'None'
[11.643s] Level 5:colcon.colcon_core.verb:set package 'seano_sensors' build argument 'cmake_target_skip_unavailable' from command line to 'False'
[11.643s] Level 5:colcon.colcon_core.verb:set package 'seano_sensors' build argument 'cmake_clean_cache' from command line to 'False'
[11.643s] Level 5:colcon.colcon_core.verb:set package 'seano_sensors' build argument 'cmake_clean_first' from command line to 'False'
[11.643s] Level 5:colcon.colcon_core.verb:set package 'seano_sensors' build argument 'cmake_force_configure' from command line to 'False'
[11.643s] Level 5:colcon.colcon_core.verb:set package 'seano_sensors' build argument 'ament_cmake_args' from command line to 'None'
[11.643s] Level 5:colcon.colcon_core.verb:set package 'seano_sensors' build argument 'catkin_cmake_args' from command line to 'None'
[11.644s] Level 5:colcon.colcon_core.verb:set package 'seano_sensors' build argument 'catkin_skip_building_tests' from command line to 'False'
[11.644s] DEBUG:colcon.colcon_core.verb:Building package 'seano_sensors' with the following arguments: {'ament_cmake_args': None, 'build_base': '/home/raihan/seano_ws/src/build/seano_sensors', 'catkin_cmake_args': None, 'catkin_skip_building_tests': False, 'cmake_args': None, 'cmake_clean_cache': False, 'cmake_clean_first': False, 'cmake_force_configure': False, 'cmake_target': None, 'cmake_target_skip_unavailable': False, 'install_base': '/home/raihan/seano_ws/src/install/seano_sensors', 'merge_install': False, 'path': '/home/raihan/seano_ws/src/seano_sensors', 'symlink_install': False, 'test_result_base': None}
[11.644s] INFO:colcon.colcon_core.executor:Executing jobs using 'parallel' executor
[11.646s] DEBUG:colcon.colcon_parallel_executor.executor.parallel:run_until_complete
[11.646s] INFO:colcon.colcon_ros.task.ament_python.build:Building ROS package in '/home/raihan/seano_ws/src/seano_logger' with build type 'ament_python'
[11.646s] Level 1:colcon.colcon_core.shell:create_environment_hook('seano_logger', 'ament_prefix_path')
[11.725s] INFO:colcon.colcon_core.plugin_system:Skipping extension 'colcon_core.shell.bat': Not used on non-Windows systems
[11.725s] INFO:colcon.colcon_core.shell:Creating environment hook '/home/raihan/seano_ws/src/install/seano_logger/share/seano_logger/hook/ament_prefix_path.ps1'
[11.741s] INFO:colcon.colcon_core.shell:Creating environment descriptor '/home/raihan/seano_ws/src/install/seano_logger/share/seano_logger/hook/ament_prefix_path.dsv'
[11.759s] INFO:colcon.colcon_core.shell:Creating environment hook '/home/raihan/seano_ws/src/install/seano_logger/share/seano_logger/hook/ament_prefix_path.sh'
[11.761s] INFO:colcon.colcon_core.shell:Skip shell extension 'powershell' for command environment: Not usable outside of PowerShell
[11.761s] DEBUG:colcon.colcon_core.shell:Skip shell extension 'dsv' for command environment
[11.768s] INFO:colcon.colcon_ros.task.ament_python.build:Building ROS package in '/home/raihan/seano_ws/src/seano_sensors' with build type 'ament_python'
[11.768s] Level 1:colcon.colcon_core.shell:create_environment_hook('seano_sensors', 'ament_prefix_path')
[11.769s] INFO:colcon.colcon_core.shell:Creating environment hook '/home/raihan/seano_ws/src/install/seano_sensors/share/seano_sensors/hook/ament_prefix_path.ps1'
[11.770s] INFO:colcon.colcon_core.shell:Creating environment descriptor '/home/raihan/seano_ws/src/install/seano_sensors/share/seano_sensors/hook/ament_prefix_path.dsv'
[11.771s] INFO:colcon.colcon_core.shell:Creating environment hook '/home/raihan/seano_ws/src/install/seano_sensors/share/seano_sensors/hook/ament_prefix_path.sh'
[11.773s] INFO:colcon.colcon_core.shell:Skip shell extension 'powershell' for command environment: Not usable outside of PowerShell
[11.773s] DEBUG:colcon.colcon_core.shell:Skip shell extension 'dsv' for command environment
[12.329s] INFO:colcon.colcon_core.task.python.build:Building Python package in '/home/raihan/seano_ws/src/seano_logger'
[12.330s] INFO:colcon.colcon_core.shell:Skip shell extension 'powershell' for command environment: Not usable outside of PowerShell
[12.330s] DEBUG:colcon.colcon_core.shell:Skip shell extension 'dsv' for command environment
[12.914s] INFO:colcon.colcon_core.task.python.build:Building Python package in '/home/raihan/seano_ws/src/seano_sensors'
[12.915s] INFO:colcon.colcon_core.shell:Skip shell extension 'powershell' for command environment: Not usable outside of PowerShell
[12.915s] DEBUG:colcon.colcon_core.shell:Skip shell extension 'dsv' for command environment
[14.359s] DEBUG:colcon.colcon_core.event_handler.log_command:Invoking command in '/home/raihan/seano_ws/src/seano_sensors': PYTHONPATH=/home/raihan/seano_ws/src/build/seano_sensors/prefix_override:/usr/lib/python3/dist-packages/colcon_core/task/python/colcon_distutils_commands:/home/raihan/seano_ws/src/install/seano_sensors/lib/python3.10/site-packages:${PYTHONPATH} /usr/bin/python3 -W ignore:setup.py install is deprecated -W ignore:easy_install command is deprecated setup.py egg_info --egg-base ../build/seano_sensors build --build-base /home/raihan/seano_ws/src/build/seano_sensors/build install --record /home/raihan/seano_ws/src/build/seano_sensors/install.log --single-version-externally-managed install_data
[14.369s] DEBUG:colcon.colcon_core.event_handler.log_command:Invoking command in '/home/raihan/seano_ws/src/seano_logger': PYTHONPATH=/home/raihan/seano_ws/src/build/seano_logger/prefix_override:/usr/lib/python3/dist-packages/colcon_core/task/python/colcon_distutils_commands:/home/raihan/seano_ws/src/install/seano_logger/lib/python3.10/site-packages:${PYTHONPATH} /usr/bin/python3 -W ignore:setup.py install is deprecated -W ignore:easy_install command is deprecated setup.py egg_info --egg-base ../build/seano_logger build --build-base /home/raihan/seano_ws/src/build/seano_logger/build install --record /home/raihan/seano_ws/src/build/seano_logger/install.log --single-version-externally-managed install_data
[15.156s] DEBUG:colcon.colcon_core.event_handler.log_command:Invoked command in '/home/raihan/seano_ws/src/seano_sensors' returned '0': PYTHONPATH=/home/raihan/seano_ws/src/build/seano_sensors/prefix_override:/usr/lib/python3/dist-packages/colcon_core/task/python/colcon_distutils_commands:/home/raihan/seano_ws/src/install/seano_sensors/lib/python3.10/site-packages:${PYTHONPATH} /usr/bin/python3 -W ignore:setup.py install is deprecated -W ignore:easy_install command is deprecated setup.py egg_info --egg-base ../build/seano_sensors build --build-base /home/raihan/seano_ws/src/build/seano_sensors/build install --record /home/raihan/seano_ws/src/build/seano_sensors/install.log --single-version-externally-managed install_data
[15.221s] Level 1:colcon.colcon_core.environment:checking '/home/raihan/seano_ws/src/install/seano_sensors' for CMake module files
[15.222s] Level 1:colcon.colcon_core.environment:checking '/home/raihan/seano_ws/src/install/seano_sensors' for CMake config files
[15.224s] Level 1:colcon.colcon_core.environment:checking '/home/raihan/seano_ws/src/install/seano_sensors/lib'
[15.224s] Level 1:colcon.colcon_core.environment:checking '/home/raihan/seano_ws/src/install/seano_sensors/bin'
[15.224s] Level 1:colcon.colcon_core.environment:checking '/home/raihan/seano_ws/src/install/seano_sensors/lib/pkgconfig/seano_sensors.pc'
[15.224s] Level 1:colcon.colcon_core.environment:checking '/home/raihan/seano_ws/src/install/seano_sensors/lib/python3.10/site-packages'
[15.225s] Level 1:colcon.colcon_core.shell:create_environment_hook('seano_sensors', 'pythonpath')
[15.225s] INFO:colcon.colcon_core.shell:Creating environment hook '/home/raihan/seano_ws/src/install/seano_sensors/share/seano_sensors/hook/pythonpath.ps1'
[15.225s] INFO:colcon.colcon_core.shell:Creating environment descriptor '/home/raihan/seano_ws/src/install/seano_sensors/share/seano_sensors/hook/pythonpath.dsv'
[15.226s] INFO:colcon.colcon_core.shell:Creating environment hook '/home/raihan/seano_ws/src/install/seano_sensors/share/seano_sensors/hook/pythonpath.sh'
[15.227s] Level 1:colcon.colcon_core.environment:checking '/home/raihan/seano_ws/src/install/seano_sensors/bin'
[15.228s] Level 1:colcon.colcon_core.environment:create_environment_scripts_only(seano_sensors)
[15.228s] INFO:colcon.colcon_core.shell:Creating package script '/home/raihan/seano_ws/src/install/seano_sensors/share/seano_sensors/package.ps1'
[15.278s] INFO:colcon.colcon_core.shell:Creating package descriptor '/home/raihan/seano_ws/src/install/seano_sensors/share/seano_sensors/package.dsv'
[15.280s] INFO:colcon.colcon_core.shell:Creating package script '/home/raihan/seano_ws/src/install/seano_sensors/share/seano_sensors/package.sh'
[15.292s] INFO:colcon.colcon_core.shell:Creating package script '/home/raihan/seano_ws/src/install/seano_sensors/share/seano_sensors/package.bash'
[15.527s] INFO:colcon.colcon_core.shell:Creating package script '/home/raihan/seano_ws/src/install/seano_sensors/share/seano_sensors/package.zsh'
[15.705s] Level 1:colcon.colcon_core.environment:create_file_with_runtime_dependencies(/home/raihan/seano_ws/src/install/seano_sensors/share/colcon-core/packages/seano_sensors)
[15.708s] Level 1:colcon.colcon_core.environment:checking '/home/raihan/seano_ws/src/install/seano_logger' for CMake module files
[15.710s] DEBUG:colcon.colcon_core.event_handler.log_command:Invoked command in '/home/raihan/seano_ws/src/seano_logger' returned '0': PYTHONPATH=/home/raihan/seano_ws/src/build/seano_logger/prefix_override:/usr/lib/python3/dist-packages/colcon_core/task/python/colcon_distutils_commands:/home/raihan/seano_ws/src/install/seano_logger/lib/python3.10/site-packages:${PYTHONPATH} /usr/bin/python3 -W ignore:setup.py install is deprecated -W ignore:easy_install command is deprecated setup.py egg_info --egg-base ../build/seano_logger build --build-base /home/raihan/seano_ws/src/build/seano_logger/build install --record /home/raihan/seano_ws/src/build/seano_logger/install.log --single-version-externally-managed install_data
[15.711s] Level 1:colcon.colcon_core.environment:checking '/home/raihan/seano_ws/src/install/seano_logger' for CMake config files
[15.712s] Level 1:colcon.colcon_core.environment:checking '/home/raihan/seano_ws/src/install/seano_logger/lib'
[15.712s] Level 1:colcon.colcon_core.environment:checking '/home/raihan/seano_ws/src/install/seano_logger/bin'
[15.712s] Level 1:colcon.colcon_core.environment:checking '/home/raihan/seano_ws/src/install/seano_logger/lib/pkgconfig/seano_logger.pc'
[15.713s] Level 1:colcon.colcon_core.environment:checking '/home/raihan/seano_ws/src/install/seano_logger/lib/python3.10/site-packages'
[15.713s] Level 1:colcon.colcon_core.shell:create_environment_hook('seano_logger', 'pythonpath')
[15.714s] INFO:colcon.colcon_core.shell:Creating environment hook '/home/raihan/seano_ws/src/install/seano_logger/share/seano_logger/hook/pythonpath.ps1'
[15.715s] INFO:colcon.colcon_core.shell:Creating environment descriptor '/home/raihan/seano_ws/src/install/seano_logger/share/seano_logger/hook/pythonpath.dsv'
[15.716s] INFO:colcon.colcon_core.shell:Creating environment hook '/home/raihan/seano_ws/src/install/seano_logger/share/seano_logger/hook/pythonpath.sh'
[15.718s] Level 1:colcon.colcon_core.environment:checking '/home/raihan/seano_ws/src/install/seano_logger/bin'
[15.718s] Level 1:colcon.colcon_core.environment:create_environment_scripts_only(seano_logger)
[15.719s] INFO:colcon.colcon_core.shell:Creating package script '/home/raihan/seano_ws/src/install/seano_logger/share/seano_logger/package.ps1'
[15.721s] INFO:colcon.colcon_core.shell:Creating package descriptor '/home/raihan/seano_ws/src/install/seano_logger/share/seano_logger/package.dsv'
[15.722s] INFO:colcon.colcon_core.shell:Creating package script '/home/raihan/seano_ws/src/install/seano_logger/share/seano_logger/package.sh'
[15.723s] INFO:colcon.colcon_core.shell:Creating package script '/home/raihan/seano_ws/src/install/seano_logger/share/seano_logger/package.bash'
[15.724s] INFO:colcon.colcon_core.shell:Creating package script '/home/raihan/seano_ws/src/install/seano_logger/share/seano_logger/package.zsh'
[15.725s] Level 1:colcon.colcon_core.environment:create_file_with_runtime_dependencies(/home/raihan/seano_ws/src/install/seano_logger/share/colcon-core/packages/seano_logger)
[15.726s] DEBUG:colcon.colcon_parallel_executor.executor.parallel:closing loop
[15.727s] DEBUG:colcon.colcon_parallel_executor.executor.parallel:loop closed
[15.727s] DEBUG:colcon.colcon_parallel_executor.executor.parallel:run_until_complete finished with '0'
[15.728s] DEBUG:colcon.colcon_core.event_reactor:joining thread
[15.893s] INFO:colcon.colcon_core.plugin_system:Skipping extension 'colcon_notification.desktop_notification.terminal_notifier': Not used on non-Darwin systems
[15.894s] INFO:colcon.colcon_core.plugin_system:Skipping extension 'colcon_notification.desktop_notification.win32': Not used on non-Windows systems
[15.894s] INFO:colcon.colcon_notification.desktop_notification:Sending desktop notification using 'notify2'
[18.009s] DEBUG:colcon.colcon_core.event_reactor:joined thread
[18.010s] INFO:colcon.colcon_core.shell:Creating prefix script '/home/raihan/seano_ws/src/install/local_setup.ps1'
[18.084s] INFO:colcon.colcon_core.shell:Creating prefix util module '/home/raihan/seano_ws/src/install/_local_setup_util_ps1.py'
[18.094s] INFO:colcon.colcon_core.shell:Creating prefix chain script '/home/raihan/seano_ws/src/install/setup.ps1'
[18.101s] INFO:colcon.colcon_core.shell:Creating prefix script '/home/raihan/seano_ws/src/install/local_setup.sh'
[18.115s] INFO:colcon.colcon_core.shell:Creating prefix util module '/home/raihan/seano_ws/src/install/_local_setup_util_sh.py'
[18.117s] INFO:colcon.colcon_core.shell:Creating prefix chain script '/home/raihan/seano_ws/src/install/setup.sh'
[18.119s] INFO:colcon.colcon_core.shell:Creating prefix script '/home/raihan/seano_ws/src/install/local_setup.bash'
[18.139s] INFO:colcon.colcon_core.shell:Creating prefix chain script '/home/raihan/seano_ws/src/install/setup.bash'
[18.149s] INFO:colcon.colcon_core.shell:Creating prefix script '/home/raihan/seano_ws/src/install/local_setup.zsh'
[18.151s] INFO:colcon.colcon_core.shell:Creating prefix chain script '/home/raihan/seano_ws/src/install/setup.zsh'
