[2.054s] Invoking command in '/home/raihan/seano_ws/src/build/seano_sensors': PYTHONPATH=/home/raihan/seano_ws/src/build/seano_sensors/prefix_override:/usr/lib/python3/dist-packages/colcon_core/task/python/colcon_distutils_commands:/home/raihan/seano_ws/src/install/seano_sensors/lib/python3.10/site-packages:${PYTHONPATH} /usr/bin/python3 -W ignore:setup.py install is deprecated -W ignore:easy_install command is deprecated setup.py develop --uninstall --editable --build-directory /home/raihan/seano_ws/src/build/seano_sensors/build
[2.527s] running develop
[2.877s] Removing /home/raihan/seano_ws/src/install/seano_sensors/lib/python3.10/site-packages/seano-sensors.egg-link (link to .)
[2.934s] Invoked command in '/home/raihan/seano_ws/src/build/seano_sensors' returned '0': PYTHONPATH=/home/raihan/seano_ws/src/build/seano_sensors/prefix_override:/usr/lib/python3/dist-packages/colcon_core/task/python/colcon_distutils_commands:/home/raihan/seano_ws/src/install/seano_sensors/lib/python3.10/site-packages:${PYTHONPATH} /usr/bin/python3 -W ignore:setup.py install is deprecated -W ignore:easy_install command is deprecated setup.py develop --uninstall --editable --build-directory /home/raihan/seano_ws/src/build/seano_sensors/build
[2.936s] Invoking command in '/home/raihan/seano_ws/src/seano_sensors': PYTHONPATH=/home/raihan/seano_ws/src/build/seano_sensors/prefix_override:/usr/lib/python3/dist-packages/colcon_core/task/python/colcon_distutils_commands:/home/raihan/seano_ws/src/install/seano_sensors/lib/python3.10/site-packages:${PYTHONPATH} /usr/bin/python3 -W ignore:setup.py install is deprecated -W ignore:easy_install command is deprecated setup.py egg_info --egg-base ../build/seano_sensors build --build-base /home/raihan/seano_ws/src/build/seano_sensors/build install --record /home/raihan/seano_ws/src/build/seano_sensors/install.log --single-version-externally-managed install_data --force
[3.380s] running egg_info
[3.381s] writing ../build/seano_sensors/seano_sensors.egg-info/PKG-INFO
[3.381s] writing dependency_links to ../build/seano_sensors/seano_sensors.egg-info/dependency_links.txt
[3.382s] writing entry points to ../build/seano_sensors/seano_sensors.egg-info/entry_points.txt
[3.382s] writing requirements to ../build/seano_sensors/seano_sensors.egg-info/requires.txt
[3.382s] writing top-level names to ../build/seano_sensors/seano_sensors.egg-info/top_level.txt
[3.385s] reading manifest file '../build/seano_sensors/seano_sensors.egg-info/SOURCES.txt'
[3.387s] writing manifest file '../build/seano_sensors/seano_sensors.egg-info/SOURCES.txt'
[3.387s] running build
[3.387s] running build_py
[3.388s] creating /home/raihan/seano_ws/src/build/seano_sensors/build
[3.388s] creating /home/raihan/seano_ws/src/build/seano_sensors/build/lib
[3.388s] creating /home/raihan/seano_ws/src/build/seano_sensors/build/lib/seano_sensors
[3.388s] copying seano_sensors/battery_reader.py -> /home/raihan/seano_ws/src/build/seano_sensors/build/lib/seano_sensors
[3.388s] copying seano_sensors/gps_reader.py -> /home/raihan/seano_ws/src/build/seano_sensors/build/lib/seano_sensors
[3.442s] copying seano_sensors/imu_reader.py -> /home/raihan/seano_ws/src/build/seano_sensors/build/lib/seano_sensors
[3.467s] copying seano_sensors/adcp_reader.py -> /home/raihan/seano_ws/src/build/seano_sensors/build/lib/seano_sensors
[3.468s] copying seano_sensors/__init__.py -> /home/raihan/seano_ws/src/build/seano_sensors/build/lib/seano_sensors
[3.468s] copying seano_sensors/ctd_reader.py -> /home/raihan/seano_ws/src/build/seano_sensors/build/lib/seano_sensors
[3.469s] running install
[3.470s] running install_lib
[3.472s] creating /home/raihan/seano_ws/src/install/seano_sensors/lib/python3.10/site-packages/seano_sensors
[3.472s] copying /home/raihan/seano_ws/src/build/seano_sensors/build/lib/seano_sensors/battery_reader.py -> /home/raihan/seano_ws/src/install/seano_sensors/lib/python3.10/site-packages/seano_sensors
[3.472s] copying /home/raihan/seano_ws/src/build/seano_sensors/build/lib/seano_sensors/gps_reader.py -> /home/raihan/seano_ws/src/install/seano_sensors/lib/python3.10/site-packages/seano_sensors
[3.473s] copying /home/raihan/seano_ws/src/build/seano_sensors/build/lib/seano_sensors/imu_reader.py -> /home/raihan/seano_ws/src/install/seano_sensors/lib/python3.10/site-packages/seano_sensors
[3.473s] copying /home/raihan/seano_ws/src/build/seano_sensors/build/lib/seano_sensors/adcp_reader.py -> /home/raihan/seano_ws/src/install/seano_sensors/lib/python3.10/site-packages/seano_sensors
[3.473s] copying /home/raihan/seano_ws/src/build/seano_sensors/build/lib/seano_sensors/__init__.py -> /home/raihan/seano_ws/src/install/seano_sensors/lib/python3.10/site-packages/seano_sensors
[3.473s] copying /home/raihan/seano_ws/src/build/seano_sensors/build/lib/seano_sensors/ctd_reader.py -> /home/raihan/seano_ws/src/install/seano_sensors/lib/python3.10/site-packages/seano_sensors
[3.474s] byte-compiling /home/raihan/seano_ws/src/install/seano_sensors/lib/python3.10/site-packages/seano_sensors/battery_reader.py to battery_reader.cpython-310.pyc
[3.475s] byte-compiling /home/raihan/seano_ws/src/install/seano_sensors/lib/python3.10/site-packages/seano_sensors/gps_reader.py to gps_reader.cpython-310.pyc
[3.476s] byte-compiling /home/raihan/seano_ws/src/install/seano_sensors/lib/python3.10/site-packages/seano_sensors/imu_reader.py to imu_reader.cpython-310.pyc
[3.477s] byte-compiling /home/raihan/seano_ws/src/install/seano_sensors/lib/python3.10/site-packages/seano_sensors/adcp_reader.py to adcp_reader.cpython-310.pyc
[3.480s] byte-compiling /home/raihan/seano_ws/src/install/seano_sensors/lib/python3.10/site-packages/seano_sensors/__init__.py to __init__.cpython-310.pyc
[3.480s] byte-compiling /home/raihan/seano_ws/src/install/seano_sensors/lib/python3.10/site-packages/seano_sensors/ctd_reader.py to ctd_reader.cpython-310.pyc
[3.480s] running install_data
[3.480s] copying resource/seano_sensors -> /home/raihan/seano_ws/src/install/seano_sensors/share/ament_index/resource_index/packages
[3.481s] copying package.xml -> /home/raihan/seano_ws/src/install/seano_sensors/share/seano_sensors
[3.481s] running install_egg_info
[3.485s] Copying ../build/seano_sensors/seano_sensors.egg-info to /home/raihan/seano_ws/src/install/seano_sensors/lib/python3.10/site-packages/seano_sensors-0.0.0-py3.10.egg-info
[3.538s] running install_scripts
[3.583s] Installing adcp_reader script to /home/raihan/seano_ws/src/install/seano_sensors/lib/seano_sensors
[3.584s] Installing battery_reader script to /home/raihan/seano_ws/src/install/seano_sensors/lib/seano_sensors
[3.584s] Installing ctd_reader script to /home/raihan/seano_ws/src/install/seano_sensors/lib/seano_sensors
[3.584s] Installing gps_reader script to /home/raihan/seano_ws/src/install/seano_sensors/lib/seano_sensors
[3.584s] Installing imu_reader script to /home/raihan/seano_ws/src/install/seano_sensors/lib/seano_sensors
[3.585s] writing list of installed files to '/home/raihan/seano_ws/src/build/seano_sensors/install.log'
[3.774s] Invoked command in '/home/raihan/seano_ws/src/seano_sensors' returned '0': PYTHONPATH=/home/raihan/seano_ws/src/build/seano_sensors/prefix_override:/usr/lib/python3/dist-packages/colcon_core/task/python/colcon_distutils_commands:/home/raihan/seano_ws/src/install/seano_sensors/lib/python3.10/site-packages:${PYTHONPATH} /usr/bin/python3 -W ignore:setup.py install is deprecated -W ignore:easy_install command is deprecated setup.py egg_info --egg-base ../build/seano_sensors build --build-base /home/raihan/seano_ws/src/build/seano_sensors/build install --record /home/raihan/seano_ws/src/build/seano_sensors/install.log --single-version-externally-managed install_data --force
