[0.517s] DEBUG:colcon:Command line arguments: ['/usr/bin/colcon', 'build']
[0.518s] DEBUG:colcon:Parsed command line arguments: Namespace(log_base=None, log_level=None, verb_name='build', build_base='build', install_base='install', merge_install=False, symlink_install=False, test_result_base=None, continue_on_error=False, executor='parallel', parallel_workers=6, event_handlers=None, ignore_user_meta=False, metas=['./colcon.meta'], base_paths=['.'], packages_ignore=None, packages_ignore_regex=None, paths=None, packages_up_to=None, packages_up_to_regex=None, packages_above=None, packages_above_and_dependencies=None, packages_above_depth=None, packages_select_by_dep=None, packages_skip_by_dep=None, packages_skip_up_to=None, packages_select_build_failed=False, packages_skip_build_finished=False, packages_select_test_failures=False, packages_skip_test_passed=False, packages_select=None, packages_skip=None, packages_select_regex=None, packages_skip_regex=None, packages_start=None, packages_end=None, allow_overriding=[], cmake_args=None, cmake_target=None, cmake_target_skip_unavailable=False, cmake_clean_cache=False, cmake_clean_first=False, cmake_force_configure=False, ament_cmake_args=None, catkin_cmake_args=None, catkin_skip_building_tests=False, verb_parser=<colcon_defaults.argument_parser.defaults.DefaultArgumentsDecorator object at 0xffffa2c81960>, verb_extension=<colcon_core.verb.build.BuildVerb object at 0xffffa2e3f4c0>, main=<bound method BuildVerb.main of <colcon_core.verb.build.BuildVerb object at 0xffffa2e3f4c0>>)
[0.689s] Level 1:colcon.colcon_core.package_discovery:discover_packages(colcon_meta) check parameters
[0.690s] Level 1:colcon.colcon_core.package_discovery:discover_packages(recursive) check parameters
[0.690s] Level 1:colcon.colcon_core.package_discovery:discover_packages(ignore) check parameters
[0.690s] Level 1:colcon.colcon_core.package_discovery:discover_packages(path) check parameters
[0.691s] Level 1:colcon.colcon_core.package_discovery:discover_packages(colcon_meta) discover
[0.691s] Level 1:colcon.colcon_core.package_discovery:discover_packages(recursive) discover
[0.691s] INFO:colcon.colcon_core.package_discovery:Crawling recursively for packages in '/home/seano/resource_git/seano-logger'
[0.692s] Level 1:colcon.colcon_core.package_identification:_identify(.) by extensions ['ignore', 'ignore_ament_install']
[0.692s] Level 1:colcon.colcon_core.package_identification:_identify(.) by extension 'ignore'
[0.692s] Level 1:colcon.colcon_core.package_identification:_identify(.) by extension 'ignore_ament_install'
[0.692s] Level 1:colcon.colcon_core.package_identification:_identify(.) by extensions ['colcon_pkg']
[0.693s] Level 1:colcon.colcon_core.package_identification:_identify(.) by extension 'colcon_pkg'
[0.693s] Level 1:colcon.colcon_core.package_identification:_identify(.) by extensions ['colcon_meta']
[0.693s] Level 1:colcon.colcon_core.package_identification:_identify(.) by extension 'colcon_meta'
[0.693s] Level 1:colcon.colcon_core.package_identification:_identify(.) by extensions ['ros']
[0.693s] Level 1:colcon.colcon_core.package_identification:_identify(.) by extension 'ros'
[0.748s] Level 1:colcon.colcon_core.package_identification:_identify(.) by extensions ['cmake', 'python']
[0.748s] Level 1:colcon.colcon_core.package_identification:_identify(.) by extension 'cmake'
[0.748s] Level 1:colcon.colcon_core.package_identification:_identify(.) by extension 'python'
[0.749s] Level 1:colcon.colcon_core.package_identification:_identify(.) by extensions ['python_setup_py']
[0.749s] Level 1:colcon.colcon_core.package_identification:_identify(.) by extension 'python_setup_py'
[0.749s] Level 1:colcon.colcon_core.package_identification:_identify(build) by extensions ['ignore', 'ignore_ament_install']
[0.749s] Level 1:colcon.colcon_core.package_identification:_identify(build) by extension 'ignore'
[0.750s] Level 1:colcon.colcon_core.package_identification:_identify(build) ignored
[0.750s] Level 1:colcon.colcon_core.package_identification:_identify(install) by extensions ['ignore', 'ignore_ament_install']
[0.750s] Level 1:colcon.colcon_core.package_identification:_identify(install) by extension 'ignore'
[0.750s] Level 1:colcon.colcon_core.package_identification:_identify(install) ignored
[0.751s] Level 1:colcon.colcon_core.package_identification:_identify(log) by extensions ['ignore', 'ignore_ament_install']
[0.751s] Level 1:colcon.colcon_core.package_identification:_identify(log) by extension 'ignore'
[0.751s] Level 1:colcon.colcon_core.package_identification:_identify(log) ignored
[0.751s] Level 1:colcon.colcon_core.package_identification:_identify(src) by extensions ['ignore', 'ignore_ament_install']
[0.751s] Level 1:colcon.colcon_core.package_identification:_identify(src) by extension 'ignore'
[0.752s] Level 1:colcon.colcon_core.package_identification:_identify(src) by extension 'ignore_ament_install'
[0.752s] Level 1:colcon.colcon_core.package_identification:_identify(src) by extensions ['colcon_pkg']
[0.752s] Level 1:colcon.colcon_core.package_identification:_identify(src) by extension 'colcon_pkg'
[0.752s] Level 1:colcon.colcon_core.package_identification:_identify(src) by extensions ['colcon_meta']
[0.752s] Level 1:colcon.colcon_core.package_identification:_identify(src) by extension 'colcon_meta'
[0.752s] Level 1:colcon.colcon_core.package_identification:_identify(src) by extensions ['ros']
[0.752s] Level 1:colcon.colcon_core.package_identification:_identify(src) by extension 'ros'
[0.752s] Level 1:colcon.colcon_core.package_identification:_identify(src) by extensions ['cmake', 'python']
[0.752s] Level 1:colcon.colcon_core.package_identification:_identify(src) by extension 'cmake'
[0.753s] Level 1:colcon.colcon_core.package_identification:_identify(src) by extension 'python'
[0.753s] Level 1:colcon.colcon_core.package_identification:_identify(src) by extensions ['python_setup_py']
[0.753s] Level 1:colcon.colcon_core.package_identification:_identify(src) by extension 'python_setup_py'
[0.753s] Level 1:colcon.colcon_core.package_identification:_identify(src/build) by extensions ['ignore', 'ignore_ament_install']
[0.753s] Level 1:colcon.colcon_core.package_identification:_identify(src/build) by extension 'ignore'
[0.753s] Level 1:colcon.colcon_core.package_identification:_identify(src/build) ignored
[0.754s] Level 1:colcon.colcon_core.package_identification:_identify(src/install) by extensions ['ignore', 'ignore_ament_install']
[0.754s] Level 1:colcon.colcon_core.package_identification:_identify(src/install) by extension 'ignore'
[0.754s] Level 1:colcon.colcon_core.package_identification:_identify(src/install) ignored
[0.754s] Level 1:colcon.colcon_core.package_identification:_identify(src/log) by extensions ['ignore', 'ignore_ament_install']
[0.754s] Level 1:colcon.colcon_core.package_identification:_identify(src/log) by extension 'ignore'
[0.754s] Level 1:colcon.colcon_core.package_identification:_identify(src/log) ignored
[0.755s] Level 1:colcon.colcon_core.package_identification:_identify(src/seano_logger) by extensions ['ignore', 'ignore_ament_install']
[0.755s] Level 1:colcon.colcon_core.package_identification:_identify(src/seano_logger) by extension 'ignore'
[0.755s] Level 1:colcon.colcon_core.package_identification:_identify(src/seano_logger) by extension 'ignore_ament_install'
[0.755s] Level 1:colcon.colcon_core.package_identification:_identify(src/seano_logger) by extensions ['colcon_pkg']
[0.755s] Level 1:colcon.colcon_core.package_identification:_identify(src/seano_logger) by extension 'colcon_pkg'
[0.755s] Level 1:colcon.colcon_core.package_identification:_identify(src/seano_logger) by extensions ['colcon_meta']
[0.755s] Level 1:colcon.colcon_core.package_identification:_identify(src/seano_logger) by extension 'colcon_meta'
[0.756s] Level 1:colcon.colcon_core.package_identification:_identify(src/seano_logger) by extensions ['ros']
[0.756s] Level 1:colcon.colcon_core.package_identification:_identify(src/seano_logger) by extension 'ros'
[0.772s] DEBUG:colcon.colcon_core.package_identification:Package 'src/seano_logger' with type 'ros.ament_python' and name 'seano_logger'
[0.772s] Level 1:colcon.colcon_core.package_identification:_identify(src/seano_sensors) by extensions ['ignore', 'ignore_ament_install']
[0.773s] Level 1:colcon.colcon_core.package_identification:_identify(src/seano_sensors) by extension 'ignore'
[0.773s] Level 1:colcon.colcon_core.package_identification:_identify(src/seano_sensors) by extension 'ignore_ament_install'
[0.773s] Level 1:colcon.colcon_core.package_identification:_identify(src/seano_sensors) by extensions ['colcon_pkg']
[0.773s] Level 1:colcon.colcon_core.package_identification:_identify(src/seano_sensors) by extension 'colcon_pkg'
[0.773s] Level 1:colcon.colcon_core.package_identification:_identify(src/seano_sensors) by extensions ['colcon_meta']
[0.774s] Level 1:colcon.colcon_core.package_identification:_identify(src/seano_sensors) by extension 'colcon_meta'
[0.774s] Level 1:colcon.colcon_core.package_identification:_identify(src/seano_sensors) by extensions ['ros']
[0.774s] Level 1:colcon.colcon_core.package_identification:_identify(src/seano_sensors) by extension 'ros'
[0.775s] DEBUG:colcon.colcon_core.package_identification:Package 'src/seano_sensors' with type 'ros.ament_python' and name 'seano_sensors'
[0.775s] Level 1:colcon.colcon_core.package_discovery:discover_packages(recursive) using defaults
[0.776s] Level 1:colcon.colcon_core.package_discovery:discover_packages(ignore) discover
[0.776s] Level 1:colcon.colcon_core.package_discovery:discover_packages(ignore) using defaults
[0.776s] Level 1:colcon.colcon_core.package_discovery:discover_packages(path) discover
[0.776s] Level 1:colcon.colcon_core.package_discovery:discover_packages(path) using defaults
[0.872s] Level 1:colcon.colcon_core.package_discovery:discover_packages(prefix_path) check parameters
[0.872s] Level 1:colcon.colcon_core.package_discovery:discover_packages(prefix_path) discover
[0.879s] DEBUG:colcon.colcon_installed_package_information.package_discovery:Found 2 installed packages in /home/seano/resource_git/seano-logger/install
[0.882s] DEBUG:colcon.colcon_installed_package_information.package_discovery:Found 283 installed packages in /opt/ros/humble
[0.885s] Level 1:colcon.colcon_core.package_discovery:discover_packages(prefix_path) using defaults
[0.985s] Level 5:colcon.colcon_core.verb:set package 'seano_logger' build argument 'cmake_args' from command line to 'None'
[0.985s] Level 5:colcon.colcon_core.verb:set package 'seano_logger' build argument 'cmake_target' from command line to 'None'
[0.985s] Level 5:colcon.colcon_core.verb:set package 'seano_logger' build argument 'cmake_target_skip_unavailable' from command line to 'False'
[0.985s] Level 5:colcon.colcon_core.verb:set package 'seano_logger' build argument 'cmake_clean_cache' from command line to 'False'
[0.986s] Level 5:colcon.colcon_core.verb:set package 'seano_logger' build argument 'cmake_clean_first' from command line to 'False'
[0.986s] Level 5:colcon.colcon_core.verb:set package 'seano_logger' build argument 'cmake_force_configure' from command line to 'False'
[0.986s] Level 5:colcon.colcon_core.verb:set package 'seano_logger' build argument 'ament_cmake_args' from command line to 'None'
[0.986s] Level 5:colcon.colcon_core.verb:set package 'seano_logger' build argument 'catkin_cmake_args' from command line to 'None'
[0.986s] Level 5:colcon.colcon_core.verb:set package 'seano_logger' build argument 'catkin_skip_building_tests' from command line to 'False'
[0.986s] DEBUG:colcon.colcon_core.verb:Building package 'seano_logger' with the following arguments: {'ament_cmake_args': None, 'build_base': '/home/seano/resource_git/seano-logger/build/seano_logger', 'catkin_cmake_args': None, 'catkin_skip_building_tests': False, 'cmake_args': None, 'cmake_clean_cache': False, 'cmake_clean_first': False, 'cmake_force_configure': False, 'cmake_target': None, 'cmake_target_skip_unavailable': False, 'install_base': '/home/seano/resource_git/seano-logger/install/seano_logger', 'merge_install': False, 'path': '/home/seano/resource_git/seano-logger/src/seano_logger', 'symlink_install': False, 'test_result_base': None}
[0.987s] Level 5:colcon.colcon_core.verb:set package 'seano_sensors' build argument 'cmake_args' from command line to 'None'
[0.987s] Level 5:colcon.colcon_core.verb:set package 'seano_sensors' build argument 'cmake_target' from command line to 'None'
[0.987s] Level 5:colcon.colcon_core.verb:set package 'seano_sensors' build argument 'cmake_target_skip_unavailable' from command line to 'False'
[0.987s] Level 5:colcon.colcon_core.verb:set package 'seano_sensors' build argument 'cmake_clean_cache' from command line to 'False'
[0.987s] Level 5:colcon.colcon_core.verb:set package 'seano_sensors' build argument 'cmake_clean_first' from command line to 'False'
[0.987s] Level 5:colcon.colcon_core.verb:set package 'seano_sensors' build argument 'cmake_force_configure' from command line to 'False'
[0.987s] Level 5:colcon.colcon_core.verb:set package 'seano_sensors' build argument 'ament_cmake_args' from command line to 'None'
[0.987s] Level 5:colcon.colcon_core.verb:set package 'seano_sensors' build argument 'catkin_cmake_args' from command line to 'None'
[0.987s] Level 5:colcon.colcon_core.verb:set package 'seano_sensors' build argument 'catkin_skip_building_tests' from command line to 'False'
[0.987s] DEBUG:colcon.colcon_core.verb:Building package 'seano_sensors' with the following arguments: {'ament_cmake_args': None, 'build_base': '/home/seano/resource_git/seano-logger/build/seano_sensors', 'catkin_cmake_args': None, 'catkin_skip_building_tests': False, 'cmake_args': None, 'cmake_clean_cache': False, 'cmake_clean_first': False, 'cmake_force_configure': False, 'cmake_target': None, 'cmake_target_skip_unavailable': False, 'install_base': '/home/seano/resource_git/seano-logger/install/seano_sensors', 'merge_install': False, 'path': '/home/seano/resource_git/seano-logger/src/seano_sensors', 'symlink_install': False, 'test_result_base': None}
[0.988s] INFO:colcon.colcon_core.executor:Executing jobs using 'parallel' executor
[0.992s] DEBUG:colcon.colcon_parallel_executor.executor.parallel:run_until_complete
[0.992s] INFO:colcon.colcon_ros.task.ament_python.build:Building ROS package in '/home/seano/resource_git/seano-logger/src/seano_logger' with build type 'ament_python'
[0.993s] Level 1:colcon.colcon_core.shell:create_environment_hook('seano_logger', 'ament_prefix_path')
[1.010s] INFO:colcon.colcon_core.plugin_system:Skipping extension 'colcon_core.shell.bat': Not used on non-Windows systems
[1.011s] INFO:colcon.colcon_core.shell:Creating environment hook '/home/seano/resource_git/seano-logger/install/seano_logger/share/seano_logger/hook/ament_prefix_path.ps1'
[1.013s] INFO:colcon.colcon_core.shell:Creating environment descriptor '/home/seano/resource_git/seano-logger/install/seano_logger/share/seano_logger/hook/ament_prefix_path.dsv'
[1.014s] INFO:colcon.colcon_core.shell:Creating environment hook '/home/seano/resource_git/seano-logger/install/seano_logger/share/seano_logger/hook/ament_prefix_path.sh'
[1.016s] INFO:colcon.colcon_core.shell:Skip shell extension 'powershell' for command environment: Not usable outside of PowerShell
[1.017s] DEBUG:colcon.colcon_core.shell:Skip shell extension 'dsv' for command environment
[1.027s] INFO:colcon.colcon_ros.task.ament_python.build:Building ROS package in '/home/seano/resource_git/seano-logger/src/seano_sensors' with build type 'ament_python'
[1.028s] Level 1:colcon.colcon_core.shell:create_environment_hook('seano_sensors', 'ament_prefix_path')
[1.029s] INFO:colcon.colcon_core.shell:Creating environment hook '/home/seano/resource_git/seano-logger/install/seano_sensors/share/seano_sensors/hook/ament_prefix_path.ps1'
[1.032s] INFO:colcon.colcon_core.shell:Creating environment descriptor '/home/seano/resource_git/seano-logger/install/seano_sensors/share/seano_sensors/hook/ament_prefix_path.dsv'
[1.033s] INFO:colcon.colcon_core.shell:Creating environment hook '/home/seano/resource_git/seano-logger/install/seano_sensors/share/seano_sensors/hook/ament_prefix_path.sh'
[1.035s] INFO:colcon.colcon_core.shell:Skip shell extension 'powershell' for command environment: Not usable outside of PowerShell
[1.035s] DEBUG:colcon.colcon_core.shell:Skip shell extension 'dsv' for command environment
[1.673s] INFO:colcon.colcon_core.task.python.build:Building Python package in '/home/seano/resource_git/seano-logger/src/seano_logger'
[1.674s] INFO:colcon.colcon_core.shell:Skip shell extension 'powershell' for command environment: Not usable outside of PowerShell
[1.675s] DEBUG:colcon.colcon_core.shell:Skip shell extension 'dsv' for command environment
[2.314s] INFO:colcon.colcon_core.task.python.build:Building Python package in '/home/seano/resource_git/seano-logger/src/seano_sensors'
[2.315s] INFO:colcon.colcon_core.shell:Skip shell extension 'powershell' for command environment: Not usable outside of PowerShell
[2.315s] DEBUG:colcon.colcon_core.shell:Skip shell extension 'dsv' for command environment
[3.939s] DEBUG:colcon.colcon_core.event_handler.log_command:Invoking command in '/home/seano/resource_git/seano-logger/src/seano_logger': PYTHONPATH=/home/seano/resource_git/seano-logger/build/seano_logger/prefix_override:/usr/lib/python3/dist-packages/colcon_core/task/python/colcon_distutils_commands:/home/seano/resource_git/seano-logger/install/seano_logger/lib/python3.10/site-packages:${PYTHONPATH} /usr/bin/python3 -W ignore:setup.py install is deprecated -W ignore:easy_install command is deprecated setup.py egg_info --egg-base ../../build/seano_logger build --build-base /home/seano/resource_git/seano-logger/build/seano_logger/build install --record /home/seano/resource_git/seano-logger/build/seano_logger/install.log --single-version-externally-managed install_data
[3.972s] DEBUG:colcon.colcon_core.event_handler.log_command:Invoking command in '/home/seano/resource_git/seano-logger/src/seano_sensors': PYTHONPATH=/home/seano/resource_git/seano-logger/build/seano_sensors/prefix_override:/usr/lib/python3/dist-packages/colcon_core/task/python/colcon_distutils_commands:/home/seano/resource_git/seano-logger/install/seano_sensors/lib/python3.10/site-packages:${PYTHONPATH} /usr/bin/python3 -W ignore:setup.py install is deprecated -W ignore:easy_install command is deprecated setup.py egg_info --egg-base ../../build/seano_sensors build --build-base /home/seano/resource_git/seano-logger/build/seano_sensors/build install --record /home/seano/resource_git/seano-logger/build/seano_sensors/install.log --single-version-externally-managed install_data
[5.464s] DEBUG:colcon.colcon_core.event_handler.log_command:Invoked command in '/home/seano/resource_git/seano-logger/src/seano_logger' returned '0': PYTHONPATH=/home/seano/resource_git/seano-logger/build/seano_logger/prefix_override:/usr/lib/python3/dist-packages/colcon_core/task/python/colcon_distutils_commands:/home/seano/resource_git/seano-logger/install/seano_logger/lib/python3.10/site-packages:${PYTHONPATH} /usr/bin/python3 -W ignore:setup.py install is deprecated -W ignore:easy_install command is deprecated setup.py egg_info --egg-base ../../build/seano_logger build --build-base /home/seano/resource_git/seano-logger/build/seano_logger/build install --record /home/seano/resource_git/seano-logger/build/seano_logger/install.log --single-version-externally-managed install_data
[5.489s] Level 1:colcon.colcon_core.environment:checking '/home/seano/resource_git/seano-logger/install/seano_logger' for CMake module files
[5.491s] Level 1:colcon.colcon_core.environment:checking '/home/seano/resource_git/seano-logger/install/seano_logger' for CMake config files
[5.494s] Level 1:colcon.colcon_core.environment:checking '/home/seano/resource_git/seano-logger/install/seano_logger/lib'
[5.495s] Level 1:colcon.colcon_core.environment:checking '/home/seano/resource_git/seano-logger/install/seano_logger/bin'
[5.495s] Level 1:colcon.colcon_core.environment:checking '/home/seano/resource_git/seano-logger/install/seano_logger/lib/pkgconfig/seano_logger.pc'
[5.496s] Level 1:colcon.colcon_core.environment:checking '/home/seano/resource_git/seano-logger/install/seano_logger/lib/python3.10/site-packages'
[5.497s] Level 1:colcon.colcon_core.shell:create_environment_hook('seano_logger', 'pythonpath')
[5.498s] INFO:colcon.colcon_core.shell:Creating environment hook '/home/seano/resource_git/seano-logger/install/seano_logger/share/seano_logger/hook/pythonpath.ps1'
[5.501s] INFO:colcon.colcon_core.shell:Creating environment descriptor '/home/seano/resource_git/seano-logger/install/seano_logger/share/seano_logger/hook/pythonpath.dsv'
[5.503s] INFO:colcon.colcon_core.shell:Creating environment hook '/home/seano/resource_git/seano-logger/install/seano_logger/share/seano_logger/hook/pythonpath.sh'
[5.507s] Level 1:colcon.colcon_core.environment:checking '/home/seano/resource_git/seano-logger/install/seano_logger/bin'
[5.508s] Level 1:colcon.colcon_core.environment:create_environment_scripts_only(seano_logger)
[5.510s] INFO:colcon.colcon_core.shell:Creating package script '/home/seano/resource_git/seano-logger/install/seano_logger/share/seano_logger/package.ps1'
[5.514s] INFO:colcon.colcon_core.shell:Creating package descriptor '/home/seano/resource_git/seano-logger/install/seano_logger/share/seano_logger/package.dsv'
[5.516s] INFO:colcon.colcon_core.shell:Creating package script '/home/seano/resource_git/seano-logger/install/seano_logger/share/seano_logger/package.sh'
[5.535s] INFO:colcon.colcon_core.shell:Creating package script '/home/seano/resource_git/seano-logger/install/seano_logger/share/seano_logger/package.bash'
[5.538s] INFO:colcon.colcon_core.shell:Creating package script '/home/seano/resource_git/seano-logger/install/seano_logger/share/seano_logger/package.zsh'
[5.541s] Level 1:colcon.colcon_core.environment:create_file_with_runtime_dependencies(/home/seano/resource_git/seano-logger/install/seano_logger/share/colcon-core/packages/seano_logger)
[5.548s] Level 1:colcon.colcon_core.environment:checking '/home/seano/resource_git/seano-logger/install/seano_sensors' for CMake module files
[5.551s] DEBUG:colcon.colcon_core.event_handler.log_command:Invoked command in '/home/seano/resource_git/seano-logger/src/seano_sensors' returned '0': PYTHONPATH=/home/seano/resource_git/seano-logger/build/seano_sensors/prefix_override:/usr/lib/python3/dist-packages/colcon_core/task/python/colcon_distutils_commands:/home/seano/resource_git/seano-logger/install/seano_sensors/lib/python3.10/site-packages:${PYTHONPATH} /usr/bin/python3 -W ignore:setup.py install is deprecated -W ignore:easy_install command is deprecated setup.py egg_info --egg-base ../../build/seano_sensors build --build-base /home/seano/resource_git/seano-logger/build/seano_sensors/build install --record /home/seano/resource_git/seano-logger/build/seano_sensors/install.log --single-version-externally-managed install_data
[5.552s] Level 1:colcon.colcon_core.environment:checking '/home/seano/resource_git/seano-logger/install/seano_sensors' for CMake config files
[5.556s] Level 1:colcon.colcon_core.environment:checking '/home/seano/resource_git/seano-logger/install/seano_sensors/lib'
[5.557s] Level 1:colcon.colcon_core.environment:checking '/home/seano/resource_git/seano-logger/install/seano_sensors/bin'
[5.557s] Level 1:colcon.colcon_core.environment:checking '/home/seano/resource_git/seano-logger/install/seano_sensors/lib/pkgconfig/seano_sensors.pc'
[5.558s] Level 1:colcon.colcon_core.environment:checking '/home/seano/resource_git/seano-logger/install/seano_sensors/lib/python3.10/site-packages'
[5.558s] Level 1:colcon.colcon_core.shell:create_environment_hook('seano_sensors', 'pythonpath')
[5.559s] INFO:colcon.colcon_core.shell:Creating environment hook '/home/seano/resource_git/seano-logger/install/seano_sensors/share/seano_sensors/hook/pythonpath.ps1'
[5.561s] INFO:colcon.colcon_core.shell:Creating environment descriptor '/home/seano/resource_git/seano-logger/install/seano_sensors/share/seano_sensors/hook/pythonpath.dsv'
[5.563s] INFO:colcon.colcon_core.shell:Creating environment hook '/home/seano/resource_git/seano-logger/install/seano_sensors/share/seano_sensors/hook/pythonpath.sh'
[5.566s] Level 1:colcon.colcon_core.environment:checking '/home/seano/resource_git/seano-logger/install/seano_sensors/bin'
[5.567s] Level 1:colcon.colcon_core.environment:create_environment_scripts_only(seano_sensors)
[5.568s] INFO:colcon.colcon_core.shell:Creating package script '/home/seano/resource_git/seano-logger/install/seano_sensors/share/seano_sensors/package.ps1'
[5.571s] INFO:colcon.colcon_core.shell:Creating package descriptor '/home/seano/resource_git/seano-logger/install/seano_sensors/share/seano_sensors/package.dsv'
[5.573s] INFO:colcon.colcon_core.shell:Creating package script '/home/seano/resource_git/seano-logger/install/seano_sensors/share/seano_sensors/package.sh'
[5.574s] INFO:colcon.colcon_core.shell:Creating package script '/home/seano/resource_git/seano-logger/install/seano_sensors/share/seano_sensors/package.bash'
[5.576s] INFO:colcon.colcon_core.shell:Creating package script '/home/seano/resource_git/seano-logger/install/seano_sensors/share/seano_sensors/package.zsh'
[5.577s] Level 1:colcon.colcon_core.environment:create_file_with_runtime_dependencies(/home/seano/resource_git/seano-logger/install/seano_sensors/share/colcon-core/packages/seano_sensors)
[5.578s] DEBUG:colcon.colcon_parallel_executor.executor.parallel:closing loop
[5.580s] DEBUG:colcon.colcon_parallel_executor.executor.parallel:loop closed
[5.580s] DEBUG:colcon.colcon_parallel_executor.executor.parallel:run_until_complete finished with '0'
[5.580s] DEBUG:colcon.colcon_core.event_reactor:joining thread
[5.615s] INFO:colcon.colcon_core.plugin_system:Skipping extension 'colcon_notification.desktop_notification.terminal_notifier': Not used on non-Darwin systems
[5.615s] INFO:colcon.colcon_core.plugin_system:Skipping extension 'colcon_notification.desktop_notification.win32': Not used on non-Windows systems
[5.615s] INFO:colcon.colcon_notification.desktop_notification:Sending desktop notification using 'notify2'
[5.655s] DEBUG:colcon.colcon_core.event_reactor:joined thread
[5.657s] INFO:colcon.colcon_core.shell:Creating prefix script '/home/seano/resource_git/seano-logger/install/local_setup.ps1'
[5.670s] INFO:colcon.colcon_core.shell:Creating prefix util module '/home/seano/resource_git/seano-logger/install/_local_setup_util_ps1.py'
[5.680s] INFO:colcon.colcon_core.shell:Creating prefix chain script '/home/seano/resource_git/seano-logger/install/setup.ps1'
[5.686s] INFO:colcon.colcon_core.shell:Creating prefix script '/home/seano/resource_git/seano-logger/install/local_setup.sh'
[5.691s] INFO:colcon.colcon_core.shell:Creating prefix util module '/home/seano/resource_git/seano-logger/install/_local_setup_util_sh.py'
[5.696s] INFO:colcon.colcon_core.shell:Creating prefix chain script '/home/seano/resource_git/seano-logger/install/setup.sh'
[5.703s] INFO:colcon.colcon_core.shell:Creating prefix script '/home/seano/resource_git/seano-logger/install/local_setup.bash'
[5.708s] INFO:colcon.colcon_core.shell:Creating prefix chain script '/home/seano/resource_git/seano-logger/install/setup.bash'
[5.714s] INFO:colcon.colcon_core.shell:Creating prefix script '/home/seano/resource_git/seano-logger/install/local_setup.zsh'
[5.721s] INFO:colcon.colcon_core.shell:Creating prefix chain script '/home/seano/resource_git/seano-logger/install/setup.zsh'
