[5.145s] Invoking command in '/home/seano/resource_git/seano-logger/src/seano_logger': PYTHONPATH=/home/seano/resource_git/seano-logger/build/seano_logger/prefix_override:/usr/lib/python3/dist-packages/colcon_core/task/python/colcon_distutils_commands:/home/seano/resource_git/seano-logger/install/seano_logger/lib/python3.10/site-packages:${PYTHONPATH} /usr/bin/python3 -W ignore:setup.py install is deprecated -W ignore:easy_install command is deprecated setup.py egg_info --egg-base ../../build/seano_logger build --build-base /home/seano/resource_git/seano-logger/build/seano_logger/build install --record /home/seano/resource_git/seano-logger/build/seano_logger/install.log --single-version-externally-managed install_data
[6.095s] running egg_info
[6.161s] writing ../../build/seano_logger/seano_logger.egg-info/PKG-INFO
[6.164s] writing dependency_links to ../../build/seano_logger/seano_logger.egg-info/dependency_links.txt
[6.164s] writing entry points to ../../build/seano_logger/seano_logger.egg-info/entry_points.txt
[6.167s] writing requirements to ../../build/seano_logger/seano_logger.egg-info/requires.txt
[6.167s] writing top-level names to ../../build/seano_logger/seano_logger.egg-info/top_level.txt
[6.276s] reading manifest file '../../build/seano_logger/seano_logger.egg-info/SOURCES.txt'
[6.277s] writing manifest file '../../build/seano_logger/seano_logger.egg-info/SOURCES.txt'
[6.279s] running build
[6.279s] running build_py
[6.281s] copying seano_logger/logger_node.py -> /home/seano/resource_git/seano-logger/build/seano_logger/build/lib/seano_logger
[6.290s] copying seano_logger/__init__.py -> /home/seano/resource_git/seano-logger/build/seano_logger/build/lib/seano_logger
[6.293s] running install
[6.339s] running install_lib
[6.411s] running install_data
[6.411s] copying resource/seano_logger -> /home/seano/resource_git/seano-logger/install/seano_logger/share/ament_index/resource_index/packages
[6.411s] copying package.xml -> /home/seano/resource_git/seano-logger/install/seano_logger/share/seano_logger
[6.411s] copying launch/seano_all.launch.py -> /home/seano/resource_git/seano-logger/install/seano_logger/share/seano_logger/launch
[6.415s] running install_egg_info
[6.511s] removing '/home/seano/resource_git/seano-logger/install/seano_logger/lib/python3.10/site-packages/seano_logger-0.0.0-py3.10.egg-info' (and everything under it)
[6.513s] Copying ../../build/seano_logger/seano_logger.egg-info to /home/seano/resource_git/seano-logger/install/seano_logger/lib/python3.10/site-packages/seano_logger-0.0.0-py3.10.egg-info
[6.527s] running install_scripts
[7.079s] Installing logger_node script to /home/seano/resource_git/seano-logger/install/seano_logger/lib/seano_logger
[7.083s] writing list of installed files to '/home/seano/resource_git/seano-logger/build/seano_logger/install.log'
[7.345s] Invoked command in '/home/seano/resource_git/seano-logger/src/seano_logger' returned '0': PYTHONPATH=/home/seano/resource_git/seano-logger/build/seano_logger/prefix_override:/usr/lib/python3/dist-packages/colcon_core/task/python/colcon_distutils_commands:/home/seano/resource_git/seano-logger/install/seano_logger/lib/python3.10/site-packages:${PYTHONPATH} /usr/bin/python3 -W ignore:setup.py install is deprecated -W ignore:easy_install command is deprecated setup.py egg_info --egg-base ../../build/seano_logger build --build-base /home/seano/resource_git/seano-logger/build/seano_logger/build install --record /home/seano/resource_git/seano-logger/build/seano_logger/install.log --single-version-externally-managed install_data
