[1.330s] Invoking command in '/home/raihan/seano_ws/src/build/seano_sensors': PYTHONPATH=/home/raihan/seano_ws/src/build/seano_sensors/prefix_override:/usr/lib/python3/dist-packages/colcon_core/task/python/colcon_distutils_commands:/home/raihan/seano_ws/src/install/seano_sensors/lib/python3.10/site-packages:${PYTHONPATH} /usr/bin/python3 -W ignore:setup.py install is deprecated -W ignore:easy_install command is deprecated setup.py develop --editable --build-directory /home/raihan/seano_ws/src/build/seano_sensors/build --no-deps symlink_data
[1.737s] running develop
[1.978s] running egg_info
[1.978s] writing seano_sensors.egg-info/PKG-INFO
[1.978s] writing dependency_links to seano_sensors.egg-info/dependency_links.txt
[1.979s] writing entry points to seano_sensors.egg-info/entry_points.txt
[1.979s] writing requirements to seano_sensors.egg-info/requires.txt
[1.979s] writing top-level names to seano_sensors.egg-info/top_level.txt
[1.983s] reading manifest file 'seano_sensors.egg-info/SOURCES.txt'
[1.984s] writing manifest file 'seano_sensors.egg-info/SOURCES.txt'
[1.987s] running build_ext
[1.987s] Creating /home/raihan/seano_ws/src/install/seano_sensors/lib/python3.10/site-packages/seano-sensors.egg-link (link to .)
[1.989s] Installing adcp_reader script to /home/raihan/seano_ws/src/install/seano_sensors/lib/seano_sensors
[1.989s] Installing ctd_reader script to /home/raihan/seano_ws/src/install/seano_sensors/lib/seano_sensors
[1.990s] Installing gps_reader script to /home/raihan/seano_ws/src/install/seano_sensors/lib/seano_sensors
[1.990s] Installing imu_reader script to /home/raihan/seano_ws/src/install/seano_sensors/lib/seano_sensors
[1.990s] 
[1.991s] Installed /home/raihan/seano_ws/src/build/seano_sensors
[1.991s] running symlink_data
[2.036s] Invoked command in '/home/raihan/seano_ws/src/build/seano_sensors' returned '0': PYTHONPATH=/home/raihan/seano_ws/src/build/seano_sensors/prefix_override:/usr/lib/python3/dist-packages/colcon_core/task/python/colcon_distutils_commands:/home/raihan/seano_ws/src/install/seano_sensors/lib/python3.10/site-packages:${PYTHONPATH} /usr/bin/python3 -W ignore:setup.py install is deprecated -W ignore:easy_install command is deprecated setup.py develop --editable --build-directory /home/raihan/seano_ws/src/build/seano_sensors/build --no-deps symlink_data
