[8.738s] Invoking command in '/home/seano/resource_git/seano-logger/src/seano_logger': PYTHONPATH=/home/seano/resource_git/seano-logger/build/seano_logger/prefix_override:/usr/lib/python3/dist-packages/colcon_core/task/python/colcon_distutils_commands:/home/seano/resource_git/seano-logger/install/seano_logger/lib/python3.10/site-packages:${PYTHONPATH} /usr/bin/python3 -W ignore:setup.py install is deprecated -W ignore:easy_install command is deprecated setup.py egg_info --egg-base ../../build/seano_logger build --build-base /home/seano/resource_git/seano-logger/build/seano_logger/build install --record /home/seano/resource_git/seano-logger/build/seano_logger/install.log --single-version-externally-managed install_data
[10.832s] running egg_info
[10.907s] writing ../../build/seano_logger/seano_logger.egg-info/PKG-INFO
[10.914s] writing dependency_links to ../../build/seano_logger/seano_logger.egg-info/dependency_links.txt
[10.923s] writing entry points to ../../build/seano_logger/seano_logger.egg-info/entry_points.txt
[10.928s] writing requirements to ../../build/seano_logger/seano_logger.egg-info/requires.txt
[10.942s] writing top-level names to ../../build/seano_logger/seano_logger.egg-info/top_level.txt
[11.112s] reading manifest file '../../build/seano_logger/seano_logger.egg-info/SOURCES.txt'
[11.117s] writing manifest file '../../build/seano_logger/seano_logger.egg-info/SOURCES.txt'
[11.120s] running build
[11.120s] running build_py
[11.122s] copying seano_logger/logger_node.py -> /home/seano/resource_git/seano-logger/build/seano_logger/build/lib/seano_logger
[11.143s] copying seano_logger/__init__.py -> /home/seano/resource_git/seano-logger/build/seano_logger/build/lib/seano_logger
[11.150s] running install
[11.168s] running install_lib
[11.258s] running install_data
[11.260s] copying resource/seano_logger -> /home/seano/resource_git/seano-logger/install/seano_logger/share/ament_index/resource_index/packages
[11.275s] copying package.xml -> /home/seano/resource_git/seano-logger/install/seano_logger/share/seano_logger
[11.277s] copying launch/seano_all.launch.py -> /home/seano/resource_git/seano-logger/install/seano_logger/share/seano_logger/launch
[11.307s] running install_egg_info
[11.662s] removing '/home/seano/resource_git/seano-logger/install/seano_logger/lib/python3.10/site-packages/seano_logger-0.0.0-py3.10.egg-info' (and everything under it)
[11.662s] Copying ../../build/seano_logger/seano_logger.egg-info to /home/seano/resource_git/seano-logger/install/seano_logger/lib/python3.10/site-packages/seano_logger-0.0.0-py3.10.egg-info
[11.702s] running install_scripts
[12.611s] Installing logger_node script to /home/seano/resource_git/seano-logger/install/seano_logger/lib/seano_logger
[12.621s] writing list of installed files to '/home/seano/resource_git/seano-logger/build/seano_logger/install.log'
[13.034s] Invoked command in '/home/seano/resource_git/seano-logger/src/seano_logger' returned '0': PYTHONPATH=/home/seano/resource_git/seano-logger/build/seano_logger/prefix_override:/usr/lib/python3/dist-packages/colcon_core/task/python/colcon_distutils_commands:/home/seano/resource_git/seano-logger/install/seano_logger/lib/python3.10/site-packages:${PYTHONPATH} /usr/bin/python3 -W ignore:setup.py install is deprecated -W ignore:easy_install command is deprecated setup.py egg_info --egg-base ../../build/seano_logger build --build-base /home/seano/resource_git/seano-logger/build/seano_logger/build install --record /home/seano/resource_git/seano-logger/build/seano_logger/install.log --single-version-externally-managed install_data
