[2.281s] Invoking command in '/home/seano/resource_git/seano-logger/src/seano_sensors': PYTHONPATH=/home/seano/resource_git/seano-logger/build/seano_sensors/prefix_override:/usr/lib/python3/dist-packages/colcon_core/task/python/colcon_distutils_commands:/home/seano/resource_git/seano-logger/install/seano_sensors/lib/python3.10/site-packages:${PYTHONPATH} /usr/bin/python3 -W ignore:setup.py install is deprecated -W ignore:easy_install command is deprecated setup.py egg_info --egg-base ../../build/seano_sensors build --build-base /home/seano/resource_git/seano-logger/build/seano_sensors/build install --record /home/seano/resource_git/seano-logger/build/seano_sensors/install.log --single-version-externally-managed install_data
[2.943s] running egg_info
[2.982s] creating ../../build/seano_sensors/seano_sensors.egg-info
[2.983s] writing ../../build/seano_sensors/seano_sensors.egg-info/PKG-INFO
[2.989s] writing dependency_links to ../../build/seano_sensors/seano_sensors.egg-info/dependency_links.txt
[2.989s] writing entry points to ../../build/seano_sensors/seano_sensors.egg-info/entry_points.txt
[2.989s] writing requirements to ../../build/seano_sensors/seano_sensors.egg-info/requires.txt
[2.990s] writing top-level names to ../../build/seano_sensors/seano_sensors.egg-info/top_level.txt
[2.990s] writing manifest file '../../build/seano_sensors/seano_sensors.egg-info/SOURCES.txt'
[3.073s] reading manifest file '../../build/seano_sensors/seano_sensors.egg-info/SOURCES.txt'
[3.076s] writing manifest file '../../build/seano_sensors/seano_sensors.egg-info/SOURCES.txt'
[3.078s] running build
[3.078s] running build_py
[3.078s] creating /home/seano/resource_git/seano-logger/build/seano_sensors/build/lib/seano_sensors
[3.082s] copying seano_sensors/ctd_reader.py -> /home/seano/resource_git/seano-logger/build/seano_sensors/build/lib/seano_sensors
[3.082s] copying seano_sensors/gps_reader.py -> /home/seano/resource_git/seano-logger/build/seano_sensors/build/lib/seano_sensors
[3.082s] copying seano_sensors/battery_reader.py -> /home/seano/resource_git/seano-logger/build/seano_sensors/build/lib/seano_sensors
[3.083s] copying seano_sensors/imu_reader.py -> /home/seano/resource_git/seano-logger/build/seano_sensors/build/lib/seano_sensors
[3.083s] copying seano_sensors/sbes_reader.py -> /home/seano/resource_git/seano-logger/build/seano_sensors/build/lib/seano_sensors
[3.085s] copying seano_sensors/__init__.py -> /home/seano/resource_git/seano-logger/build/seano_sensors/build/lib/seano_sensors
[3.085s] copying seano_sensors/adcp_reader.py -> /home/seano/resource_git/seano-logger/build/seano_sensors/build/lib/seano_sensors
[3.086s] running install
[3.095s] running install_lib
[3.136s] creating /home/seano/resource_git/seano-logger/install/seano_sensors/lib/python3.10/site-packages/seano_sensors
[3.136s] copying /home/seano/resource_git/seano-logger/build/seano_sensors/build/lib/seano_sensors/ctd_reader.py -> /home/seano/resource_git/seano-logger/install/seano_sensors/lib/python3.10/site-packages/seano_sensors
[3.136s] copying /home/seano/resource_git/seano-logger/build/seano_sensors/build/lib/seano_sensors/gps_reader.py -> /home/seano/resource_git/seano-logger/install/seano_sensors/lib/python3.10/site-packages/seano_sensors
[3.137s] copying /home/seano/resource_git/seano-logger/build/seano_sensors/build/lib/seano_sensors/battery_reader.py -> /home/seano/resource_git/seano-logger/install/seano_sensors/lib/python3.10/site-packages/seano_sensors
[3.137s] copying /home/seano/resource_git/seano-logger/build/seano_sensors/build/lib/seano_sensors/imu_reader.py -> /home/seano/resource_git/seano-logger/install/seano_sensors/lib/python3.10/site-packages/seano_sensors
[3.137s] copying /home/seano/resource_git/seano-logger/build/seano_sensors/build/lib/seano_sensors/sbes_reader.py -> /home/seano/resource_git/seano-logger/install/seano_sensors/lib/python3.10/site-packages/seano_sensors
[3.137s] copying /home/seano/resource_git/seano-logger/build/seano_sensors/build/lib/seano_sensors/__init__.py -> /home/seano/resource_git/seano-logger/install/seano_sensors/lib/python3.10/site-packages/seano_sensors
[3.137s] copying /home/seano/resource_git/seano-logger/build/seano_sensors/build/lib/seano_sensors/adcp_reader.py -> /home/seano/resource_git/seano-logger/install/seano_sensors/lib/python3.10/site-packages/seano_sensors
[3.139s] byte-compiling /home/seano/resource_git/seano-logger/install/seano_sensors/lib/python3.10/site-packages/seano_sensors/ctd_reader.py to ctd_reader.cpython-310.pyc
[3.141s] byte-compiling /home/seano/resource_git/seano-logger/install/seano_sensors/lib/python3.10/site-packages/seano_sensors/gps_reader.py to gps_reader.cpython-310.pyc
[3.143s] byte-compiling /home/seano/resource_git/seano-logger/install/seano_sensors/lib/python3.10/site-packages/seano_sensors/battery_reader.py to battery_reader.cpython-310.pyc
[3.144s] byte-compiling /home/seano/resource_git/seano-logger/install/seano_sensors/lib/python3.10/site-packages/seano_sensors/imu_reader.py to imu_reader.cpython-310.pyc
[3.145s] byte-compiling /home/seano/resource_git/seano-logger/install/seano_sensors/lib/python3.10/site-packages/seano_sensors/sbes_reader.py to sbes_reader.cpython-310.pyc
[3.146s] byte-compiling /home/seano/resource_git/seano-logger/install/seano_sensors/lib/python3.10/site-packages/seano_sensors/__init__.py to __init__.cpython-310.pyc
[3.147s] byte-compiling /home/seano/resource_git/seano-logger/install/seano_sensors/lib/python3.10/site-packages/seano_sensors/adcp_reader.py to adcp_reader.cpython-310.pyc
[3.148s] running install_data
[3.149s] creating /home/seano/resource_git/seano-logger/install/seano_sensors/share/ament_index/resource_index/packages
[3.150s] copying resource/seano_sensors -> /home/seano/resource_git/seano-logger/install/seano_sensors/share/ament_index/resource_index/packages
[3.150s] copying package.xml -> /home/seano/resource_git/seano-logger/install/seano_sensors/share/seano_sensors
[3.150s] running install_egg_info
[3.193s] Copying ../../build/seano_sensors/seano_sensors.egg-info to /home/seano/resource_git/seano-logger/install/seano_sensors/lib/python3.10/site-packages/seano_sensors-0.0.0-py3.10.egg-info
[3.196s] running install_scripts
[3.512s] Installing adcp_reader script to /home/seano/resource_git/seano-logger/install/seano_sensors/lib/seano_sensors
[3.514s] Installing battery_reader script to /home/seano/resource_git/seano-logger/install/seano_sensors/lib/seano_sensors
[3.515s] Installing ctd_reader script to /home/seano/resource_git/seano-logger/install/seano_sensors/lib/seano_sensors
[3.516s] Installing gps_reader script to /home/seano/resource_git/seano-logger/install/seano_sensors/lib/seano_sensors
[3.517s] Installing imu_reader script to /home/seano/resource_git/seano-logger/install/seano_sensors/lib/seano_sensors
[3.517s] Installing sbes_reader script to /home/seano/resource_git/seano-logger/install/seano_sensors/lib/seano_sensors
[3.519s] writing list of installed files to '/home/seano/resource_git/seano-logger/build/seano_sensors/install.log'
[3.634s] Invoked command in '/home/seano/resource_git/seano-logger/src/seano_sensors' returned '0': PYTHONPATH=/home/seano/resource_git/seano-logger/build/seano_sensors/prefix_override:/usr/lib/python3/dist-packages/colcon_core/task/python/colcon_distutils_commands:/home/seano/resource_git/seano-logger/install/seano_sensors/lib/python3.10/site-packages:${PYTHONPATH} /usr/bin/python3 -W ignore:setup.py install is deprecated -W ignore:easy_install command is deprecated setup.py egg_info --egg-base ../../build/seano_sensors build --build-base /home/seano/resource_git/seano-logger/build/seano_sensors/build install --record /home/seano/resource_git/seano-logger/build/seano_sensors/install.log --single-version-externally-managed install_data
